all_percs is not equal to percs_of_percs for percentile 60: $VAR1 = [
          'data',
          {
            'percs_of_percs' => 598,
            'all_percs' => 599,
            'means_of_percs' => '631.666666666667'
          },
          'table',
          {
            '98' => {
                      'all_percs' => 980,
                      'means_of_percs' => '975.333333333333',
                      'percs_of_percs' => 980
                    },
            '70' => {
                      'all_percs' => 699,
                      'means_of_percs' => '764',
                      'percs_of_percs' => 699
                    },
            '80' => {
                      'all_percs' => 800,
                      'means_of_percs' => '848',
                      'percs_of_percs' => 800
                    },
            '99' => {
                      'percs_of_percs' => 990,
                      'means_of_percs' => '982.333333333333',
                      'all_percs' => 990
                    },
            '95' => {
                      'percs_of_percs' => 950,
                      'means_of_percs' => '955',
                      'all_percs' => 950
                    },
            '50' => {
                      'all_percs' => 499,
                      'means_of_percs' => '449',
                      'percs_of_percs' => 499
                    },
            '20' => {
                      'means_of_percs' => '172',
                      'all_percs' => 199,
                      'percs_of_percs' => 199
                    },
            '90' => {
                      'percs_of_percs' => 900,
                      'means_of_percs' => '917.333333333333',
                      'all_percs' => 900
                    },
            '100' => {
                       'means_of_percs' => '992.333333333333',
                       'all_percs' => 999,
                       'percs_of_percs' => 999
                     },
            '60' => $VAR1->[1],
            '30' => {
                      'means_of_percs' => '261',
                      'all_percs' => '299',
                      'percs_of_percs' => '299'
                    },
            '40' => {
                      'means_of_percs' => '371.666666666667',
                      'all_percs' => '399',
                      'percs_of_percs' => '399'
                    }
          },
          'slices',
          {
            'c' => {
                     'cnt' => 10000,
                     'avg' => '501.4029',
                     'perc' => {
                                 '40' => '401',
                                 '30' => '300',
                                 '20' => '202',
                                 '90' => '899',
                                 '100' => '999',
                                 '60' => '607',
                                 '70' => '702',
                                 '98' => '980',
                                 '80' => '801',
                                 '95' => '949',
                                 '99' => '991',
                                 '50' => '504'
                               },
                     'kind' => 'symmetric',
                     'sum' => 5014029,
                     'stddev' => '289.147914693483',
                     'skew' => '-0.0173455109813106'
                   },
            'b' => {
                     'skew' => '-0.0627055887484904',
                     'stddev' => '366.804866379932',
                     'cnt' => 10,
                     'avg' => '542.7',
                     'perc' => {
                                 '50' => '344',
                                 '95' => '966',
                                 '99' => '966',
                                 '80' => '943',
                                 '98' => '966',
                                 '70' => '891',
                                 '40' => '315',
                                 '30' => '184',
                                 '60' => '690',
                                 '100' => '979',
                                 '20' => '115',
                                 '90' => '953'
                               },
                     'kind' => 'symmetric',
                     'sum' => 5427
                   },
            'a' => {
                     'stddev' => '288.812665110164',
                     'skew' => '0.00170647233473503',
                     'avg' => '499.206497',
                     'cnt' => 1000000,
                     'sum' => 499206497,
                     'kind' => 'symmetric',
                     'perc' => {
                                 '80' => '800',
                                 '98' => '980',
                                 '70' => '699',
                                 '50' => '499',
                                 '99' => '990',
                                 '95' => '950',
                                 '30' => '299',
                                 '40' => '399',
                                 '100' => '999',
                                 '90' => '900',
                                 '20' => '199',
                                 '60' => '598'
                               }
                   }
          }
        ];
