$VAR1 = [
          'table',
          {
            '98' => {
                      'means_of_percs' => '969.166666666667',
                      'all_percs' => 979,
                      'percs_of_percs' => 979
                    },
            '40' => {
                      'means_of_percs' => '376',
                      'percs_of_percs' => 400,
                      'all_percs' => 400
                    },
            '30' => {
                      'all_percs' => 300,
                      'percs_of_percs' => 300,
                      'means_of_percs' => '307.666666666667'
                    },
            '100' => {
                       'percs_of_percs' => 999,
                       'all_percs' => 999,
                       'means_of_percs' => '984.666666666667'
                     },
            '90' => {
                      'percs_of_percs' => 899,
                      'all_percs' => 899,
                      'means_of_percs' => '910.666666666667'
                    },
            '20' => {
                      'means_of_percs' => '189.333333333333',
                      'all_percs' => 200,
                      'percs_of_percs' => 200
                    },
            '95' => {
                      'means_of_percs' => '949.166666666667',
                      'all_percs' => 949,
                      'percs_of_percs' => 949
                    },
            '80' => {
                      'all_percs' => 799,
                      'percs_of_percs' => 799,
                      'means_of_percs' => '839.666666666667'
                    },
            '99' => {
                      'means_of_percs' => '975.5',
                      'percs_of_percs' => 990,
                      'all_percs' => 990
                    },
            '60' => {
                      'all_percs' => 600,
                      'percs_of_percs' => 600,
                      'means_of_percs' => '659.666666666667'
                    },
            '70' => {
                      'means_of_percs' => '751',
                      'all_percs' => 699,
                      'percs_of_percs' => 699
                    },
            '50' => {
                      'means_of_percs' => '466',
                      'percs_of_percs' => 500,
                      'all_percs' => 500
                    }
          },
          'slices',
          {
            'b' => {
                     'avg' => '577.8',
                     'kind' => 'symmetric',
                     'perc' => {
                                 '60' => '786',
                                 '50' => '407',
                                 '70' => '862',
                                 '80' => '927',
                                 '20' => '173',
                                 '95' => '947.5',
                                 '90' => '939',
                                 '98' => '947.5',
                                 '100' => '956',
                                 '30' => '329',
                                 '40' => '336',
                                 '99' => '947.5'
                               },
                     'stddev' => '331.358054074441',
                     'sum' => 5778,
                     'skew' => '-0.169046528189886',
                     'cnt' => 10
                   },
            'a' => {
                     'sum' => 499584716,
                     'skew' => '-0.000788853110794081',
                     'cnt' => 1000000,
                     'avg' => '499.584716',
                     'stddev' => '288.502548694451',
                     'perc' => {
                                 '99' => '990',
                                 '80' => '799',
                                 '95' => '949',
                                 '90' => '899',
                                 '20' => '200',
                                 '98' => '979',
                                 '100' => '999',
                                 '40' => '400',
                                 '30' => '300',
                                 '50' => '500',
                                 '70' => '699',
                                 '60' => '600'
                               },
                     'kind' => 'symmetric'
                   },
            'c' => {
                     'stddev' => '288.639459138888',
                     'perc' => {
                                 '70' => '692',
                                 '50' => '491',
                                 '60' => '593',
                                 '99' => '989',
                                 '100' => '999',
                                 '98' => '981',
                                 '40' => '392',
                                 '30' => '294',
                                 '95' => '951',
                                 '20' => '195',
                                 '90' => '894',
                                 '80' => '793'
                               },
                     'kind' => 'symmetric',
                     'avg' => '494.3599',
                     'cnt' => 10000,
                     'sum' => 4943599,
                     'skew' => '0.0223264845017076'
                   }
          }
        ];
