all_percs is not equal to percs_of_percs for percentile 95: $VAR1 = [
          'data',
          {
            'means_of_percs' => '167523.5',
            'all_percs' => 956,
            'percs_of_percs' => 950
          },
          'table',
          {
            '95' => $VAR1->[1],
            '99' => {
                      'percs_of_percs' => '989',
                      'all_percs' => '996',
                      'means_of_percs' => '167622.5'
                    },
            '60' => {
                      'percs_of_percs' => '599',
                      'means_of_percs' => '2712',
                      'all_percs' => '603'
                    },
            '40' => {
                      'all_percs' => '403',
                      'means_of_percs' => '2395.16666666667',
                      'percs_of_percs' => '400'
                    },
            '90' => {
                      'all_percs' => '905',
                      'means_of_percs' => '167401.666666667',
                      'percs_of_percs' => '899'
                    },
            '20' => {
                      'percs_of_percs' => '200',
                      'means_of_percs' => '355.666666666667',
                      'all_percs' => '201'
                    },
            '80' => {
                      'percs_of_percs' => '799',
                      'means_of_percs' => '4814.83333333333',
                      'all_percs' => '805'
                    },
            '98' => {
                      'percs_of_percs' => '979',
                      'all_percs' => '986',
                      'means_of_percs' => '167597.833333333'
                    },
            '100' => {
                       'all_percs' => '500999',
                       'means_of_percs' => '167647.666666667',
                       'percs_of_percs' => '500999'
                     },
            '50' => {
                      'percs_of_percs' => '500',
                      'all_percs' => '503',
                      'means_of_percs' => '2541'
                    },
            '70' => {
                      'percs_of_percs' => '700',
                      'means_of_percs' => '4556.66666666667',
                      'all_percs' => '704'
                    },
            '30' => {
                      'percs_of_percs' => '300',
                      'all_percs' => '302',
                      'means_of_percs' => '572.833333333333'
                    }
          },
          'slices',
          {
            'b' => {
                     'stddev' => '272.592076187112',
                     'perc' => {
                                 '20' => '267',
                                 '90' => '929',
                                 '40' => '582',
                                 '60' => '724',
                                 '99' => '937',
                                 '95' => '937',
                                 '30' => '520',
                                 '70' => '755',
                                 '50' => '617',
                                 '100' => '945',
                                 '98' => '937',
                                 '80' => '824'
                               },
                     'kind' => 'symmetric',
                     'skew' => '-0.810311657045501',
                     'avg' => '620.4',
                     'sum' => 6204,
                     'cnt' => 10
                   },
            'a' => {
                     'avg' => '499.55652',
                     'sum' => 499556520,
                     'cnt' => 1000000,
                     'stddev' => '288.556112341231',
                     'skew' => '-0.000863412725715405',
                     'kind' => 'symmetric',
                     'perc' => {
                                 '30' => '300',
                                 '70' => '700',
                                 '50' => '500',
                                 '100' => '999',
                                 '98' => '979',
                                 '80' => '799',
                                 '20' => '200',
                                 '90' => '899',
                                 '40' => '400',
                                 '60' => '599',
                                 '99' => '989',
                                 '95' => '950'
                               }
                   },
            'c' => {
                     'avg' => '89907.6533653365',
                     'cnt' => 9999,
                     'sum' => 898986626,
                     'stddev' => '186463.166876161',
                     'perc' => {
                                 '30' => '898.5',
                                 '70' => '12215',
                                 '50' => '6506',
                                 '100' => '500999',
                                 '98' => '500877.5',
                                 '80' => '12821.5',
                                 '20' => '600',
                                 '90' => '500377',
                                 '40' => '6203.5',
                                 '60' => '6813',
                                 '99' => '500941.5',
                                 '95' => '500683.5'
                               },
                     'skew' => '1.74650728577519',
                     'kind' => 'asymmetric'
                   }
          }
        ];
