all_percs is not equal to percs_of_percs for percentile 60: $VAR1 = [
          'data',
          {
            'percs_of_percs' => 599,
            'all_percs' => 600,
            'means_of_percs' => '509'
          },
          'table',
          {
            '90' => {
                      'means_of_percs' => '800.333333333333',
                      'all_percs' => 899,
                      'percs_of_percs' => 899
                    },
            '50' => {
                      'percs_of_percs' => 499,
                      'all_percs' => 499,
                      'means_of_percs' => '431.666666666667'
                    },
            '60' => $VAR1->[1],
            '80' => {
                      'means_of_percs' => '664.333333333333',
                      'all_percs' => '799',
                      'percs_of_percs' => '799'
                    },
            '70' => {
                      'means_of_percs' => '580.333333333333',
                      'percs_of_percs' => '699',
                      'all_percs' => '699'
                    },
            '40' => {
                      'percs_of_percs' => '399',
                      'all_percs' => '399',
                      'means_of_percs' => '355'
                    },
            '30' => {
                      'means_of_percs' => '268.333333333333',
                      'all_percs' => '300',
                      'percs_of_percs' => '300'
                    },
            '100' => {
                       'means_of_percs' => '905.666666666667',
                       'percs_of_percs' => '999',
                       'all_percs' => '999'
                     },
            '95' => {
                      'percs_of_percs' => '949',
                      'all_percs' => '950',
                      'means_of_percs' => '852.5'
                    },
            '98' => {
                      'percs_of_percs' => '980',
                      'all_percs' => '980',
                      'means_of_percs' => '872.833333333333'
                    },
            '20' => {
                      'percs_of_percs' => '200',
                      'all_percs' => '200',
                      'means_of_percs' => '199'
                    },
            '99' => {
                      'all_percs' => '990',
                      'percs_of_percs' => '990',
                      'means_of_percs' => '878.833333333333'
                    }
          },
          'slices',
          {
            'b' => {
                     'perc' => {
                                 '90' => '596',
                                 '60' => '318',
                                 '50' => '288',
                                 '100' => '719',
                                 '30' => '209',
                                 '80' => '387',
                                 '40' => '263',
                                 '70' => '335',
                                 '20' => '201',
                                 '99' => '657.5',
                                 '98' => '657.5',
                                 '95' => '657.5'
                               },
                     'cnt' => 10,
                     'avg' => '340.7',
                     'sum' => 3407,
                     'skew' => '0.871778335925013',
                     'stddev' => '178.607418658912',
                     'kind' => 'symmetric'
                   },
            'a' => {
                     'perc' => {
                                 '70' => '699',
                                 '80' => '799',
                                 '40' => '399',
                                 '30' => '300',
                                 '100' => '999',
                                 '95' => '949',
                                 '98' => '980',
                                 '20' => '200',
                                 '99' => '990',
                                 '90' => '899',
                                 '50' => '499',
                                 '60' => '599'
                               },
                     'avg' => '499.386082',
                     'cnt' => 1000000,
                     'skew' => '0.000650176386423185',
                     'stddev' => '288.568661872133',
                     'sum' => 499386082,
                     'kind' => 'symmetric'
                   },
            'c' => {
                     'perc' => {
                                 '20' => '196',
                                 '99' => '989',
                                 '98' => '981',
                                 '95' => '951',
                                 '30' => '296',
                                 '100' => '999',
                                 '80' => '807',
                                 '70' => '707',
                                 '40' => '403',
                                 '60' => '610',
                                 '50' => '508',
                                 '90' => '906'
                               },
                     'cnt' => 10000,
                     'avg' => '503.435',
                     'sum' => 5034350,
                     'stddev' => '291.113477831239',
                     'skew' => '-0.0166793764689703',
                     'kind' => 'symmetric'
                   }
          }
        ];
