all_percs is not equal to percs_of_percs for percentile 70: $VAR1 = [
          'data',
          {
            'all_percs' => 500396,
            'means_of_percs' => '171104.666666667',
            'percs_of_percs' => 500400
          },
          'table',
          {
            '70' => $VAR1->[1],
            '99' => {
                      'means_of_percs' => '334268.333333333',
                      'all_percs' => '500979',
                      'percs_of_percs' => '500979'
                    },
            '30' => {
                      'all_percs' => '601',
                      'means_of_percs' => '607.333333333333',
                      'percs_of_percs' => '599'
                    },
            '100' => {
                       'percs_of_percs' => '500999',
                       'means_of_percs' => '334315',
                       'all_percs' => '500999'
                     },
            '98' => {
                      'percs_of_percs' => '500959',
                      'means_of_percs' => '334242.166666667',
                      'all_percs' => '500959'
                    },
            '95' => {
                      'percs_of_percs' => '500899',
                      'means_of_percs' => '334164.166666667',
                      'all_percs' => '500899'
                    },
            '50' => {
                      'percs_of_percs' => '999',
                      'means_of_percs' => '2642.66666666667',
                      'all_percs' => '6489'
                    },
            '20' => {
                      'all_percs' => '400',
                      'means_of_percs' => '417',
                      'percs_of_percs' => '399'
                    },
            '80' => {
                      'percs_of_percs' => '500599',
                      'all_percs' => '500597',
                      'means_of_percs' => '171401.166666667'
                    },
            '40' => {
                      'percs_of_percs' => '799',
                      'all_percs' => '802',
                      'means_of_percs' => '2455.66666666667'
                    },
            '60' => {
                      'percs_of_percs' => '500199',
                      'means_of_percs' => '169220.333333333',
                      'all_percs' => '500194'
                    },
            '90' => {
                      'percs_of_percs' => '500799',
                      'all_percs' => '500798',
                      'means_of_percs' => '334002.333333333'
                    }
          },
          'slices',
          {
            'a' => {
                     'skew' => '6.30636776308645e-10',
                     'cnt' => 1000000,
                     'perc' => {
                                 '95' => '500899',
                                 '50' => '999',
                                 '20' => '399',
                                 '80' => '500599',
                                 '40' => '799',
                                 '60' => '500199',
                                 '90' => '500799',
                                 '99' => '500979',
                                 '70' => '500400',
                                 '30' => '599',
                                 '98' => '500959',
                                 '100' => '500999'
                               },
                     'stddev' => '250000.364541612',
                     'avg' => '250499.313341',
                     'kind' => 'symmetric',
                     'sum' => '250499313341'
                   },
            'c' => {
                     'sum' => 866753779,
                     'kind' => 'asymmetric',
                     'stddev' => '183543.156033529',
                     'avg' => '86684.0463046305',
                     'cnt' => 9999,
                     'perc' => {
                                 '30' => '899',
                                 '70' => '12185',
                                 '99' => '500944',
                                 '98' => '500885.5',
                                 '100' => '500999',
                                 '20' => '605',
                                 '50' => '6491',
                                 '95' => '500711.5',
                                 '60' => '6799',
                                 '90' => '500391',
                                 '40' => '6196',
                                 '80' => '12793.5'
                               },
                     'skew' => '1.80971633418303'
                   },
            'b' => {
                     'sum' => 5570,
                     'kind' => 'symmetric',
                     'stddev' => '252.197541621642',
                     'avg' => 557,
                     'perc' => {
                                 '100' => '947',
                                 '98' => '882',
                                 '30' => '324',
                                 '70' => '729',
                                 '99' => '882',
                                 '90' => '817',
                                 '60' => '663',
                                 '40' => '372',
                                 '80' => '811',
                                 '20' => '247',
                                 '50' => '438',
                                 '95' => '882'
                               },
                     'cnt' => 10,
                     'skew' => '0.0717490658553798'
                   }
          }
        ];
