$VAR1 = [
          'table',
          {
            '99' => {
                      'all_percs' => 989,
                      'means_of_percs' => '980.5',
                      'percs_of_percs' => 989
                    },
            '30' => {
                      'percs_of_percs' => 299,
                      'means_of_percs' => '436.333333333333',
                      'all_percs' => 299
                    },
            '70' => {
                      'percs_of_percs' => 700,
                      'all_percs' => 700,
                      'means_of_percs' => '774.666666666667'
                    },
            '50' => {
                      'percs_of_percs' => 500,
                      'means_of_percs' => '594',
                      'all_percs' => 500
                    },
            '40' => {
                      'percs_of_percs' => 400,
                      'all_percs' => 400,
                      'means_of_percs' => '525.333333333333'
                    },
            '60' => {
                      'percs_of_percs' => 600,
                      'all_percs' => 600,
                      'means_of_percs' => '688.333333333333'
                    },
            '80' => {
                      'all_percs' => 800,
                      'means_of_percs' => '843',
                      'percs_of_percs' => 800
                    },
            '95' => {
                      'percs_of_percs' => 950,
                      'means_of_percs' => '954.5',
                      'all_percs' => 950
                    },
            '100' => {
                       'all_percs' => 999,
                       'means_of_percs' => '989',
                       'percs_of_percs' => 999
                     },
            '98' => {
                      'means_of_percs' => '974.166666666667',
                      'all_percs' => 979,
                      'percs_of_percs' => 979
                    },
            '20' => {
                      'means_of_percs' => '291.333333333333',
                      'all_percs' => 199,
                      'percs_of_percs' => 199
                    },
            '90' => {
                      'means_of_percs' => '920.333333333333',
                      'all_percs' => 900,
                      'percs_of_percs' => 900
                    }
          },
          'slices',
          {
            'a' => {
                     'stddev' => '288.832234232515',
                     'cnt' => 1000000,
                     'skew' => '-0.00144522223472874',
                     'sum' => 499831515,
                     'perc' => {
                                 '80' => '800',
                                 '40' => '400',
                                 '50' => '500',
                                 '60' => '600',
                                 '99' => '989',
                                 '30' => '299',
                                 '70' => '700',
                                 '90' => '900',
                                 '100' => '999',
                                 '95' => '950',
                                 '20' => '199',
                                 '98' => '979'
                               },
                     'avg' => '499.831515',
                     'kind' => 'symmetric'
                   },
            'c' => {
                     'stddev' => '289.095341522049',
                     'skew' => '0.00605905102758329',
                     'cnt' => 10000,
                     'perc' => {
                                 '99' => '987',
                                 '30' => '300',
                                 '70' => '704',
                                 '40' => '397',
                                 '60' => '602',
                                 '50' => '494',
                                 '80' => '805',
                                 '95' => '948',
                                 '100' => '999',
                                 '98' => '978',
                                 '20' => '198',
                                 '90' => '899'
                               },
                     'sum' => 4994145,
                     'avg' => '499.4145',
                     'kind' => 'symmetric'
                   },
            'b' => {
                     'stddev' => '253.011778381956',
                     'sum' => 7512,
                     'perc' => {
                                 '98' => '965.5',
                                 '20' => '477',
                                 '100' => '969',
                                 '95' => '965.5',
                                 '90' => '962',
                                 '70' => '920',
                                 '99' => '965.5',
                                 '30' => '710',
                                 '40' => '779',
                                 '50' => '788',
                                 '60' => '863',
                                 '80' => '924'
                               },
                     'skew' => '-1.48814018683343',
                     'cnt' => 10,
                     'avg' => '751.2',
                     'kind' => 'asymmetric'
                   }
          }
        ];
