all_percs is not equal to percs_of_percs for percentile 40: $VAR1 = [
          'data',
          {
            'all_percs' => 400,
            'means_of_percs' => '400',
            'percs_of_percs' => 399
          },
          'table',
          {
            '80' => {
                      'all_percs' => 799,
                      'percs_of_percs' => 799,
                      'means_of_percs' => '798'
                    },
            '50' => {
                      'means_of_percs' => '498.666666666667',
                      'percs_of_percs' => 500,
                      'all_percs' => 500
                    },
            '90' => {
                      'means_of_percs' => '897.333333333333',
                      'percs_of_percs' => 899,
                      'all_percs' => 899
                    },
            '40' => $VAR1->[1],
            '99' => {
                      'percs_of_percs' => '990',
                      'means_of_percs' => '989.333333333333',
                      'all_percs' => '990'
                    },
            '20' => {
                      'percs_of_percs' => '200',
                      'means_of_percs' => '200.666666666667',
                      'all_percs' => '200'
                    },
            '70' => {
                      'percs_of_percs' => '700',
                      'means_of_percs' => '698.666666666667',
                      'all_percs' => '699'
                    },
            '60' => {
                      'all_percs' => '599',
                      'means_of_percs' => '596.666666666667',
                      'percs_of_percs' => '600'
                    },
            '95' => {
                      'percs_of_percs' => '949',
                      'means_of_percs' => '948.666666666667',
                      'all_percs' => '949'
                    },
            '30' => {
                      'all_percs' => '299',
                      'means_of_percs' => '299.333333333333',
                      'percs_of_percs' => '299'
                    },
            '98' => {
                      'means_of_percs' => '979.333333333333',
                      'percs_of_percs' => '979',
                      'all_percs' => '979'
                    },
            '100' => {
                       'percs_of_percs' => '500940',
                       'means_of_percs' => '167646',
                       'all_percs' => '500940'
                     }
          },
          'slices',
          {
            'c' => {
                     'stddev' => '286.491104904567',
                     'perc' => {
                                 '100' => '999',
                                 '98' => '980',
                                 '30' => '299',
                                 '95' => '948',
                                 '60' => '591',
                                 '70' => '697',
                                 '20' => '202',
                                 '99' => '989',
                                 '50' => '496',
                                 '40' => '401',
                                 '90' => '894',
                                 '80' => '796'
                               },
                     'cnt' => 10000,
                     'skew' => '0.0127796518948264',
                     'avg' => '497.4416',
                     'kind' => 'symmetric',
                     'sum' => 4974416
                   },
            'a' => {
                     'avg' => '499.532822',
                     'skew' => '-0.0012368760342782',
                     'sum' => 499532822,
                     'kind' => 'symmetric',
                     'stddev' => '288.710705760461',
                     'perc' => {
                                 '100' => '999',
                                 '95' => '949',
                                 '30' => '299',
                                 '98' => '979',
                                 '99' => '990',
                                 '20' => '200',
                                 '70' => '700',
                                 '60' => '600',
                                 '80' => '799',
                                 '50' => '500',
                                 '90' => '899',
                                 '40' => '400'
                               },
                     'cnt' => 1000000
                   },
            'b' => {
                     'stddev' => '2132.92914975712',
                     'perc' => {
                                 '100' => '500940',
                                 '98' => '979',
                                 '30' => '300',
                                 '95' => '949',
                                 '60' => '599',
                                 '70' => '699',
                                 '20' => '200',
                                 '99' => '989',
                                 '40' => '399',
                                 '50' => '500',
                                 '90' => '899',
                                 '80' => '799'
                               },
                     'cnt' => 700020,
                     'avg' => '510.248285763264',
                     'skew' => '207.128540062275',
                     'sum' => 357184005,
                     'kind' => 'asymmetric'
                   }
          }
        ];
