all_percs is not equal to percs_of_percs for percentile 20: $VAR1 = [
          'data',
          {
            'means_of_percs' => '215.666666666667',
            'all_percs' => 396,
            'percs_of_percs' => 400
          },
          'table',
          {
            '20' => $VAR1->[1],
            '80' => {
                      'percs_of_percs' => '500600',
                      'all_percs' => '500596',
                      'means_of_percs' => '167425.666666667'
                    },
            '60' => {
                      'means_of_percs' => '167102.333333333',
                      'all_percs' => '500191',
                      'percs_of_percs' => '500199'
                    },
            '50' => {
                      'all_percs' => '990',
                      'percs_of_percs' => '999',
                      'means_of_percs' => '641.333333333333'
                    },
            '100' => {
                       'means_of_percs' => '167662.666666667',
                       'all_percs' => '500999',
                       'percs_of_percs' => '500999'
                     },
            '70' => {
                      'means_of_percs' => '167295',
                      'all_percs' => '500394',
                      'percs_of_percs' => '500400'
                    },
            '98' => {
                      'means_of_percs' => '167630.333333333',
                      'percs_of_percs' => '500959',
                      'all_percs' => '500959'
                    },
            '30' => {
                      'all_percs' => '594',
                      'percs_of_percs' => '600',
                      'means_of_percs' => '400'
                    },
            '90' => {
                      'means_of_percs' => '167537.333333333',
                      'percs_of_percs' => '500800',
                      'all_percs' => '500798'
                    },
            '40' => {
                      'percs_of_percs' => '799',
                      'all_percs' => '792',
                      'means_of_percs' => '531.666666666667'
                    },
            '95' => {
                      'means_of_percs' => '167600',
                      'all_percs' => '500899',
                      'percs_of_percs' => '500900'
                    },
            '99' => {
                      'means_of_percs' => '167640.333333333',
                      'percs_of_percs' => '500980',
                      'all_percs' => '500979'
                    }
          },
          'slices',
          {
            'b' => {
                     'perc' => {
                                 '99' => '953',
                                 '95' => '953',
                                 '90' => '916',
                                 '40' => '405',
                                 '98' => '953',
                                 '30' => '306',
                                 '50' => '434',
                                 '70' => '789',
                                 '100' => '990',
                                 '20' => '51',
                                 '80' => '878',
                                 '60' => '514'
                               },
                     'kind' => 'symmetric',
                     'stddev' => '329.355977629069',
                     'skew' => '-0.0876524449748211',
                     'cnt' => 10,
                     'sum' => 5332,
                     'avg' => '533.2'
                   },
            'a' => {
                     'kind' => 'symmetric',
                     'stddev' => '250000.207705931',
                     'perc' => {
                                 '30' => '600',
                                 '98' => '500959',
                                 '70' => '500400',
                                 '100' => '500999',
                                 '50' => '999',
                                 '60' => '500199',
                                 '80' => '500600',
                                 '20' => '400',
                                 '99' => '500980',
                                 '95' => '500900',
                                 '40' => '799',
                                 '90' => '500800'
                               },
                     'skew' => '4.07223575363409e-09',
                     'sum' => '250499797211',
                     'cnt' => 1000000,
                     'avg' => '250499.797211'
                   },
            'c' => {
                     'perc' => {
                                 '40' => '391',
                                 '90' => '896',
                                 '99' => '988',
                                 '95' => '947',
                                 '70' => '696',
                                 '100' => '999',
                                 '50' => '491',
                                 '80' => '799',
                                 '60' => '594',
                                 '20' => '196',
                                 '30' => '294',
                                 '98' => '979'
                               },
                     'kind' => 'symmetric',
                     'stddev' => '289.119497538284',
                     'skew' => '0.0166252061009729',
                     'cnt' => 10000,
                     'sum' => 4956111,
                     'avg' => '495.6111'
                   }
          }
        ];
