all_percs is not equal to percs_of_percs for percentile 80: $VAR1 = [
          'data',
          {
            'all_percs' => 805,
            'percs_of_percs' => 799,
            'means_of_percs' => '4792.16666666667'
          },
          'table',
          {
            '80' => $VAR1->[1],
            '70' => {
                      'means_of_percs' => '4542.16666666667',
                      'percs_of_percs' => '699',
                      'all_percs' => '704'
                    },
            '90' => {
                      'means_of_percs' => '167367.666666667',
                      'percs_of_percs' => '899',
                      'all_percs' => '905'
                    },
            '30' => {
                      'all_percs' => '302',
                      'percs_of_percs' => '300',
                      'means_of_percs' => '485'
                    },
            '100' => {
                       'means_of_percs' => '167656',
                       'percs_of_percs' => '500999',
                       'all_percs' => '500999'
                     },
            '99' => {
                      'means_of_percs' => '167606.666666667',
                      'percs_of_percs' => '990',
                      'all_percs' => '996'
                    },
            '50' => {
                      'percs_of_percs' => '500',
                      'means_of_percs' => '2542.5',
                      'all_percs' => '503'
                    },
            '60' => {
                      'all_percs' => '603',
                      'means_of_percs' => '2703.16666666667',
                      'percs_of_percs' => '599'
                    },
            '20' => {
                      'percs_of_percs' => '200',
                      'means_of_percs' => '344.333333333333',
                      'all_percs' => '201'
                    },
            '98' => {
                      'percs_of_percs' => '980',
                      'means_of_percs' => '167584.666666667',
                      'all_percs' => '986'
                    },
            '95' => {
                      'all_percs' => '956',
                      'percs_of_percs' => '949',
                      'means_of_percs' => '167511.166666667'
                    },
            '40' => {
                      'all_percs' => '402',
                      'means_of_percs' => '2387',
                      'percs_of_percs' => '400'
                    }
          },
          'slices',
          {
            'c' => {
                     'sum' => 862380849,
                     'stddev' => '183135.547480237',
                     'skew' => '1.81857120303756',
                     'perc' => {
                                 '60' => '6800.5',
                                 '50' => '6501.5',
                                 '99' => '500941',
                                 '30' => '901',
                                 '100' => '500999',
                                 '90' => '500396',
                                 '70' => '12198.5',
                                 '80' => '12787.5',
                                 '40' => '6199',
                                 '95' => '500695.5',
                                 '98' => '500885',
                                 '20' => '601'
                               },
                     'avg' => '86246.7095709571',
                     'cnt' => 9999,
                     'kind' => 'asymmetric'
                   },
            'a' => {
                     'avg' => '499.591039',
                     'skew' => '-0.000275531321434609',
                     'perc' => {
                                 '90' => '899',
                                 '80' => '799',
                                 '70' => '699',
                                 '30' => '300',
                                 '100' => '999',
                                 '99' => '990',
                                 '50' => '500',
                                 '60' => '599',
                                 '20' => '200',
                                 '98' => '980',
                                 '40' => '400',
                                 '95' => '949'
                               },
                     'stddev' => '288.467874658347',
                     'sum' => 499591039,
                     'kind' => 'symmetric',
                     'cnt' => 1000000
                   },
            'b' => {
                     'cnt' => 10,
                     'kind' => 'symmetric',
                     'sum' => 5809,
                     'stddev' => '268.589072748688',
                     'skew' => '-0.43896772117472',
                     'perc' => {
                                 '100' => '970',
                                 '30' => '254',
                                 '90' => '808',
                                 '80' => '790',
                                 '70' => '729',
                                 '99' => '889',
                                 '50' => '626',
                                 '60' => '710',
                                 '98' => '889',
                                 '20' => '232',
                                 '40' => '562',
                                 '95' => '889'
                               },
                     'avg' => '580.9'
                   }
          }
        ];
