all_percs is not equal to percs_of_percs for percentile 50: $VAR1 = [
          'data',
          {
            'percs_of_percs' => 500,
            'means_of_percs' => '491.333333333333',
            'all_percs' => 499
          },
          'table',
          {
            '98' => {
                      'all_percs' => 980,
                      'percs_of_percs' => 980,
                      'means_of_percs' => '981.666666666667'
                    },
            '30' => {
                      'all_percs' => 299,
                      'means_of_percs' => '334.333333333333',
                      'percs_of_percs' => 299
                    },
            '70' => {
                      'means_of_percs' => '660.666666666667',
                      'percs_of_percs' => 700,
                      'all_percs' => 700
                    },
            '100' => {
                       'percs_of_percs' => 999,
                       'means_of_percs' => '997.333333333333',
                       'all_percs' => 999
                     },
            '20' => {
                      'all_percs' => 199,
                      'percs_of_percs' => 199,
                      'means_of_percs' => '244'
                    },
            '99' => {
                      'means_of_percs' => '989',
                      'percs_of_percs' => 990,
                      'all_percs' => 990
                    },
            '60' => {
                      'percs_of_percs' => 600,
                      'means_of_percs' => '561.666666666667',
                      'all_percs' => 600
                    },
            '95' => {
                      'percs_of_percs' => 950,
                      'means_of_percs' => '961.333333333333',
                      'all_percs' => 950
                    },
            '50' => $VAR1->[1],
            '90' => {
                      'means_of_percs' => '924.666666666667',
                      'percs_of_percs' => '900',
                      'all_percs' => '900'
                    },
            '40' => {
                      'all_percs' => '400',
                      'means_of_percs' => '415.333333333333',
                      'percs_of_percs' => '400'
                    },
            '80' => {
                      'means_of_percs' => '744.666666666667',
                      'percs_of_percs' => '800',
                      'all_percs' => '800'
                    }
          },
          'slices',
          {
            'b' => {
                     'sum' => 5666,
                     'cnt' => 10,
                     'skew' => '0.891913416267938',
                     'avg' => '566.6',
                     'stddev' => '231.635144138363',
                     'kind' => 'symmetric',
                     'perc' => {
                                 '50' => '479',
                                 '40' => '452',
                                 '90' => '980',
                                 '80' => '641',
                                 '20' => '337',
                                 '60' => '487',
                                 '99' => '987',
                                 '95' => '987',
                                 '70' => '588',
                                 '100' => '994',
                                 '30' => '412',
                                 '98' => '987'
                               }
                   },
            'a' => {
                     'sum' => 499719725,
                     'cnt' => 1000000,
                     'skew' => '-0.00103588560408866',
                     'avg' => '499.719725',
                     'stddev' => '289.024810431418',
                     'kind' => 'symmetric',
                     'perc' => {
                                 '98' => '980',
                                 '30' => '299',
                                 '100' => '999',
                                 '70' => '700',
                                 '95' => '950',
                                 '60' => '600',
                                 '99' => '990',
                                 '20' => '199',
                                 '40' => '400',
                                 '90' => '900',
                                 '80' => '800',
                                 '50' => '500'
                               }
                   },
            'c' => {
                     'skew' => '0.0147140946097098',
                     'avg' => '495.8835',
                     'cnt' => 10000,
                     'sum' => 4958835,
                     'perc' => {
                                 '80' => '793',
                                 '90' => '894',
                                 '40' => '394',
                                 '50' => '495',
                                 '99' => '990',
                                 '60' => '598',
                                 '20' => '196',
                                 '95' => '947',
                                 '70' => '694',
                                 '100' => '999',
                                 '98' => '978',
                                 '30' => '292'
                               },
                     'kind' => 'symmetric',
                     'stddev' => '287.973199322003'
                   }
          }
        ];
