all_percs is not equal to percs_of_percs for percentile 70: $VAR1 = [
          'data',
          {
            'percs_of_percs' => 500400,
            'means_of_percs' => '167175.666666667',
            'all_percs' => 500394
          },
          'table',
          {
            '70' => $VAR1->[1],
            '40' => {
                      'all_percs' => '792',
                      'percs_of_percs' => '800',
                      'means_of_percs' => '429.333333333333'
                    },
            '50' => {
                      'means_of_percs' => '544.333333333333',
                      'percs_of_percs' => '999',
                      'all_percs' => '990'
                    },
            '80' => {
                      'all_percs' => '500596',
                      'means_of_percs' => '167278.666666667',
                      'percs_of_percs' => '500600'
                    },
            '99' => {
                      'all_percs' => '500979',
                      'percs_of_percs' => '500979',
                      'means_of_percs' => '167540.333333333'
                    },
            '60' => {
                      'means_of_percs' => '167008.666666667',
                      'percs_of_percs' => '500200',
                      'all_percs' => '500192'
                    },
            '95' => {
                      'all_percs' => '500898',
                      'percs_of_percs' => '500899',
                      'means_of_percs' => '167500.333333333'
                    },
            '100' => {
                       'all_percs' => '500999',
                       'percs_of_percs' => '500999',
                       'means_of_percs' => '167560.333333333'
                     },
            '20' => {
                      'all_percs' => '395',
                      'percs_of_percs' => '398',
                      'means_of_percs' => '213.333333333333'
                    },
            '30' => {
                      'percs_of_percs' => '599',
                      'means_of_percs' => '313.666666666667',
                      'all_percs' => '593'
                    },
            '90' => {
                      'means_of_percs' => '167440',
                      'percs_of_percs' => '500800',
                      'all_percs' => '500798'
                    },
            '98' => {
                      'means_of_percs' => '167530.333333333',
                      'percs_of_percs' => '500959',
                      'all_percs' => '500959'
                    }
          },
          'slices',
          {
            'c' => {
                     'stddev' => '288.847650564168',
                     'kind' => 'symmetric',
                     'cnt' => 10000,
                     'sum' => 4961434,
                     'skew' => '0.0103577937709781',
                     'perc' => {
                                 '20' => '197',
                                 '98' => '980',
                                 '30' => '295',
                                 '90' => '899',
                                 '70' => '691',
                                 '50' => '499',
                                 '40' => '396',
                                 '60' => '594',
                                 '99' => '990',
                                 '80' => '796',
                                 '100' => '999',
                                 '95' => '950'
                               },
                     'avg' => '496.1434'
                   },
            'b' => {
                     'kind' => 'symmetric',
                     'cnt' => 10,
                     'stddev' => '238.835696661952',
                     'perc' => {
                                 '100' => '683',
                                 '95' => '652',
                                 '80' => '440',
                                 '99' => '652',
                                 '60' => '232',
                                 '50' => '135',
                                 '40' => '92',
                                 '70' => '436',
                                 '98' => '652',
                                 '90' => '621',
                                 '30' => '47',
                                 '20' => '45'
                               },
                     'avg' => '273.9',
                     'sum' => 2739,
                     'skew' => '0.498256330747279'
                   },
            'a' => {
                     'sum' => '250499372830',
                     'skew' => '-5.21435812437731e-09',
                     'perc' => {
                                 '99' => '500979',
                                 '80' => '500600',
                                 '60' => '500200',
                                 '100' => '500999',
                                 '95' => '500899',
                                 '70' => '500400',
                                 '50' => '999',
                                 '40' => '800',
                                 '98' => '500959',
                                 '90' => '500800',
                                 '30' => '599',
                                 '20' => '398'
                               },
                     'avg' => '250499.37283',
                     'stddev' => '250000.459843555',
                     'kind' => 'symmetric',
                     'cnt' => 1000000
                   }
          }
        ];
