$VAR1 = [
          'table',
          {
            '50' => {
                      'means_of_percs' => '442.333333333333',
                      'all_percs' => 500,
                      'percs_of_percs' => 500
                    },
            '90' => {
                      'all_percs' => 900,
                      'means_of_percs' => '882.333333333333',
                      'percs_of_percs' => 900
                    },
            '30' => {
                      'percs_of_percs' => 300,
                      'means_of_percs' => '282.333333333333',
                      'all_percs' => 300
                    },
            '98' => {
                      'percs_of_percs' => 979,
                      'means_of_percs' => '955.833333333333',
                      'all_percs' => 979
                    },
            '20' => {
                      'percs_of_percs' => 200,
                      'all_percs' => 200,
                      'means_of_percs' => '188.333333333333'
                    },
            '80' => {
                      'means_of_percs' => '780.666666666667',
                      'all_percs' => 800,
                      'percs_of_percs' => 800
                    },
            '60' => {
                      'all_percs' => 600,
                      'means_of_percs' => '558',
                      'percs_of_percs' => 600
                    },
            '40' => {
                      'means_of_percs' => '350.333333333333',
                      'all_percs' => 400,
                      'percs_of_percs' => 400
                    },
            '95' => {
                      'all_percs' => 950,
                      'means_of_percs' => '937.5',
                      'percs_of_percs' => 950
                    },
            '99' => {
                      'percs_of_percs' => 990,
                      'all_percs' => 990,
                      'means_of_percs' => '962.833333333333'
                    },
            '100' => {
                       'percs_of_percs' => 999,
                       'means_of_percs' => '991',
                       'all_percs' => 999
                     },
            '70' => {
                      'percs_of_percs' => 700,
                      'all_percs' => 700,
                      'means_of_percs' => '669.666666666667'
                    }
          },
          'slices',
          {
            'a' => {
                     'perc' => {
                                 '80' => '800',
                                 '20' => '200',
                                 '98' => '979',
                                 '30' => '300',
                                 '90' => '900',
                                 '50' => '500',
                                 '70' => '700',
                                 '100' => '999',
                                 '99' => '990',
                                 '95' => '950',
                                 '60' => '600',
                                 '40' => '400'
                               },
                     'sum' => 499887787,
                     'avg' => '499.887787',
                     'stddev' => '288.839911506734',
                     'cnt' => 1000000,
                     'skew' => '-0.00179460614821916',
                     'kind' => 'symmetric'
                   },
            'b' => {
                     'cnt' => 10,
                     'stddev' => '297.871465568624',
                     'perc' => {
                                 '98' => '909.5',
                                 '20' => '163',
                                 '80' => '736',
                                 '30' => '247',
                                 '50' => '323',
                                 '90' => '844',
                                 '100' => '975',
                                 '70' => '605',
                                 '99' => '909.5',
                                 '60' => '471',
                                 '40' => '247',
                                 '95' => '909.5'
                               },
                     'sum' => 4647,
                     'avg' => '464.7',
                     'kind' => 'symmetric',
                     'skew' => '0.304416197896053'
                   },
            'c' => {
                     'perc' => {
                                 '80' => '806',
                                 '98' => '979',
                                 '20' => '202',
                                 '90' => '903',
                                 '50' => '504',
                                 '30' => '300',
                                 '70' => '704',
                                 '100' => '999',
                                 '95' => '953',
                                 '60' => '603',
                                 '40' => '404',
                                 '99' => '989'
                               },
                     'sum' => 5023582,
                     'avg' => '502.3582',
                     'stddev' => '289.993156975747',
                     'cnt' => 10000,
                     'skew' => '-0.0103840697032871',
                     'kind' => 'symmetric'
                   }
          }
        ];
