all_percs is not equal to percs_of_percs for percentile 95: $VAR1 = [
          'data',
          {
            'means_of_percs' => '891.333333333333',
            'all_percs' => 950,
            'percs_of_percs' => 949
          },
          'table',
          {
            '60' => {
                      'means_of_percs' => '527.333333333333',
                      'all_percs' => 599,
                      'percs_of_percs' => 599
                    },
            '98' => {
                      'all_percs' => 980,
                      'means_of_percs' => '911.333333333333',
                      'percs_of_percs' => 980
                    },
            '70' => {
                      'percs_of_percs' => 699,
                      'means_of_percs' => '637.666666666667',
                      'all_percs' => 699
                    },
            '40' => {
                      'percs_of_percs' => 399,
                      'all_percs' => 399,
                      'means_of_percs' => '342'
                    },
            '100' => {
                       'percs_of_percs' => 999,
                       'all_percs' => 999,
                       'means_of_percs' => '950'
                     },
            '30' => {
                      'percs_of_percs' => 300,
                      'means_of_percs' => '256',
                      'all_percs' => 300
                    },
            '50' => {
                      'means_of_percs' => '445.666666666667',
                      'all_percs' => 499,
                      'percs_of_percs' => 499
                    },
            '99' => {
                      'percs_of_percs' => 990,
                      'all_percs' => 990,
                      'means_of_percs' => '918'
                    },
            '80' => {
                      'means_of_percs' => '751.333333333333',
                      'all_percs' => 799,
                      'percs_of_percs' => 799
                    },
            '20' => {
                      'means_of_percs' => '157.333333333333',
                      'all_percs' => 200,
                      'percs_of_percs' => 200
                    },
            '95' => $VAR1->[1],
            '90' => {
                      'percs_of_percs' => '900',
                      'all_percs' => '900',
                      'means_of_percs' => '831.333333333333'
                    }
          },
          'slices',
          {
            'b' => {
                     'sum' => 3955,
                     'perc' => {
                                 '100' => '852',
                                 '40' => '232',
                                 '98' => '774',
                                 '70' => '519',
                                 '60' => '387',
                                 '50' => '344',
                                 '30' => '169',
                                 '20' => '74',
                                 '95' => '774',
                                 '80' => '655',
                                 '99' => '774',
                                 '90' => '696'
                               },
                     'stddev' => '264.801529451776',
                     'cnt' => 10,
                     'skew' => '0.227417039266336',
                     'kind' => 'symmetric',
                     'avg' => '395.5'
                   },
            'a' => {
                     'perc' => {
                                 '30' => '300',
                                 '50' => '499',
                                 '98' => '980',
                                 '70' => '699',
                                 '60' => '599',
                                 '40' => '399',
                                 '100' => '999',
                                 '90' => '900',
                                 '99' => '990',
                                 '80' => '799',
                                 '95' => '949',
                                 '20' => '200'
                               },
                     'stddev' => '288.592514231454',
                     'sum' => 499427202,
                     'skew' => '0.000935881507568525',
                     'kind' => 'symmetric',
                     'avg' => '499.427202',
                     'cnt' => 1000000
                   },
            'c' => {
                     'perc' => {
                                 '80' => '800',
                                 '95' => '951',
                                 '20' => '198',
                                 '99' => '990',
                                 '90' => '898',
                                 '40' => '395',
                                 '100' => '999',
                                 '98' => '980',
                                 '70' => '695',
                                 '60' => '596',
                                 '50' => '494',
                                 '30' => '299'
                               },
                     'stddev' => '289.018177419328',
                     'sum' => 4971011,
                     'skew' => '0.0136362062812901',
                     'kind' => 'symmetric',
                     'avg' => '497.1011',
                     'cnt' => 10000
                   }
          }
        ];
