all_percs is not equal to percs_of_percs for percentile 50: $VAR1 = [
          'data',
          {
            'all_percs' => 502,
            'means_of_percs' => '2566.33333333333',
            'percs_of_percs' => 499
          },
          'table',
          {
            '50' => $VAR1->[1],
            '30' => {
                      'means_of_percs' => '492.666666666667',
                      'all_percs' => '301',
                      'percs_of_percs' => '299'
                    },
            '100' => {
                       'means_of_percs' => '167659.333333333',
                       'all_percs' => '500999',
                       'percs_of_percs' => '500999'
                     },
            '70' => {
                      'percs_of_percs' => '699',
                      'means_of_percs' => '4562',
                      'all_percs' => '704'
                    },
            '80' => {
                      'all_percs' => '804',
                      'means_of_percs' => '4810.16666666667',
                      'percs_of_percs' => '799'
                    },
            '60' => {
                      'means_of_percs' => '2711.66666666667',
                      'all_percs' => '603',
                      'percs_of_percs' => '599'
                    },
            '40' => {
                      'percs_of_percs' => '399',
                      'all_percs' => '401',
                      'means_of_percs' => '2343.33333333333'
                    },
            '90' => {
                      'percs_of_percs' => '899',
                      'means_of_percs' => '167385.333333333',
                      'all_percs' => '905'
                    },
            '20' => {
                      'all_percs' => '200',
                      'means_of_percs' => '317.666666666667',
                      'percs_of_percs' => '199'
                    },
            '95' => {
                      'percs_of_percs' => '949',
                      'means_of_percs' => '167522.333333333',
                      'all_percs' => '956'
                    },
            '99' => {
                      'all_percs' => '996',
                      'means_of_percs' => '167617.333333333',
                      'percs_of_percs' => '989'
                    },
            '98' => {
                      'means_of_percs' => '167592.833333333',
                      'all_percs' => '986',
                      'percs_of_percs' => '979'
                    }
          },
          'slices',
          {
            'a' => {
                     'stddev' => '288.580959035607',
                     'skew' => '0.002120325560903',
                     'perc' => {
                                 '100' => '999',
                                 '70' => '699',
                                 '50' => '499',
                                 '30' => '299',
                                 '90' => '899',
                                 '95' => '949',
                                 '99' => '989',
                                 '20' => '199',
                                 '98' => '979',
                                 '80' => '799',
                                 '40' => '399',
                                 '60' => '599'
                               },
                     'kind' => 'symmetric',
                     'cnt' => 1000000,
                     'sum' => 498953674,
                     'avg' => '498.953674'
                   },
            'c' => {
                     'avg' => '86150.5551555156',
                     'sum' => 861419401,
                     'cnt' => 9999,
                     'kind' => 'asymmetric',
                     'perc' => {
                                 '99' => '500935.5',
                                 '95' => '500690.5',
                                 '20' => '604',
                                 '98' => '500872',
                                 '90' => '500382',
                                 '40' => '6203',
                                 '60' => '6796',
                                 '80' => '12781.5',
                                 '70' => '12190',
                                 '100' => '500999',
                                 '30' => '906',
                                 '50' => '6498'
                               },
                     'skew' => '1.82054749078529',
                     'stddev' => '183041.309495918'
                   },
            'b' => {
                     'stddev' => '301.470081434294',
                     'kind' => 'symmetric',
                     'perc' => {
                                 '50' => '702',
                                 '30' => '273',
                                 '100' => '980',
                                 '70' => '797',
                                 '80' => '850',
                                 '60' => '740',
                                 '40' => '428',
                                 '90' => '875',
                                 '99' => '927.5',
                                 '20' => '150',
                                 '95' => '927.5',
                                 '98' => '927.5'
                               },
                     'skew' => '-0.405237420634114',
                     'avg' => '592.7',
                     'sum' => 5927,
                     'cnt' => 10
                   }
          }
        ];
