all_percs is not equal to percs_of_percs for percentile 30: $VAR1 = [
          'data',
          {
            'all_percs' => 424,
            'means_of_percs' => '401.333333333333',
            'percs_of_percs' => 300
          },
          'table',
          {
            '30' => $VAR1->[1],
            '98' => {
                      'all_percs' => '500931',
                      'percs_of_percs' => '500959',
                      'means_of_percs' => '167639.333333333'
                    },
            '80' => {
                      'percs_of_percs' => '500600',
                      'means_of_percs' => '167401',
                      'all_percs' => '500316'
                    },
            '50' => {
                      'means_of_percs' => '667.666666666667',
                      'percs_of_percs' => '999',
                      'all_percs' => '706'
                    },
            '40' => {
                      'all_percs' => '565',
                      'means_of_percs' => '535',
                      'percs_of_percs' => '400'
                    },
            '95' => {
                      'all_percs' => '500829',
                      'percs_of_percs' => '500900',
                      'means_of_percs' => '167599.666666667'
                    },
            '20' => {
                      'all_percs' => '282',
                      'means_of_percs' => '269.666666666667',
                      'percs_of_percs' => '200'
                    },
            '90' => {
                      'means_of_percs' => '167534',
                      'percs_of_percs' => '500799',
                      'all_percs' => '500658'
                    },
            '100' => {
                       'all_percs' => '500999',
                       'percs_of_percs' => '500999',
                       'means_of_percs' => '334304.333333333'
                     },
            '99' => {
                      'percs_of_percs' => '500979',
                      'means_of_percs' => '167652.333333333',
                      'all_percs' => '500965'
                    },
            '60' => {
                      'percs_of_percs' => '500199',
                      'means_of_percs' => '167134',
                      'all_percs' => '847'
                    },
            '70' => {
                      'all_percs' => '989',
                      'means_of_percs' => '167267',
                      'percs_of_percs' => '500400'
                    }
          },
          'slices',
          {
            'c' => {
                     'avg' => '504.051',
                     'perc' => {
                                 '40' => '406',
                                 '50' => '504',
                                 '80' => '804',
                                 '30' => '304',
                                 '98' => '980',
                                 '70' => '701',
                                 '99' => '989',
                                 '60' => '603',
                                 '100' => '999',
                                 '90' => '903',
                                 '20' => '210',
                                 '95' => '950'
                               },
                     'kind' => 'symmetric',
                     'stddev' => '288.128320369587',
                     'sum' => 5040510,
                     'cnt' => 10000,
                     'skew' => '-0.00876437597120214'
                   },
            'a' => {
                     'cnt' => 1000000,
                     'skew' => '3.74847150833857e-09',
                     'sum' => '250499543244',
                     'avg' => '250499.543244',
                     'perc' => {
                                 '100' => '500999',
                                 '95' => '500900',
                                 '20' => '399',
                                 '90' => '500799',
                                 '99' => '500979',
                                 '60' => '500199',
                                 '70' => '500400',
                                 '30' => '600',
                                 '98' => '500959',
                                 '50' => '999',
                                 '40' => '799',
                                 '80' => '500600'
                               },
                     'stddev' => '250000.206104357',
                     'kind' => 'symmetric'
                   },
            'b' => {
                     'perc' => {
                                 '98' => '979',
                                 '30' => '300',
                                 '80' => '799',
                                 '40' => '400',
                                 '50' => '500',
                                 '90' => '900',
                                 '95' => '949',
                                 '20' => '200',
                                 '100' => '500915',
                                 '70' => '700',
                                 '99' => '989',
                                 '60' => '600'
                               },
                     'avg' => '510.358114053884',
                     'kind' => 'asymmetric',
                     'stddev' => '2132.2264737974',
                     'sum' => 357260887,
                     'cnt' => 700020,
                     'skew' => '207.181048950129'
                   }
          }
        ];
