all_percs is not equal to percs_of_percs for percentile 60: $VAR1 = [
          'data',
          {
            'means_of_percs' => '629.666666666667',
            'percs_of_percs' => 600,
            'all_percs' => 601
          },
          'table',
          {
            '50' => {
                      'all_percs' => 500,
                      'percs_of_percs' => 500,
                      'means_of_percs' => '531.666666666667'
                    },
            '70' => {
                      'all_percs' => 700,
                      'percs_of_percs' => 700,
                      'means_of_percs' => '704.666666666667'
                    },
            '60' => $VAR1->[1],
            '90' => {
                      'all_percs' => '900',
                      'means_of_percs' => '917.333333333333',
                      'percs_of_percs' => '900'
                    },
            '98' => {
                      'means_of_percs' => '971.333333333333',
                      'percs_of_percs' => '980',
                      'all_percs' => '980'
                    },
            '100' => {
                       'all_percs' => '999',
                       'means_of_percs' => '984.333333333333',
                       'percs_of_percs' => '999'
                     },
            '95' => {
                      'all_percs' => '950',
                      'means_of_percs' => '951.333333333333',
                      'percs_of_percs' => '949'
                    },
            '80' => {
                      'means_of_percs' => '833',
                      'percs_of_percs' => '800',
                      'all_percs' => '800'
                    },
            '20' => {
                      'percs_of_percs' => '200',
                      'means_of_percs' => '184.333333333333',
                      'all_percs' => '200'
                    },
            '99' => {
                      'percs_of_percs' => '989',
                      'means_of_percs' => '977.333333333333',
                      'all_percs' => '989'
                    },
            '40' => {
                      'means_of_percs' => '439',
                      'percs_of_percs' => '400',
                      'all_percs' => '400'
                    },
            '30' => {
                      'all_percs' => '300',
                      'means_of_percs' => '360.666666666667',
                      'percs_of_percs' => '300'
                    }
          },
          'slices',
          {
            'b' => {
                     'avg' => '607.1',
                     'perc' => {
                                 '80' => '899',
                                 '20' => '151',
                                 '40' => '519',
                                 '30' => '480',
                                 '99' => '953',
                                 '95' => '953',
                                 '100' => '955',
                                 '90' => '951',
                                 '98' => '953',
                                 '70' => '711',
                                 '50' => '593',
                                 '60' => '686'
                               },
                     'sum' => 6071,
                     'cnt' => 10,
                     'stddev' => '283.74758148749',
                     'kind' => 'symmetric',
                     'skew' => '-0.436461371560832'
                   },
            'c' => {
                     'avg' => '501.5619',
                     'perc' => {
                                 '99' => '990',
                                 '40' => '398',
                                 '30' => '302',
                                 '80' => '800',
                                 '20' => '202',
                                 '95' => '952',
                                 '90' => '901',
                                 '98' => '981',
                                 '100' => '999',
                                 '60' => '603',
                                 '50' => '502',
                                 '70' => '703'
                               },
                     'skew' => '-0.0016081999011656',
                     'kind' => 'symmetric',
                     'sum' => 5015619,
                     'stddev' => '288.805097545715',
                     'cnt' => 10000
                   },
            'a' => {
                     'kind' => 'symmetric',
                     'skew' => '-0.00255801530442976',
                     'stddev' => '288.771392108793',
                     'cnt' => 1000000,
                     'sum' => 499949824,
                     'perc' => {
                                 '60' => '600',
                                 '70' => '700',
                                 '50' => '500',
                                 '100' => '999',
                                 '90' => '900',
                                 '98' => '980',
                                 '95' => '949',
                                 '40' => '400',
                                 '30' => '300',
                                 '99' => '989',
                                 '20' => '200',
                                 '80' => '800'
                               },
                     'avg' => '499.949824'
                   }
          }
        ];
