all_percs is not equal to percs_of_percs for percentile 40: $VAR1 = [
          'data',
          {
            'all_percs' => 400,
            'percs_of_percs' => 399,
            'means_of_percs' => '407.333333333333'
          },
          'table',
          {
            '98' => {
                      'percs_of_percs' => 979,
                      'all_percs' => 979,
                      'means_of_percs' => '978.833333333333'
                    },
            '30' => {
                      'means_of_percs' => '324.666666666667',
                      'all_percs' => 300,
                      'percs_of_percs' => 300
                    },
            '20' => {
                      'means_of_percs' => '245.666666666667',
                      'all_percs' => 200,
                      'percs_of_percs' => 200
                    },
            '60' => {
                      'means_of_percs' => '600.666666666667',
                      'percs_of_percs' => 599,
                      'all_percs' => 599
                    },
            '95' => {
                      'percs_of_percs' => 949,
                      'all_percs' => 949,
                      'means_of_percs' => '958.5'
                    },
            '40' => $VAR1->[1],
            '100' => {
                       'means_of_percs' => '999',
                       'percs_of_percs' => '999',
                       'all_percs' => '999'
                     },
            '50' => {
                      'means_of_percs' => '517',
                      'all_percs' => '499',
                      'percs_of_percs' => '499'
                    },
            '90' => {
                      'means_of_percs' => '917.666666666667',
                      'all_percs' => '899',
                      'percs_of_percs' => '899'
                    },
            '70' => {
                      'means_of_percs' => '699.333333333333',
                      'all_percs' => '699',
                      'percs_of_percs' => '699'
                    },
            '99' => {
                      'means_of_percs' => '985.166666666667',
                      'percs_of_percs' => '989',
                      'all_percs' => '989'
                    },
            '80' => {
                      'percs_of_percs' => '799',
                      'all_percs' => '799',
                      'means_of_percs' => '770'
                    }
          },
          'slices',
          {
            'b' => {
                     'perc' => {
                                 '98' => '977.5',
                                 '30' => '371',
                                 '60' => '605',
                                 '20' => '336',
                                 '100' => '999',
                                 '95' => '977.5',
                                 '40' => '419',
                                 '90' => '956',
                                 '50' => '551',
                                 '70' => '702',
                                 '99' => '977.5',
                                 '80' => '713'
                               },
                     'cnt' => 10,
                     'kind' => 'symmetric',
                     'skew' => '0.0899278581134782',
                     'stddev' => '261.091190965915',
                     'sum' => 5783,
                     'avg' => '578.3'
                   },
            'a' => {
                     'cnt' => 1000000,
                     'perc' => {
                                 '40' => '399',
                                 '100' => '999',
                                 '95' => '949',
                                 '90' => '899',
                                 '50' => '499',
                                 '98' => '979',
                                 '30' => '300',
                                 '60' => '599',
                                 '20' => '200',
                                 '70' => '699',
                                 '99' => '989',
                                 '80' => '799'
                               },
                     'stddev' => '288.420714853564',
                     'skew' => '0.00203780106055799',
                     'kind' => 'symmetric',
                     'sum' => 499293294,
                     'avg' => '499.293294'
                   },
            'c' => {
                     'sum' => 5003362,
                     'avg' => '500.3362',
                     'cnt' => 10000,
                     'perc' => {
                                 '70' => '697',
                                 '99' => '989',
                                 '80' => '798',
                                 '100' => '999',
                                 '95' => '949',
                                 '40' => '404',
                                 '90' => '898',
                                 '50' => '501',
                                 '98' => '980',
                                 '30' => '303',
                                 '60' => '598',
                                 '20' => '201'
                               },
                     'stddev' => '287.560886717162',
                     'skew' => '-0.00452576388587819',
                     'kind' => 'symmetric'
                   }
          }
        ];
