all_percs is not equal to percs_of_percs for percentile 70: $VAR1 = [
          'data',
          {
            'means_of_percs' => '171094.166666667',
            'percs_of_percs' => 500399,
            'all_percs' => 500395
          },
          'table',
          {
            '70' => $VAR1->[1],
            '100' => {
                       'means_of_percs' => '334324',
                       'all_percs' => '500999',
                       'percs_of_percs' => '500999'
                     },
            '90' => {
                      'percs_of_percs' => '500799',
                      'all_percs' => '500798',
                      'means_of_percs' => '334046'
                    },
            '60' => {
                      'percs_of_percs' => '500199',
                      'all_percs' => '500194',
                      'means_of_percs' => '169211'
                    },
            '95' => {
                      'means_of_percs' => '334188.333333333',
                      'all_percs' => '500899',
                      'percs_of_percs' => '500900'
                    },
            '30' => {
                      'all_percs' => '601',
                      'percs_of_percs' => '599',
                      'means_of_percs' => '569'
                    },
            '20' => {
                      'means_of_percs' => '376.666666666667',
                      'all_percs' => '401',
                      'percs_of_percs' => '399'
                    },
            '40' => {
                      'means_of_percs' => '2433',
                      'percs_of_percs' => '799',
                      'all_percs' => '801'
                    },
            '50' => {
                      'percs_of_percs' => '999',
                      'all_percs' => '6493',
                      'means_of_percs' => '2708.66666666667'
                    },
            '80' => {
                      'all_percs' => '500596',
                      'percs_of_percs' => '500599',
                      'means_of_percs' => '171412.833333333'
                    },
            '98' => {
                      'all_percs' => '500959',
                      'percs_of_percs' => '500960',
                      'means_of_percs' => '334260'
                    },
            '99' => {
                      'all_percs' => '500979',
                      'percs_of_percs' => '500979',
                      'means_of_percs' => '334286.166666667'
                    }
          },
          'slices',
          {
            'a' => {
                     'stddev' => '250000.221765022',
                     'cnt' => 1000000,
                     'skew' => '-9.92059537005681e-11',
                     'sum' => '250499159604',
                     'kind' => 'symmetric',
                     'perc' => {
                                 '80' => '500599',
                                 '98' => '500960',
                                 '99' => '500979',
                                 '20' => '399',
                                 '50' => '999',
                                 '40' => '799',
                                 '90' => '500799',
                                 '100' => '500999',
                                 '60' => '500199',
                                 '95' => '500900',
                                 '30' => '599',
                                 '70' => '500399'
                               },
                     'avg' => '250499.159604'
                   },
            'b' => {
                     'cnt' => 10,
                     'stddev' => '319.074050966229',
                     'sum' => 5375,
                     'skew' => '-0.171442816084809',
                     'avg' => '537.5',
                     'kind' => 'symmetric',
                     'perc' => {
                                 '20' => '138',
                                 '50' => '632',
                                 '40' => '301',
                                 '99' => '952',
                                 '98' => '952',
                                 '80' => '811',
                                 '70' => '689',
                                 '95' => '952',
                                 '60' => '637',
                                 '30' => '208',
                                 '90' => '930',
                                 '100' => '974'
                               }
                   },
            'c' => {
                     'cnt' => 9999,
                     'stddev' => '185680.680616234',
                     'sum' => 890213808,
                     'skew' => '1.76345321915705',
                     'avg' => '89030.2838283828',
                     'kind' => 'asymmetric',
                     'perc' => {
                                 '95' => '500713',
                                 '60' => '6797',
                                 '30' => '900',
                                 '100' => '500999',
                                 '90' => '500409',
                                 '70' => '12194.5',
                                 '99' => '500927.5',
                                 '98' => '500868',
                                 '80' => '12828.5',
                                 '20' => '593',
                                 '50' => '6495',
                                 '40' => '6199'
                               }
                   }
          }
        ];
