$VAR1 = [
          'table',
          {
            '95' => {
                      'means_of_percs' => '906',
                      'percs_of_percs' => 950,
                      'all_percs' => 950
                    },
            '90' => {
                      'means_of_percs' => '850.333333333333',
                      'percs_of_percs' => 900,
                      'all_percs' => 900
                    },
            '50' => {
                      'percs_of_percs' => 500,
                      'means_of_percs' => '483.333333333333',
                      'all_percs' => 500
                    },
            '99' => {
                      'all_percs' => 989,
                      'means_of_percs' => '933',
                      'percs_of_percs' => 989
                    },
            '60' => {
                      'percs_of_percs' => 599,
                      'means_of_percs' => '574.333333333333',
                      'all_percs' => 599
                    },
            '98' => {
                      'means_of_percs' => '926.333333333333',
                      'percs_of_percs' => 979,
                      'all_percs' => 979
                    },
            '30' => {
                      'all_percs' => 300,
                      'means_of_percs' => '252.333333333333',
                      'percs_of_percs' => 300
                    },
            '40' => {
                      'all_percs' => 400,
                      'percs_of_percs' => 400,
                      'means_of_percs' => '369'
                    },
            '20' => {
                      'percs_of_percs' => 200,
                      'means_of_percs' => '159.666666666667',
                      'all_percs' => 200
                    },
            '80' => {
                      'all_percs' => 799,
                      'percs_of_percs' => 799,
                      'means_of_percs' => '745'
                    },
            '70' => {
                      'all_percs' => 699,
                      'percs_of_percs' => 699,
                      'means_of_percs' => '654.333333333333'
                    },
            '100' => {
                       'means_of_percs' => '962.666666666667',
                       'percs_of_percs' => 999,
                       'all_percs' => 999
                     }
          },
          'slices',
          {
            'a' => {
                     'avg' => '499.634566',
                     'skew' => '-0.000358182216837699',
                     'stddev' => '288.54061329038',
                     'cnt' => 1000000,
                     'sum' => 499634566,
                     'kind' => 'symmetric',
                     'perc' => {
                                 '80' => '799',
                                 '70' => '699',
                                 '100' => '999',
                                 '40' => '400',
                                 '20' => '200',
                                 '99' => '989',
                                 '95' => '950',
                                 '90' => '900',
                                 '50' => '500',
                                 '30' => '300',
                                 '60' => '599',
                                 '98' => '979'
                               }
                   },
            'b' => {
                     'cnt' => 10,
                     'perc' => {
                                 '80' => '639',
                                 '70' => '569',
                                 '100' => '890',
                                 '40' => '306',
                                 '20' => '75',
                                 '99' => '821',
                                 '95' => '821',
                                 '90' => '752',
                                 '50' => '450',
                                 '30' => '156',
                                 '60' => '527',
                                 '98' => '821'
                               },
                     'sum' => 4405,
                     'kind' => 'symmetric',
                     'stddev' => '274.734508207469',
                     'avg' => '440.5',
                     'skew' => '-0.0309104153427624'
                   },
            'c' => {
                     'avg' => '499.2041',
                     'skew' => '0.00401242907455558',
                     'stddev' => '287.009137908864',
                     'cnt' => 10000,
                     'sum' => 4992041,
                     'kind' => 'symmetric',
                     'perc' => {
                                 '80' => '797',
                                 '70' => '695',
                                 '100' => '999',
                                 '40' => '401',
                                 '20' => '204',
                                 '95' => '947',
                                 '50' => '500',
                                 '90' => '899',
                                 '99' => '989',
                                 '98' => '979',
                                 '60' => '597',
                                 '30' => '301'
                               }
                   }
          }
        ];
