$VAR1 = [
          'table',
          {
            '90' => {
                      'means_of_percs' => '872.666666666667',
                      'all_percs' => 900,
                      'percs_of_percs' => 900
                    },
            '70' => {
                      'all_percs' => 700,
                      'percs_of_percs' => 700,
                      'means_of_percs' => '678'
                    },
            '50' => {
                      'means_of_percs' => '476.333333333333',
                      'percs_of_percs' => 500,
                      'all_percs' => 500
                    },
            '98' => {
                      'all_percs' => 979,
                      'percs_of_percs' => 979,
                      'means_of_percs' => '951.5'
                    },
            '100' => {
                       'percs_of_percs' => 999,
                       'all_percs' => 999,
                       'means_of_percs' => '991'
                     },
            '60' => {
                      'means_of_percs' => '571.333333333333',
                      'all_percs' => 600,
                      'percs_of_percs' => 600
                    },
            '99' => {
                      'percs_of_percs' => 989,
                      'all_percs' => 989,
                      'means_of_percs' => '958.5'
                    },
            '30' => {
                      'percs_of_percs' => 300,
                      'all_percs' => 300,
                      'means_of_percs' => '293.666666666667'
                    },
            '95' => {
                      'means_of_percs' => '932.5',
                      'all_percs' => 950,
                      'percs_of_percs' => 950
                    },
            '40' => {
                      'means_of_percs' => '402.333333333333',
                      'percs_of_percs' => 400,
                      'all_percs' => 400
                    },
            '80' => {
                      'all_percs' => 800,
                      'percs_of_percs' => 800,
                      'means_of_percs' => '795.666666666667'
                    },
            '20' => {
                      'means_of_percs' => '211.333333333333',
                      'percs_of_percs' => 200,
                      'all_percs' => 200
                    }
          },
          'slices',
          {
            'b' => {
                     'perc' => {
                                 '40' => '413',
                                 '20' => '243',
                                 '80' => '789',
                                 '99' => '896.5',
                                 '30' => '290',
                                 '95' => '896.5',
                                 '100' => '975',
                                 '50' => '435',
                                 '98' => '896.5',
                                 '60' => '525',
                                 '90' => '818',
                                 '70' => '635'
                               },
                     'stddev' => '276.374908412468',
                     'skew' => '0.011377727328067',
                     'avg' => '515.9',
                     'kind' => 'symmetric',
                     'sum' => 5159,
                     'cnt' => 10
                   },
            'a' => {
                     'perc' => {
                                 '40' => '400',
                                 '80' => '800',
                                 '20' => '200',
                                 '99' => '989',
                                 '95' => '950',
                                 '30' => '300',
                                 '100' => '999',
                                 '98' => '979',
                                 '50' => '500',
                                 '60' => '600',
                                 '70' => '700',
                                 '90' => '900'
                               },
                     'stddev' => '288.689801088321',
                     'skew' => '-0.000385983592468465',
                     'avg' => '499.764321',
                     'kind' => 'symmetric',
                     'sum' => 499764321,
                     'cnt' => 1000000
                   },
            'c' => {
                     'perc' => {
                                 '70' => '699',
                                 '90' => '900',
                                 '60' => '589',
                                 '100' => '999',
                                 '98' => '979',
                                 '50' => '494',
                                 '30' => '291',
                                 '95' => '951',
                                 '99' => '990',
                                 '20' => '191',
                                 '80' => '798',
                                 '40' => '394'
                               },
                     'skew' => '0.0217251561849365',
                     'stddev' => '290.399216109804',
                     'kind' => 'symmetric',
                     'avg' => '495.5091',
                     'cnt' => 10000,
                     'sum' => 4955091
                   }
          }
        ];
