all_percs is not equal to percs_of_percs for percentile 20: $VAR1 = [
          'data',
          {
            'means_of_percs' => '245',
            'all_percs' => 395,
            'percs_of_percs' => 399
          },
          'table',
          {
            '20' => $VAR1->[1],
            '60' => {
                      'all_percs' => '500192',
                      'percs_of_percs' => '500201',
                      'means_of_percs' => '167143'
                    },
            '95' => {
                      'all_percs' => '500899',
                      'percs_of_percs' => '500900',
                      'means_of_percs' => '167601.5'
                    },
            '90' => {
                      'means_of_percs' => '167544',
                      'percs_of_percs' => '500801',
                      'all_percs' => '500799'
                    },
            '50' => {
                      'means_of_percs' => '600',
                      'percs_of_percs' => '999',
                      'all_percs' => '990'
                    },
            '30' => {
                      'means_of_percs' => '384.333333333333',
                      'all_percs' => '593',
                      'percs_of_percs' => '599'
                    },
            '98' => {
                      'means_of_percs' => '167632.166666667',
                      'all_percs' => '500960',
                      'percs_of_percs' => '500960'
                    },
            '70' => {
                      'all_percs' => '500395',
                      'percs_of_percs' => '500401',
                      'means_of_percs' => '167260.333333333'
                    },
            '99' => {
                      'all_percs' => '500980',
                      'percs_of_percs' => '500980',
                      'means_of_percs' => '167641.833333333'
                    },
            '100' => {
                       'means_of_percs' => '167659.333333333',
                       'all_percs' => '500999',
                       'percs_of_percs' => '500999'
                     },
            '80' => {
                      'means_of_percs' => '167398',
                      'percs_of_percs' => '500601',
                      'all_percs' => '500597'
                    },
            '40' => {
                      'means_of_percs' => '490.666666666667',
                      'all_percs' => '792',
                      'percs_of_percs' => '800'
                    }
          },
          'slices',
          {
            'c' => {
                     'skew' => '-0.00881868051621127',
                     'kind' => 'symmetric',
                     'avg' => '502.6821',
                     'perc' => {
                                 '90' => '902',
                                 '60' => '604',
                                 '20' => '204',
                                 '95' => '950',
                                 '98' => '982',
                                 '70' => '701',
                                 '30' => '302',
                                 '50' => '503',
                                 '80' => '804',
                                 '100' => '999',
                                 '99' => '991',
                                 '40' => '405'
                               },
                     'sum' => 5026821,
                     'cnt' => 10000,
                     'stddev' => '288.988704346019'
                   },
            'a' => {
                     'skew' => '-1.55562407067675e-09',
                     'kind' => 'symmetric',
                     'avg' => '250499.93772',
                     'stddev' => '250000.743572136',
                     'cnt' => 1000000,
                     'perc' => {
                                 '90' => '500801',
                                 '20' => '399',
                                 '60' => '500201',
                                 '95' => '500900',
                                 '98' => '500960',
                                 '70' => '500401',
                                 '50' => '999',
                                 '30' => '599',
                                 '80' => '500601',
                                 '99' => '500980',
                                 '100' => '500999',
                                 '40' => '800'
                               },
                     'sum' => '250499937720'
                   },
            'b' => {
                     'skew' => '0.196190921271936',
                     'kind' => 'symmetric',
                     'avg' => '507.2',
                     'sum' => 5072,
                     'perc' => {
                                 '90' => '929',
                                 '20' => '132',
                                 '60' => '624',
                                 '95' => '954.5',
                                 '98' => '954.5',
                                 '70' => '679',
                                 '50' => '298',
                                 '30' => '252',
                                 '80' => '789',
                                 '99' => '954.5',
                                 '100' => '980',
                                 '40' => '267'
                               },
                     'stddev' => '313.012076444344',
                     'cnt' => 10
                   }
          }
        ];
