all_percs is not equal to percs_of_percs for percentile 95: $VAR1 = [
          'data',
          {
            'percs_of_percs' => 950,
            'all_percs' => 953,
            'means_of_percs' => '167528.5'
          },
          'table',
          {
            '95' => $VAR1->[1],
            '99' => {
                      'percs_of_percs' => '990',
                      'all_percs' => '993',
                      'means_of_percs' => '167638'
                    },
            '60' => {
                      'percs_of_percs' => '599',
                      'all_percs' => '601',
                      'means_of_percs' => '2663.66666666667'
                    },
            '20' => {
                      'percs_of_percs' => '199',
                      'all_percs' => '200',
                      'means_of_percs' => '328.333333333333'
                    },
            '80' => {
                      'means_of_percs' => '4792.83333333333',
                      'percs_of_percs' => '800',
                      'all_percs' => '802'
                    },
            '70' => {
                      'means_of_percs' => '4530.16666666667',
                      'percs_of_percs' => '699',
                      'all_percs' => '702'
                    },
            '40' => {
                      'means_of_percs' => '2333.33333333333',
                      'percs_of_percs' => '399',
                      'all_percs' => '401'
                    },
            '100' => {
                       'means_of_percs' => '334296.666666667',
                       'all_percs' => '500999',
                       'percs_of_percs' => '500999'
                     },
            '98' => {
                      'percs_of_percs' => '979',
                      'all_percs' => '983',
                      'means_of_percs' => '167610.166666667'
                    },
            '50' => {
                      'all_percs' => '501',
                      'percs_of_percs' => '499',
                      'means_of_percs' => '2497.33333333333'
                    },
            '30' => {
                      'means_of_percs' => '497.5',
                      'all_percs' => '300',
                      'percs_of_percs' => '299'
                    },
            '90' => {
                      'means_of_percs' => '167400.666666667',
                      'all_percs' => '903',
                      'percs_of_percs' => '900'
                    }
          },
          'slices',
          {
            'b' => {
                     'stddev' => '2132.11680416672',
                     'sum' => 356742024,
                     'kind' => 'asymmetric',
                     'skew' => '207.125880304436',
                     'perc' => {
                                 '90' => '899',
                                 '30' => '299',
                                 '50' => '499',
                                 '98' => '979',
                                 '100' => '500892',
                                 '40' => '399',
                                 '70' => '699',
                                 '80' => '798',
                                 '20' => '199',
                                 '60' => '599',
                                 '95' => '949',
                                 '99' => '990'
                               },
                     'cnt' => 700020,
                     'avg' => '509.616902374218'
                   },
            'c' => {
                     'cnt' => 9999,
                     'perc' => {
                                 '40' => '6202',
                                 '100' => '500999',
                                 '98' => '500872.5',
                                 '80' => '12780.5',
                                 '70' => '12192.5',
                                 '30' => '894.5',
                                 '50' => '6494',
                                 '90' => '500403',
                                 '60' => '6793',
                                 '20' => '587',
                                 '95' => '500686.5',
                                 '99' => '500935'
                               },
                     'skew' => '1.81561190888643',
                     'kind' => 'asymmetric',
                     'avg' => '86388.99949995',
                     'sum' => 863803606,
                     'stddev' => '183271.878607708'
                   },
            'a' => {
                     'avg' => '499.335121',
                     'cnt' => 1000000,
                     'kind' => 'symmetric',
                     'skew' => '0.00147821172766683',
                     'perc' => {
                                 '60' => '599',
                                 '20' => '199',
                                 '99' => '989',
                                 '95' => '950',
                                 '30' => '299',
                                 '50' => '499',
                                 '90' => '900',
                                 '40' => '399',
                                 '98' => '979',
                                 '100' => '999',
                                 '80' => '800',
                                 '70' => '699'
                               },
                     'sum' => 499335121,
                     'stddev' => '288.791872491075'
                   }
          }
        ];
