$VAR1 = [
          'table',
          {
            '100' => {
                       'percs_of_percs' => 999,
                       'means_of_percs' => '992.333333333333',
                       'all_percs' => 999
                     },
            '40' => {
                      'all_percs' => 400,
                      'percs_of_percs' => 400,
                      'means_of_percs' => '341.333333333333'
                    },
            '50' => {
                      'all_percs' => 500,
                      'means_of_percs' => '422.333333333333',
                      'percs_of_percs' => 500
                    },
            '20' => {
                      'all_percs' => 199,
                      'means_of_percs' => '185.333333333333',
                      'percs_of_percs' => 199
                    },
            '80' => {
                      'percs_of_percs' => 800,
                      'means_of_percs' => '748.333333333333',
                      'all_percs' => 800
                    },
            '60' => {
                      'percs_of_percs' => 600,
                      'means_of_percs' => '592.333333333333',
                      'all_percs' => 600
                    },
            '98' => {
                      'percs_of_percs' => 980,
                      'means_of_percs' => '961.833333333333',
                      'all_percs' => 980
                    },
            '30' => {
                      'all_percs' => 299,
                      'means_of_percs' => '269.666666666667',
                      'percs_of_percs' => 299
                    },
            '95' => {
                      'all_percs' => 950,
                      'percs_of_percs' => 950,
                      'means_of_percs' => '942.166666666667'
                    },
            '99' => {
                      'means_of_percs' => '967.833333333333',
                      'percs_of_percs' => 990,
                      'all_percs' => 990
                    },
            '90' => {
                      'all_percs' => 900,
                      'means_of_percs' => '891',
                      'percs_of_percs' => 900
                    },
            '70' => {
                      'all_percs' => 700,
                      'percs_of_percs' => 700,
                      'means_of_percs' => '664.666666666667'
                    }
          },
          'slices',
          {
            'a' => {
                     'skew' => '-0.00109418171730547',
                     'perc' => {
                                 '90' => '900',
                                 '70' => '700',
                                 '100' => '999',
                                 '50' => '500',
                                 '40' => '400',
                                 '20' => '199',
                                 '80' => '800',
                                 '60' => '600',
                                 '30' => '299',
                                 '98' => '980',
                                 '95' => '950',
                                 '99' => '990'
                               },
                     'avg' => '499.779307',
                     'sum' => 499779307,
                     'kind' => 'symmetric',
                     'cnt' => 1000000,
                     'stddev' => '288.917058325774'
                   },
            'c' => {
                     'avg' => '501.1134',
                     'skew' => '0.0047617613967812',
                     'perc' => {
                                 '90' => '905',
                                 '70' => '699',
                                 '100' => '999',
                                 '40' => '399',
                                 '50' => '500',
                                 '20' => '203',
                                 '80' => '801',
                                 '60' => '598',
                                 '98' => '982',
                                 '95' => '953',
                                 '30' => '302',
                                 '99' => '990'
                               },
                     'sum' => 5011134,
                     'cnt' => 10000,
                     'kind' => 'symmetric',
                     'stddev' => '289.151987612813'
                   },
            'b' => {
                     'perc' => {
                                 '70' => '595',
                                 '90' => '868',
                                 '100' => '979',
                                 '20' => '154',
                                 '50' => '267',
                                 '40' => '225',
                                 '80' => '644',
                                 '60' => '579',
                                 '99' => '923.5',
                                 '98' => '923.5',
                                 '95' => '923.5',
                                 '30' => '208'
                               },
                     'skew' => '0.298043122259651',
                     'avg' => '454.2',
                     'sum' => 4542,
                     'cnt' => 10,
                     'kind' => 'symmetric',
                     'stddev' => '306.971269013893'
                   }
          }
        ];
