all_percs is not equal to percs_of_percs for percentile 80: $VAR1 = [
          'data',
          {
            'percs_of_percs' => 500599,
            'all_percs' => 500595,
            'means_of_percs' => '167333'
          },
          'table',
          {
            '80' => $VAR1->[1],
            '60' => {
                      'percs_of_percs' => '500200',
                      'all_percs' => '500192',
                      'means_of_percs' => '167110.333333333'
                    },
            '100' => {
                       'percs_of_percs' => '500999',
                       'means_of_percs' => '167629',
                       'all_percs' => '500999'
                     },
            '20' => {
                      'means_of_percs' => '281.333333333333',
                      'all_percs' => '394',
                      'percs_of_percs' => '398'
                    },
            '50' => {
                      'percs_of_percs' => '999',
                      'all_percs' => '990',
                      'means_of_percs' => '656.666666666667'
                    },
            '30' => {
                      'means_of_percs' => '395.666666666667',
                      'all_percs' => '593',
                      'percs_of_percs' => '599'
                    },
            '99' => {
                      'percs_of_percs' => '500979',
                      'all_percs' => '500979',
                      'means_of_percs' => '167580.666666667'
                    },
            '70' => {
                      'means_of_percs' => '167218.666666667',
                      'all_percs' => '500394',
                      'percs_of_percs' => '500400'
                    },
            '40' => {
                      'percs_of_percs' => '800',
                      'all_percs' => '791',
                      'means_of_percs' => '555.333333333333'
                    },
            '90' => {
                      'all_percs' => '500797',
                      'means_of_percs' => '167452',
                      'percs_of_percs' => '500799'
                    },
            '98' => {
                      'all_percs' => '500959',
                      'means_of_percs' => '167570.333333333',
                      'percs_of_percs' => '500959'
                    },
            '95' => {
                      'means_of_percs' => '167540.666666667',
                      'all_percs' => '500898',
                      'percs_of_percs' => '500899'
                    }
          },
          'slices',
          {
            'a' => {
                     'sum' => '250499330886',
                     'kind' => 'symmetric',
                     'skew' => '-5.74670865507661e-09',
                     'stddev' => '250000.445389445',
                     'perc' => {
                                 '99' => '500979',
                                 '30' => '599',
                                 '70' => '500400',
                                 '98' => '500959',
                                 '40' => '800',
                                 '90' => '500799',
                                 '95' => '500899',
                                 '80' => '500599',
                                 '60' => '500200',
                                 '100' => '500999',
                                 '50' => '999',
                                 '20' => '398'
                               },
                     'cnt' => 1000000,
                     'avg' => '250499.330886'
                   },
            'c' => {
                     'stddev' => '288.34785339905',
                     'perc' => {
                                 '60' => '584',
                                 '80' => '785',
                                 '50' => '486',
                                 '20' => '188',
                                 '100' => '999',
                                 '70' => '687',
                                 '30' => '285',
                                 '99' => '987',
                                 '95' => '947',
                                 '98' => '976',
                                 '40' => '384',
                                 '90' => '894'
                               },
                     'avg' => '489.1996',
                     'cnt' => 10000,
                     'sum' => 4891996,
                     'kind' => 'symmetric',
                     'skew' => '0.0417196280149825'
                   },
            'b' => {
                     'skew' => '0.0155390031679592',
                     'kind' => 'symmetric',
                     'sum' => 4945,
                     'perc' => {
                                 '30' => '303',
                                 '99' => '776',
                                 '70' => '569',
                                 '90' => '663',
                                 '98' => '776',
                                 '40' => '482',
                                 '95' => '776',
                                 '80' => '615',
                                 '60' => '547',
                                 '100' => '889',
                                 '50' => '485',
                                 '20' => '258'
                               },
                     'avg' => '494.5',
                     'cnt' => 10,
                     'stddev' => '207.282536649859'
                   }
          }
        ];
