all_percs is not equal to percs_of_percs for percentile 20: $VAR1 = [
          'data',
          {
            'all_percs' => 396,
            'means_of_percs' => '239.666666666667',
            'percs_of_percs' => 400
          },
          'table',
          {
            '20' => $VAR1->[1],
            '99' => {
                      'percs_of_percs' => '500979',
                      'all_percs' => '500979',
                      'means_of_percs' => '167597.333333333'
                    },
            '40' => {
                      'percs_of_percs' => '800',
                      'means_of_percs' => '511.666666666667',
                      'all_percs' => '792'
                    },
            '30' => {
                      'percs_of_percs' => '600',
                      'all_percs' => '594',
                      'means_of_percs' => '347.333333333333'
                    },
            '80' => {
                      'percs_of_percs' => '500599',
                      'means_of_percs' => '167388',
                      'all_percs' => '500595'
                    },
            '60' => {
                      'means_of_percs' => '167115',
                      'all_percs' => '500191',
                      'percs_of_percs' => '500199'
                    },
            '95' => {
                      'percs_of_percs' => '500899',
                      'all_percs' => '500898',
                      'means_of_percs' => '167557'
                    },
            '90' => {
                      'percs_of_percs' => '500799',
                      'means_of_percs' => '167500.666666667',
                      'all_percs' => '500797'
                    },
            '70' => {
                      'percs_of_percs' => '500400',
                      'all_percs' => '500394',
                      'means_of_percs' => '167284'
                    },
            '98' => {
                      'percs_of_percs' => '500959',
                      'means_of_percs' => '167587.333333333',
                      'all_percs' => '500959'
                    },
            '100' => {
                       'all_percs' => '500999',
                       'means_of_percs' => '167614.666666667',
                       'percs_of_percs' => '500999'
                     },
            '50' => {
                      'means_of_percs' => '654',
                      'all_percs' => '990',
                      'percs_of_percs' => '999'
                    }
          },
          'slices',
          {
            'a' => {
                     'avg' => '250499.558891',
                     'sum' => '250499558891',
                     'skew' => '-2.98526726779222e-09',
                     'perc' => {
                                 '60' => '500199',
                                 '80' => '500599',
                                 '40' => '800',
                                 '20' => '400',
                                 '99' => '500979',
                                 '30' => '600',
                                 '98' => '500959',
                                 '100' => '500999',
                                 '70' => '500400',
                                 '90' => '500799',
                                 '50' => '999',
                                 '95' => '500899'
                               },
                     'stddev' => '249999.86975679',
                     'kind' => 'symmetric',
                     'cnt' => 1000000
                   },
            'b' => {
                     'avg' => '477.6',
                     'sum' => 4776,
                     'skew' => '-0.246430586092172',
                     'kind' => 'symmetric',
                     'cnt' => 10,
                     'perc' => {
                                 '95' => '824',
                                 '50' => '464',
                                 '90' => '802',
                                 '100' => '846',
                                 '70' => '748',
                                 '98' => '824',
                                 '30' => '147',
                                 '20' => '122',
                                 '99' => '824',
                                 '40' => '337',
                                 '80' => '763',
                                 '60' => '546'
                               },
                     'stddev' => '297.161639516274'
                   },
            'c' => {
                     'avg' => '499.2259',
                     'sum' => 4992259,
                     'skew' => '-0.00346892406355128',
                     'cnt' => 10000,
                     'kind' => 'symmetric',
                     'stddev' => '290.577350234305',
                     'perc' => {
                                 '90' => '901',
                                 '100' => '999',
                                 '70' => '704',
                                 '98' => '979',
                                 '50' => '499',
                                 '95' => '948',
                                 '60' => '600',
                                 '80' => '802',
                                 '20' => '197',
                                 '99' => '989',
                                 '40' => '398',
                                 '30' => '295'
                               }
                   }
          }
        ];
