$VAR1 = [
          'table',
          {
            '20' => {
                      'means_of_percs' => '162.666666666667',
                      'all_percs' => 200,
                      'percs_of_percs' => 200
                    },
            '60' => {
                      'percs_of_percs' => 600,
                      'all_percs' => 600,
                      'means_of_percs' => '568.333333333333'
                    },
            '40' => {
                      'all_percs' => 399,
                      'means_of_percs' => '310.333333333333',
                      'percs_of_percs' => 399
                    },
            '30' => {
                      'all_percs' => 300,
                      'means_of_percs' => '236',
                      'percs_of_percs' => 300
                    },
            '95' => {
                      'means_of_percs' => '899.5',
                      'all_percs' => 950,
                      'percs_of_percs' => 950
                    },
            '90' => {
                      'percs_of_percs' => 899,
                      'all_percs' => 899,
                      'means_of_percs' => '848.333333333333'
                    },
            '80' => {
                      'percs_of_percs' => 800,
                      'means_of_percs' => '771',
                      'all_percs' => 800
                    },
            '50' => {
                      'all_percs' => 499,
                      'means_of_percs' => '387.666666666667',
                      'percs_of_percs' => 499
                    },
            '99' => {
                      'percs_of_percs' => 989,
                      'means_of_percs' => '925.833333333333',
                      'all_percs' => 989
                    },
            '70' => {
                      'percs_of_percs' => 700,
                      'all_percs' => 700,
                      'means_of_percs' => '695.666666666667'
                    },
            '98' => {
                      'means_of_percs' => '919.166666666667',
                      'all_percs' => 980,
                      'percs_of_percs' => 980
                    },
            '100' => {
                       'means_of_percs' => '950',
                       'all_percs' => 999,
                       'percs_of_percs' => 999
                     }
          },
          'slices',
          {
            'a' => {
                     'kind' => 'symmetric',
                     'avg' => '499.602776',
                     'cnt' => 1000000,
                     'perc' => {
                                 '95' => '950',
                                 '60' => '600',
                                 '20' => '200',
                                 '30' => '300',
                                 '40' => '399',
                                 '70' => '700',
                                 '99' => '989',
                                 '98' => '980',
                                 '100' => '999',
                                 '90' => '899',
                                 '80' => '800',
                                 '50' => '499'
                               },
                     'stddev' => '288.656873930074',
                     'sum' => 499602776,
                     'skew' => '0.00015496181786014'
                   },
            'c' => {
                     'skew' => '0.0175616439784033',
                     'sum' => 4946813,
                     'cnt' => 10000,
                     'kind' => 'symmetric',
                     'avg' => '494.6813',
                     'stddev' => '289.156763590807',
                     'perc' => {
                                 '50' => '494',
                                 '90' => '899',
                                 '80' => '795',
                                 '100' => '999',
                                 '98' => '978',
                                 '99' => '989',
                                 '70' => '690',
                                 '40' => '393',
                                 '30' => '294',
                                 '20' => '195',
                                 '60' => '594',
                                 '95' => '949'
                               }
                   },
            'b' => {
                     'avg' => '408.9',
                     'kind' => 'symmetric',
                     'cnt' => 10,
                     'perc' => {
                                 '100' => '852',
                                 '98' => '799.5',
                                 '70' => '697',
                                 '99' => '799.5',
                                 '50' => '170',
                                 '90' => '747',
                                 '80' => '718',
                                 '95' => '799.5',
                                 '30' => '114',
                                 '40' => '139',
                                 '60' => '511',
                                 '20' => '93'
                               },
                     'stddev' => '307.659698368181',
                     'sum' => 4089,
                     'skew' => '0.14656514367078'
                   }
          }
        ];
