all_percs is not equal to percs_of_percs for percentile 30: $VAR1 = [
          'data',
          {
            'means_of_percs' => '567.666666666667',
            'all_percs' => 301,
            'percs_of_percs' => 299
          },
          'table',
          {
            '30' => $VAR1->[1],
            '70' => {
                      'all_percs' => '703',
                      'percs_of_percs' => '699',
                      'means_of_percs' => '4541.66666666667'
                    },
            '80' => {
                      'percs_of_percs' => '799',
                      'all_percs' => '804',
                      'means_of_percs' => '4820.33333333333'
                    },
            '20' => {
                      'means_of_percs' => '378.166666666667',
                      'percs_of_percs' => '199',
                      'all_percs' => '200'
                    },
            '60' => {
                      'means_of_percs' => '2708',
                      'all_percs' => '603',
                      'percs_of_percs' => '599'
                    },
            '98' => {
                      'all_percs' => '986',
                      'percs_of_percs' => '980',
                      'means_of_percs' => '167578.5'
                    },
            '90' => {
                      'all_percs' => '905',
                      'percs_of_percs' => '899',
                      'means_of_percs' => '167390'
                    },
            '99' => {
                      'percs_of_percs' => '989',
                      'all_percs' => '996',
                      'means_of_percs' => '167602'
                    },
            '40' => {
                      'all_percs' => '401',
                      'percs_of_percs' => '398',
                      'means_of_percs' => '2417.33333333333'
                    },
            '50' => {
                      'means_of_percs' => '2572.66666666667',
                      'percs_of_percs' => '499',
                      'all_percs' => '502'
                    },
            '100' => {
                       'means_of_percs' => '167635.666666667',
                       'all_percs' => '500999',
                       'percs_of_percs' => '500999'
                     },
            '95' => {
                      'percs_of_percs' => '949',
                      'all_percs' => '956',
                      'means_of_percs' => '167509.666666667'
                    }
          },
          'slices',
          {
            'a' => {
                     'skew' => '0.00178016755208181',
                     'stddev' => '288.51277603734',
                     'avg' => '498.963268',
                     'cnt' => 1000000,
                     'perc' => {
                                 '30' => '299',
                                 '70' => '699',
                                 '80' => '799',
                                 '20' => '199',
                                 '60' => '599',
                                 '98' => '980',
                                 '90' => '899',
                                 '40' => '398',
                                 '99' => '989',
                                 '50' => '499',
                                 '95' => '949',
                                 '100' => '999'
                               },
                     'kind' => 'symmetric',
                     'sum' => 498963268
                   },
            'b' => {
                     'sum' => 6605,
                     'skew' => '-0.585335757779682',
                     'avg' => '660.5',
                     'stddev' => '193.156025016048',
                     'cnt' => 10,
                     'kind' => 'symmetric',
                     'perc' => {
                                 '30' => '512',
                                 '70' => '721',
                                 '20' => '345',
                                 '80' => '845',
                                 '60' => '720',
                                 '90' => '849',
                                 '98' => '879',
                                 '99' => '879',
                                 '40' => '659',
                                 '95' => '879',
                                 '100' => '909',
                                 '50' => '716'
                               }
                   },
            'c' => {
                     'cnt' => 9999,
                     'kind' => 'asymmetric',
                     'perc' => {
                                 '30' => '892',
                                 '70' => '12205',
                                 '80' => '12817',
                                 '20' => '590.5',
                                 '60' => '6805',
                                 '98' => '500876.5',
                                 '90' => '500422',
                                 '99' => '500938',
                                 '40' => '6195',
                                 '50' => '6503',
                                 '95' => '500701',
                                 '100' => '500999'
                               },
                     'avg' => '89613.899789979',
                     'stddev' => '186207.283924697',
                     'skew' => '1.75213142721038',
                     'sum' => 896049384
                   }
          }
        ];
