all_percs is not equal to percs_of_percs for percentile 30: $VAR1 = [
          'data',
          {
            'all_percs' => 594,
            'percs_of_percs' => 600,
            'means_of_percs' => '426'
          },
          'table',
          {
            '30' => $VAR1->[1],
            '98' => {
                      'all_percs' => '500959',
                      'percs_of_percs' => '500959',
                      'means_of_percs' => '167578'
                    },
            '60' => {
                      'percs_of_percs' => '500200',
                      'means_of_percs' => '167157',
                      'all_percs' => '500192'
                    },
            '100' => {
                       'percs_of_percs' => '500999',
                       'means_of_percs' => '167606.666666667',
                       'all_percs' => '500999'
                     },
            '70' => {
                      'all_percs' => '500395',
                      'means_of_percs' => '167264.666666667',
                      'percs_of_percs' => '500400'
                    },
            '50' => {
                      'all_percs' => '990',
                      'means_of_percs' => '661',
                      'percs_of_percs' => '999'
                    },
            '95' => {
                      'percs_of_percs' => '500899',
                      'means_of_percs' => '167547.666666667',
                      'all_percs' => '500898'
                    },
            '99' => {
                      'percs_of_percs' => '500980',
                      'means_of_percs' => '167588.666666667',
                      'all_percs' => '500979'
                    },
            '40' => {
                      'all_percs' => '791',
                      'means_of_percs' => '537',
                      'percs_of_percs' => '799'
                    },
            '90' => {
                      'percs_of_percs' => '500800',
                      'means_of_percs' => '167489.333333333',
                      'all_percs' => '500798'
                    },
            '20' => {
                      'means_of_percs' => '314.333333333333',
                      'percs_of_percs' => '399',
                      'all_percs' => '395'
                    },
            '80' => {
                      'all_percs' => '500596',
                      'means_of_percs' => '167363',
                      'percs_of_percs' => '500600'
                    }
          },
          'slices',
          {
            'c' => {
                     'cnt' => 10000,
                     'skew' => '-0.0187492762884891',
                     'kind' => 'symmetric',
                     'sum' => 5009804,
                     'stddev' => '290.096510864643',
                     'perc' => {
                                 '99' => '990',
                                 '80' => '801',
                                 '40' => '404',
                                 '90' => '898',
                                 '20' => '195',
                                 '100' => '999',
                                 '98' => '979',
                                 '60' => '602',
                                 '30' => '301',
                                 '95' => '948',
                                 '70' => '707',
                                 '50' => '503'
                               },
                     'avg' => '500.9804'
                   },
            'a' => {
                     'avg' => '250499.727112',
                     'perc' => {
                                 '50' => '999',
                                 '70' => '500400',
                                 '95' => '500899',
                                 '98' => '500959',
                                 '60' => '500200',
                                 '30' => '600',
                                 '100' => '500999',
                                 '80' => '500600',
                                 '20' => '399',
                                 '90' => '500800',
                                 '40' => '799',
                                 '99' => '500980'
                               },
                     'stddev' => '250000.257345153',
                     'sum' => '250499727112',
                     'kind' => 'symmetric',
                     'skew' => '-7.99704194618404e-10',
                     'cnt' => 1000000
                   },
            'b' => {
                     'stddev' => '206.470433718729',
                     'avg' => '540.4',
                     'perc' => {
                                 '99' => '796',
                                 '20' => '349',
                                 '90' => '770',
                                 '40' => '408',
                                 '80' => '688',
                                 '100' => '822',
                                 '30' => '377',
                                 '98' => '796',
                                 '60' => '669',
                                 '95' => '796',
                                 '70' => '687',
                                 '50' => '481'
                               },
                     'kind' => 'symmetric',
                     'sum' => 5404,
                     'cnt' => 10,
                     'skew' => '-0.330821143049606'
                   }
          }
        ];
