all_percs is not equal to percs_of_percs for percentile 70: $VAR1 = [
          'data',
          {
            'means_of_percs' => '694',
            'all_percs' => 699,
            'percs_of_percs' => 698
          },
          'table',
          {
            '40' => {
                      'all_percs' => 399,
                      'percs_of_percs' => 399,
                      'means_of_percs' => '373.333333333333'
                    },
            '60' => {
                      'means_of_percs' => '547.333333333333',
                      'all_percs' => 599,
                      'percs_of_percs' => 599
                    },
            '20' => {
                      'means_of_percs' => '198.333333333333',
                      'all_percs' => 199,
                      'percs_of_percs' => 199
                    },
            '98' => {
                      'all_percs' => 979,
                      'percs_of_percs' => 979,
                      'means_of_percs' => '937'
                    },
            '99' => {
                      'all_percs' => 989,
                      'percs_of_percs' => 989,
                      'means_of_percs' => '944'
                    },
            '95' => {
                      'means_of_percs' => '917.666666666667',
                      'all_percs' => 949,
                      'percs_of_percs' => 949
                    },
            '30' => {
                      'means_of_percs' => '305',
                      'all_percs' => 299,
                      'percs_of_percs' => 299
                    },
            '70' => $VAR1->[1],
            '80' => {
                      'all_percs' => '799',
                      'percs_of_percs' => '799',
                      'means_of_percs' => '780'
                    },
            '90' => {
                      'means_of_percs' => '885',
                      'all_percs' => '899',
                      'percs_of_percs' => '899'
                    },
            '100' => {
                       'means_of_percs' => '950.333333333333',
                       'percs_of_percs' => '999',
                       'all_percs' => '999'
                     },
            '50' => {
                      'percs_of_percs' => '499',
                      'all_percs' => '499',
                      'means_of_percs' => '475'
                    }
          },
          'slices',
          {
            'c' => {
                     'stddev' => '289.115095538853',
                     'perc' => {
                                 '98' => '979',
                                 '99' => '990',
                                 '95' => '951',
                                 '30' => '301',
                                 '80' => '803',
                                 '70' => '704',
                                 '100' => '999',
                                 '90' => '903',
                                 '50' => '502',
                                 '40' => '401',
                                 '60' => '606',
                                 '20' => '202'
                               },
                     'kind' => 'symmetric',
                     'avg' => '502.3466',
                     'cnt' => 10000,
                     'sum' => 5023466,
                     'skew' => '-0.0108657877399246'
                   },
            'b' => {
                     'sum' => 4894,
                     'skew' => '0.075219885339903',
                     'avg' => '489.4',
                     'cnt' => 10,
                     'perc' => {
                                 '30' => '315',
                                 '95' => '853',
                                 '99' => '853',
                                 '98' => '853',
                                 '50' => '424',
                                 '100' => '853',
                                 '90' => '853',
                                 '70' => '680',
                                 '80' => '738',
                                 '60' => '437',
                                 '40' => '320',
                                 '20' => '194'
                               },
                     'kind' => 'symmetric',
                     'stddev' => '261.446820596465'
                   },
            'a' => {
                     'sum' => 499051610,
                     'skew' => '0.00137737947688314',
                     'cnt' => 1000000,
                     'avg' => '499.05161',
                     'stddev' => '288.541153550838',
                     'kind' => 'symmetric',
                     'perc' => {
                                 '80' => '799',
                                 '70' => '698',
                                 '100' => '999',
                                 '90' => '899',
                                 '50' => '499',
                                 '99' => '989',
                                 '98' => '979',
                                 '95' => '949',
                                 '30' => '299',
                                 '20' => '199',
                                 '40' => '399',
                                 '60' => '599'
                               }
                   }
          }
        ];
