all_percs is not equal to percs_of_percs for percentile 20: $VAR1 = [
          'data',
          {
            'percs_of_percs' => 199,
            'means_of_percs' => '199.666666666667',
            'all_percs' => 200
          },
          'table',
          {
            '98' => {
                      'all_percs' => 979,
                      'means_of_percs' => '980',
                      'percs_of_percs' => 979
                    },
            '30' => {
                      'means_of_percs' => '299',
                      'percs_of_percs' => 299,
                      'all_percs' => 299
                    },
            '20' => $VAR1->[1],
            '50' => {
                      'percs_of_percs' => '500',
                      'means_of_percs' => '498',
                      'all_percs' => '499'
                    },
            '99' => {
                      'all_percs' => '990',
                      'means_of_percs' => '990',
                      'percs_of_percs' => '990'
                    },
            '60' => {
                      'percs_of_percs' => '600',
                      'means_of_percs' => '599.666666666667',
                      'all_percs' => '600'
                    },
            '95' => {
                      'all_percs' => '949',
                      'means_of_percs' => '951',
                      'percs_of_percs' => '949'
                    },
            '40' => {
                      'means_of_percs' => '397.666666666667',
                      'percs_of_percs' => '399',
                      'all_percs' => '399'
                    },
            '100' => {
                       'all_percs' => '500973',
                       'percs_of_percs' => '500973',
                       'means_of_percs' => '167657'
                     },
            '70' => {
                      'all_percs' => '699',
                      'means_of_percs' => '700.333333333333',
                      'percs_of_percs' => '699'
                    },
            '90' => {
                      'all_percs' => '899',
                      'percs_of_percs' => '899',
                      'means_of_percs' => '901'
                    },
            '80' => {
                      'all_percs' => '799',
                      'percs_of_percs' => '799',
                      'means_of_percs' => '801.666666666667'
                    }
          },
          'slices',
          {
            'c' => {
                     'perc' => {
                                 '50' => '495',
                                 '60' => '600',
                                 '99' => '991',
                                 '95' => '955',
                                 '100' => '999',
                                 '40' => '395',
                                 '70' => '703',
                                 '90' => '905',
                                 '80' => '807',
                                 '98' => '982',
                                 '30' => '299',
                                 '20' => '200'
                               },
                     'skew' => '0.0191541462661325',
                     'sum' => 5004013,
                     'stddev' => '290.484866487584',
                     'avg' => '500.4013',
                     'cnt' => 10000,
                     'kind' => 'symmetric'
                   },
            'b' => {
                     'kind' => 'asymmetric',
                     'cnt' => 700020,
                     'avg' => '509.900807119797',
                     'stddev' => '2132.80015427251',
                     'sum' => 356940763,
                     'skew' => '207.172241475177',
                     'perc' => {
                                 '60' => '599',
                                 '99' => '990',
                                 '95' => '949',
                                 '50' => '499',
                                 '90' => '899',
                                 '70' => '699',
                                 '80' => '799',
                                 '100' => '500973',
                                 '40' => '399',
                                 '98' => '979',
                                 '20' => '200',
                                 '30' => '299'
                               }
                   },
            'a' => {
                     'perc' => {
                                 '20' => '199',
                                 '30' => '299',
                                 '98' => '979',
                                 '80' => '799',
                                 '70' => '699',
                                 '90' => '899',
                                 '40' => '399',
                                 '100' => '999',
                                 '60' => '600',
                                 '99' => '989',
                                 '95' => '949',
                                 '50' => '500'
                               },
                     'skew' => '-6.84080524843444e-05',
                     'cnt' => 1000000,
                     'avg' => '499.255624',
                     'stddev' => '288.652461968333',
                     'sum' => 499255624,
                     'kind' => 'symmetric'
                   }
          }
        ];
