all_percs is not equal to percs_of_percs for percentile 95: $VAR1 = [
          'data',
          {
            'percs_of_percs' => 500900,
            'means_of_percs' => '334165.666666667',
            'all_percs' => 500899
          },
          'table',
          {
            '98' => {
                      'all_percs' => 500959,
                      'means_of_percs' => '334245.833333333',
                      'percs_of_percs' => 500959
                    },
            '95' => $VAR1->[1],
            '90' => {
                      'percs_of_percs' => '500800',
                      'means_of_percs' => '334023.5',
                      'all_percs' => '500799'
                    },
            '20' => {
                      'percs_of_percs' => '399',
                      'all_percs' => '400',
                      'means_of_percs' => '406.5'
                    },
            '50' => {
                      'percs_of_percs' => '999',
                      'means_of_percs' => '2647.66666666667',
                      'all_percs' => '6489'
                    },
            '30' => {
                      'means_of_percs' => '613.166666666667',
                      'all_percs' => '601',
                      'percs_of_percs' => '599'
                    },
            '40' => {
                      'all_percs' => '803',
                      'means_of_percs' => '2462.33333333333',
                      'percs_of_percs' => '800'
                    },
            '99' => {
                      'percs_of_percs' => '500980',
                      'means_of_percs' => '334273.833333333',
                      'all_percs' => '500979'
                    },
            '60' => {
                      'percs_of_percs' => '500199',
                      'means_of_percs' => '169195.333333333',
                      'all_percs' => '500194'
                    },
            '80' => {
                      'percs_of_percs' => '500601',
                      'means_of_percs' => '171402.333333333',
                      'all_percs' => '500598'
                    },
            '100' => {
                       'percs_of_percs' => '500999',
                       'means_of_percs' => '334309.666666667',
                       'all_percs' => '500999'
                     },
            '70' => {
                      'all_percs' => '500396',
                      'means_of_percs' => '171069.333333333',
                      'percs_of_percs' => '500400'
                    }
          },
          'slices',
          {
            'c' => {
                     'sum' => 878981412,
                     'perc' => {
                                 '70' => '12201',
                                 '30' => '910.5',
                                 '50' => '6490',
                                 '40' => '6200',
                                 '99' => '500935',
                                 '100' => '500999',
                                 '80' => '12796',
                                 '60' => '6800',
                                 '90' => '500388.5',
                                 '20' => '594.5',
                                 '98' => '500872',
                                 '95' => '500690.5'
                               },
                     'stddev' => '184660.239700811',
                     'kind' => 'asymmetric',
                     'cnt' => 9999,
                     'avg' => '87906.9318931893',
                     'skew' => '1.78542107760158'
                   },
            'a' => {
                     'skew' => '2.7861750664652e-09',
                     'avg' => '250499.570653',
                     'kind' => 'symmetric',
                     'cnt' => 1000000,
                     'sum' => '250499570653',
                     'perc' => {
                                 '70' => '500400',
                                 '99' => '500980',
                                 '100' => '500999',
                                 '80' => '500601',
                                 '60' => '500199',
                                 '50' => '999',
                                 '30' => '599',
                                 '40' => '800',
                                 '20' => '399',
                                 '90' => '500800',
                                 '98' => '500959',
                                 '95' => '500900'
                               },
                     'stddev' => '250000.328812922'
                   },
            'b' => {
                     'sum' => 5261,
                     'perc' => {
                                 '90' => '882',
                                 '20' => '226',
                                 '98' => '906.5',
                                 '95' => '906.5',
                                 '70' => '607',
                                 '30' => '330',
                                 '50' => '454',
                                 '40' => '387',
                                 '99' => '906.5',
                                 '100' => '931',
                                 '80' => '810',
                                 '60' => '587'
                               },
                     'stddev' => '276.416515425544',
                     'kind' => 'symmetric',
                     'cnt' => 10,
                     'avg' => '526.1',
                     'skew' => '-0.0592189841202269'
                   }
          }
        ];
