all_percs is not equal to percs_of_percs for percentile 90: $VAR1 = [
          'data',
          {
            'means_of_percs' => '866',
            'all_percs' => 900,
            'percs_of_percs' => 899
          },
          'table',
          {
            '30' => {
                      'means_of_percs' => '248.666666666667',
                      'all_percs' => 299,
                      'percs_of_percs' => 299
                    },
            '80' => {
                      'percs_of_percs' => 800,
                      'means_of_percs' => '787.666666666667',
                      'all_percs' => 800
                    },
            '60' => {
                      'percs_of_percs' => 599,
                      'means_of_percs' => '567.333333333333',
                      'all_percs' => 599
                    },
            '95' => {
                      'percs_of_percs' => 950,
                      'all_percs' => 950,
                      'means_of_percs' => '924.166666666667'
                    },
            '99' => {
                      'percs_of_percs' => 990,
                      'means_of_percs' => '949.833333333333',
                      'all_percs' => 990
                    },
            '90' => $VAR1->[1],
            '98' => {
                      'means_of_percs' => '943.833333333333',
                      'all_percs' => '980',
                      'percs_of_percs' => '980'
                    },
            '100' => {
                       'all_percs' => '999',
                       'means_of_percs' => '978.666666666667',
                       'percs_of_percs' => '999'
                     },
            '20' => {
                      'means_of_percs' => '155',
                      'all_percs' => '199',
                      'percs_of_percs' => '199'
                    },
            '50' => {
                      'all_percs' => '500',
                      'means_of_percs' => '411.333333333333',
                      'percs_of_percs' => '499'
                    },
            '70' => {
                      'all_percs' => '699',
                      'means_of_percs' => '658',
                      'percs_of_percs' => '699'
                    },
            '40' => {
                      'percs_of_percs' => '400',
                      'all_percs' => '400',
                      'means_of_percs' => '342.333333333333'
                    }
          },
          'slices',
          {
            'b' => {
                     'sum' => 4232,
                     'kind' => 'symmetric',
                     'perc' => {
                                 '30' => '136',
                                 '80' => '762',
                                 '90' => '797',
                                 '99' => '867.5',
                                 '95' => '867.5',
                                 '60' => '499',
                                 '100' => '938',
                                 '98' => '867.5',
                                 '20' => '59',
                                 '70' => '576',
                                 '50' => '228',
                                 '40' => '217'
                               },
                     'stddev' => '317.323431218056',
                     'skew' => '0.243495368567099',
                     'avg' => '423.2',
                     'cnt' => 10
                   },
            'c' => {
                     'cnt' => 10000,
                     'avg' => '504.2044',
                     'skew' => '-0.0135201175417242',
                     'perc' => {
                                 '100' => '999',
                                 '98' => '984',
                                 '80' => '801',
                                 '30' => '311',
                                 '99' => '992',
                                 '95' => '955',
                                 '90' => '902',
                                 '60' => '604',
                                 '40' => '410',
                                 '20' => '207',
                                 '50' => '507',
                                 '70' => '699'
                               },
                     'stddev' => '287.746626080376',
                     'kind' => 'symmetric',
                     'sum' => 5042044
                   },
            'a' => {
                     'cnt' => 1000000,
                     'avg' => '499.430165',
                     'skew' => '0.000530428729360907',
                     'stddev' => '288.686808508922',
                     'perc' => {
                                 '95' => '950',
                                 '99' => '990',
                                 '90' => '899',
                                 '60' => '599',
                                 '30' => '299',
                                 '80' => '800',
                                 '100' => '999',
                                 '98' => '980',
                                 '70' => '699',
                                 '50' => '499',
                                 '20' => '199',
                                 '40' => '400'
                               },
                     'kind' => 'symmetric',
                     'sum' => 499430165
                   }
          }
        ];
