$VAR1 = [
          'table',
          {
            '40' => {
                      'all_percs' => 399,
                      'means_of_percs' => '384',
                      'percs_of_percs' => 399
                    },
            '70' => {
                      'means_of_percs' => '681.333333333333',
                      'percs_of_percs' => 700,
                      'all_percs' => 700
                    },
            '50' => {
                      'all_percs' => 499,
                      'means_of_percs' => '468.666666666667',
                      'percs_of_percs' => 499
                    },
            '60' => {
                      'means_of_percs' => '606',
                      'percs_of_percs' => 599,
                      'all_percs' => 599
                    },
            '98' => {
                      'all_percs' => 979,
                      'percs_of_percs' => 979,
                      'means_of_percs' => '907.833333333333'
                    },
            '99' => {
                      'all_percs' => 990,
                      'means_of_percs' => '915.5',
                      'percs_of_percs' => 990
                    },
            '80' => {
                      'means_of_percs' => '774.666666666667',
                      'percs_of_percs' => 800,
                      'all_percs' => 800
                    },
            '100' => {
                       'all_percs' => 999,
                       'means_of_percs' => '930.666666666667',
                       'percs_of_percs' => 999
                     },
            '95' => {
                      'all_percs' => 949,
                      'means_of_percs' => '889.166666666667',
                      'percs_of_percs' => 949
                    },
            '20' => {
                      'all_percs' => 199,
                      'percs_of_percs' => 199,
                      'means_of_percs' => '190.666666666667'
                    },
            '90' => {
                      'all_percs' => 900,
                      'means_of_percs' => '847.666666666667',
                      'percs_of_percs' => 900
                    },
            '30' => {
                      'all_percs' => 299,
                      'means_of_percs' => '267',
                      'percs_of_percs' => 299
                    }
          },
          'slices',
          {
            'a' => {
                     'kind' => 'symmetric',
                     'avg' => '499.242443',
                     'perc' => {
                                 '20' => '199',
                                 '90' => '900',
                                 '80' => '800',
                                 '100' => '999',
                                 '95' => '949',
                                 '30' => '299',
                                 '40' => '399',
                                 '99' => '990',
                                 '60' => '599',
                                 '98' => '979',
                                 '70' => '700',
                                 '50' => '499'
                               },
                     'cnt' => 1000000,
                     'stddev' => '288.932976308303',
                     'sum' => 499242443,
                     'skew' => '0.000401889608919361'
                   },
            'c' => {
                     'kind' => 'symmetric',
                     'avg' => '499.4528',
                     'sum' => 4994528,
                     'cnt' => 10000,
                     'stddev' => '289.676773615283',
                     'skew' => '0.00139964278090128',
                     'perc' => {
                                 '40' => '398',
                                 '50' => '500',
                                 '99' => '990',
                                 '98' => '978',
                                 '70' => '698',
                                 '60' => '599',
                                 '30' => '301',
                                 '80' => '799',
                                 '100' => '999',
                                 '95' => '952',
                                 '20' => '201',
                                 '90' => '904'
                               }
                   },
            'b' => {
                     'perc' => {
                                 '40' => '355',
                                 '98' => '766.5',
                                 '99' => '766.5',
                                 '70' => '646',
                                 '60' => '620',
                                 '50' => '407',
                                 '80' => '725',
                                 '95' => '766.5',
                                 '100' => '794',
                                 '20' => '172',
                                 '90' => '739',
                                 '30' => '201'
                               },
                     'cnt' => 10,
                     'stddev' => '252.136490814003',
                     'sum' => 4727,
                     'skew' => '-0.242862812270651',
                     'kind' => 'symmetric',
                     'avg' => '472.7'
                   }
          }
        ];
