all_percs is not equal to percs_of_percs for percentile 50: $VAR1 = [
          'data',
          {
            'all_percs' => 990,
            'percs_of_percs' => 999,
            'means_of_percs' => '783.666666666667'
          },
          'table',
          {
            '50' => $VAR1->[1],
            '40' => {
                      'means_of_percs' => '639',
                      'percs_of_percs' => '799',
                      'all_percs' => '791'
                    },
            '70' => {
                      'percs_of_percs' => '500399',
                      'all_percs' => '500393',
                      'means_of_percs' => '167338'
                    },
            '60' => {
                      'means_of_percs' => '167231',
                      'all_percs' => '500192',
                      'percs_of_percs' => '500200'
                    },
            '95' => {
                      'means_of_percs' => '167603.5',
                      'all_percs' => '500899',
                      'percs_of_percs' => '500899'
                    },
            '80' => {
                      'all_percs' => '500596',
                      'percs_of_percs' => '500600',
                      'means_of_percs' => '167439.666666667'
                    },
            '100' => {
                       'all_percs' => '500999',
                       'percs_of_percs' => '500999',
                       'means_of_percs' => '167657.333333333'
                     },
            '99' => {
                      'percs_of_percs' => '500980',
                      'all_percs' => '500979',
                      'means_of_percs' => '167643.5'
                    },
            '98' => {
                      'means_of_percs' => '167633.5',
                      'percs_of_percs' => '500959',
                      'all_percs' => '500959'
                    },
            '20' => {
                      'all_percs' => '396',
                      'percs_of_percs' => '400',
                      'means_of_percs' => '248.666666666667'
                    },
            '30' => {
                      'means_of_percs' => '365',
                      'percs_of_percs' => '599',
                      'all_percs' => '593'
                    },
            '90' => {
                      'percs_of_percs' => '500800',
                      'all_percs' => '500798',
                      'means_of_percs' => '167549'
                    }
          },
          'slices',
          {
            'a' => {
                     'perc' => {
                                 '99' => '500980',
                                 '20' => '400',
                                 '98' => '500959',
                                 '90' => '500800',
                                 '30' => '599',
                                 '100' => '500999',
                                 '80' => '500600',
                                 '60' => '500200',
                                 '95' => '500899',
                                 '70' => '500399',
                                 '50' => '999',
                                 '40' => '799'
                               },
                     'stddev' => '250000.383123987',
                     'skew' => '4.7185263246614e-09',
                     'avg' => '250499.573818',
                     'sum' => '250499573818',
                     'cnt' => 1000000,
                     'kind' => 'symmetric'
                   },
            'c' => {
                     'perc' => {
                                 '40' => '404',
                                 '50' => '498',
                                 '60' => '595',
                                 '95' => '949',
                                 '70' => '696',
                                 '100' => '999',
                                 '80' => '796',
                                 '90' => '896',
                                 '30' => '303',
                                 '98' => '979',
                                 '99' => '988',
                                 '20' => '200'
                               },
                     'stddev' => '286.720958751728',
                     'skew' => '0.000798085444301614',
                     'avg' => '499.2057',
                     'sum' => 4992057,
                     'kind' => 'symmetric',
                     'cnt' => 10000
                   },
            'b' => {
                     'sum' => 6629,
                     'cnt' => 10,
                     'kind' => 'symmetric',
                     'skew' => '-0.793076307775711',
                     'avg' => '662.9',
                     'perc' => {
                                 '50' => '854',
                                 '40' => '714',
                                 '95' => '962.5',
                                 '60' => '898',
                                 '70' => '919',
                                 '100' => '974',
                                 '80' => '923',
                                 '20' => '146',
                                 '99' => '962.5',
                                 '98' => '962.5',
                                 '90' => '951',
                                 '30' => '193'
                               },
                     'stddev' => '355.32138973048'
                   }
          }
        ];
