all_percs is not equal to percs_of_percs for percentile 40: $VAR1 = [
          'data',
          {
            'means_of_percs' => '2269.66666666667',
            'all_percs' => 403,
            'percs_of_percs' => 400
          },
          'table',
          {
            '40' => $VAR1->[1],
            '70' => {
                      'means_of_percs' => '4499.83333333333',
                      'all_percs' => '705',
                      'percs_of_percs' => '700'
                    },
            '30' => {
                      'percs_of_percs' => '300',
                      'all_percs' => '302',
                      'means_of_percs' => '458'
                    },
            '90' => {
                      'percs_of_percs' => '900',
                      'means_of_percs' => '167346.166666667',
                      'all_percs' => '906'
                    },
            '99' => {
                      'all_percs' => '996',
                      'means_of_percs' => '167554.666666667',
                      'percs_of_percs' => '990'
                    },
            '50' => {
                      'percs_of_percs' => '500',
                      'all_percs' => '504',
                      'means_of_percs' => '2416.33333333333'
                    },
            '98' => {
                      'means_of_percs' => '167529.5',
                      'all_percs' => '986',
                      'percs_of_percs' => '980'
                    },
            '80' => {
                      'means_of_percs' => '4769',
                      'all_percs' => '805',
                      'percs_of_percs' => '800'
                    },
            '100' => {
                       'percs_of_percs' => '500998',
                       'means_of_percs' => '167579.666666667',
                       'all_percs' => '500998'
                     },
            '95' => {
                      'percs_of_percs' => '950',
                      'all_percs' => '956',
                      'means_of_percs' => '167460'
                    },
            '60' => {
                      'all_percs' => '604',
                      'means_of_percs' => '2648.83333333333',
                      'percs_of_percs' => '600'
                    },
            '20' => {
                      'percs_of_percs' => '200',
                      'means_of_percs' => '278.666666666667',
                      'all_percs' => '202'
                    }
          },
          'slices',
          {
            'c' => {
                     'cnt' => 9999,
                     'kind' => 'asymmetric',
                     'stddev' => '183860.295490271',
                     'avg' => '87028.8296829683',
                     'sum' => 870201268,
                     'skew' => '1.80286874022493',
                     'perc' => {
                                 '20' => '595',
                                 '100' => '500998',
                                 '95' => '500697',
                                 '60' => '6799.5',
                                 '98' => '500875.5',
                                 '50' => '6503',
                                 '80' => '12786',
                                 '90' => '500414.5',
                                 '99' => '500941',
                                 '30' => '900',
                                 '70' => '12198.5',
                                 '40' => '6198'
                               }
                   },
            'a' => {
                     'kind' => 'symmetric',
                     'cnt' => 1000000,
                     'stddev' => '288.575204958468',
                     'sum' => 500148530,
                     'avg' => '500.14853',
                     'perc' => {
                                 '50' => '500',
                                 '98' => '980',
                                 '80' => '800',
                                 '20' => '200',
                                 '100' => '999',
                                 '60' => '600',
                                 '95' => '950',
                                 '70' => '700',
                                 '40' => '400',
                                 '99' => '990',
                                 '90' => '900',
                                 '30' => '300'
                               },
                     'skew' => '-0.00204644433022307'
                   },
            'b' => {
                     'skew' => '-0.0547755098546893',
                     'perc' => {
                                 '50' => '246',
                                 '98' => '733',
                                 '80' => '721',
                                 '20' => '41',
                                 '100' => '742',
                                 '60' => '547',
                                 '95' => '733',
                                 '70' => '601',
                                 '40' => '211',
                                 '90' => '724',
                                 '99' => '733',
                                 '30' => '174'
                               },
                     'avg' => '402.3',
                     'sum' => 4023,
                     'stddev' => '278.170469316928',
                     'cnt' => 10,
                     'kind' => 'symmetric'
                   }
          }
        ];
