all_percs is not equal to percs_of_percs for percentile 40: $VAR1 = [
          'data',
          {
            'all_percs' => 402,
            'percs_of_percs' => 399,
            'means_of_percs' => '2251.66666666667'
          },
          'table',
          {
            '40' => $VAR1->[1],
            '95' => {
                      'means_of_percs' => '167437.833333333',
                      'percs_of_percs' => '949',
                      'all_percs' => '956'
                    },
            '60' => {
                      'all_percs' => '603',
                      'percs_of_percs' => '599',
                      'means_of_percs' => '2653.33333333333'
                    },
            '30' => {
                      'all_percs' => '301',
                      'percs_of_percs' => '299',
                      'means_of_percs' => '425.333333333333'
                    },
            '90' => {
                      'percs_of_percs' => '899',
                      'means_of_percs' => '167317',
                      'all_percs' => '905'
                    },
            '98' => {
                      'all_percs' => '986',
                      'means_of_percs' => '167509.166666667',
                      'percs_of_percs' => '979'
                    },
            '80' => {
                      'means_of_percs' => '4739.83333333333',
                      'percs_of_percs' => '799',
                      'all_percs' => '804'
                    },
            '70' => {
                      'all_percs' => '704',
                      'percs_of_percs' => '699',
                      'means_of_percs' => '4502'
                    },
            '20' => {
                      'all_percs' => '201',
                      'means_of_percs' => '286.5',
                      'percs_of_percs' => '199'
                    },
            '99' => {
                      'all_percs' => '996',
                      'percs_of_percs' => '989',
                      'means_of_percs' => '167533.666666667'
                    },
            '100' => {
                       'all_percs' => '500999',
                       'percs_of_percs' => '500999',
                       'means_of_percs' => '167557'
                     },
            '50' => {
                      'means_of_percs' => '2402.66666666667',
                      'percs_of_percs' => '500',
                      'all_percs' => '503'
                    }
          },
          'slices',
          {
            'b' => {
                     'skew' => '-0.0677791524684066',
                     'kind' => 'symmetric',
                     'avg' => '363.5',
                     'perc' => {
                                 '95' => '668.5',
                                 '40' => '157',
                                 '90' => '664',
                                 '30' => '74',
                                 '98' => '668.5',
                                 '60' => '552',
                                 '70' => '606',
                                 '80' => '633',
                                 '50' => '213',
                                 '20' => '52',
                                 '99' => '668.5',
                                 '100' => '673'
                               },
                     'cnt' => 10,
                     'sum' => 3635,
                     'stddev' => '268.970351525963'
                   },
            'a' => {
                     'perc' => {
                                 '20' => '199',
                                 '100' => '999',
                                 '99' => '989',
                                 '50' => '500',
                                 '80' => '799',
                                 '70' => '699',
                                 '60' => '599',
                                 '90' => '899',
                                 '30' => '299',
                                 '98' => '979',
                                 '40' => '399',
                                 '95' => '949'
                               },
                     'stddev' => '288.662024036743',
                     'sum' => 499156694,
                     'cnt' => 1000000,
                     'skew' => '-0.000292624385376077',
                     'avg' => '499.156694',
                     'kind' => 'symmetric'
                   },
            'c' => {
                     'avg' => '86495.397939794',
                     'kind' => 'asymmetric',
                     'skew' => '1.81364349537965',
                     'stddev' => '183359.203992393',
                     'sum' => 864867484,
                     'cnt' => 9999,
                     'perc' => {
                                 '40' => '6199',
                                 '95' => '500696',
                                 '98' => '500880',
                                 '30' => '903',
                                 '90' => '500388',
                                 '60' => '6809',
                                 '80' => '12787.5',
                                 '70' => '12201',
                                 '50' => '6495',
                                 '99' => '500943.5',
                                 '100' => '500999',
                                 '20' => '608.5'
                               }
                   }
          }
        ];
