$VAR1 = [
          'table',
          {
            '50' => {
                      'percs_of_percs' => 500,
                      'all_percs' => 500,
                      'means_of_percs' => '499'
                    },
            '20' => {
                      'percs_of_percs' => 200,
                      'means_of_percs' => '229',
                      'all_percs' => 200
                    },
            '99' => {
                      'means_of_percs' => '971.666666666667',
                      'all_percs' => 990,
                      'percs_of_percs' => 990
                    },
            '70' => {
                      'percs_of_percs' => 700,
                      'all_percs' => 700,
                      'means_of_percs' => '681.333333333333'
                    },
            '95' => {
                      'all_percs' => 950,
                      'means_of_percs' => '945',
                      'percs_of_percs' => 950
                    },
            '100' => {
                       'percs_of_percs' => 999,
                       'all_percs' => 999,
                       'means_of_percs' => '990.666666666667'
                     },
            '80' => {
                      'percs_of_percs' => 800,
                      'all_percs' => 800,
                      'means_of_percs' => '765'
                    },
            '30' => {
                      'percs_of_percs' => 300,
                      'means_of_percs' => '336.666666666667',
                      'all_percs' => 300
                    },
            '40' => {
                      'percs_of_percs' => 400,
                      'means_of_percs' => '407.333333333333',
                      'all_percs' => 400
                    },
            '90' => {
                      'percs_of_percs' => 900,
                      'all_percs' => 900,
                      'means_of_percs' => '899.333333333333'
                    },
            '60' => {
                      'means_of_percs' => '613',
                      'all_percs' => 600,
                      'percs_of_percs' => 600
                    },
            '98' => {
                      'all_percs' => 980,
                      'means_of_percs' => '964.666666666667',
                      'percs_of_percs' => 980
                    }
          },
          'slices',
          {
            'c' => {
                     'cnt' => 10000,
                     'perc' => {
                                 '90' => '900',
                                 '40' => '409',
                                 '98' => '978',
                                 '60' => '603',
                                 '95' => '949',
                                 '80' => '803',
                                 '100' => '999',
                                 '30' => '310',
                                 '20' => '206',
                                 '70' => '701',
                                 '99' => '989',
                                 '50' => '507'
                               },
                     'avg' => '504.061',
                     'skew' => '-0.0222934811124615',
                     'sum' => 5040610,
                     'kind' => 'symmetric',
                     'stddev' => '287.054369552181'
                   },
            'b' => {
                     'perc' => {
                                 '50' => '490',
                                 '20' => '281',
                                 '70' => '643',
                                 '99' => '936',
                                 '95' => '936',
                                 '100' => '974',
                                 '80' => '692',
                                 '30' => '400',
                                 '40' => '413',
                                 '90' => '898',
                                 '60' => '636',
                                 '98' => '936'
                               },
                     'cnt' => 10,
                     'skew' => '-0.0139220648334684',
                     'avg' => 552,
                     'kind' => 'symmetric',
                     'sum' => 5520,
                     'stddev' => '257.512718132523'
                   },
            'a' => {
                     'stddev' => '288.714012058434',
                     'kind' => 'symmetric',
                     'sum' => 499726418,
                     'skew' => '-0.000804297733232258',
                     'avg' => '499.726418',
                     'perc' => {
                                 '95' => '950',
                                 '100' => '999',
                                 '80' => '800',
                                 '30' => '300',
                                 '40' => '400',
                                 '90' => '900',
                                 '60' => '600',
                                 '98' => '980',
                                 '50' => '500',
                                 '20' => '200',
                                 '70' => '700',
                                 '99' => '990'
                               },
                     'cnt' => 1000000
                   }
          }
        ];
