all_percs is not equal to percs_of_percs for percentile 20: $VAR1 = [
          'data',
          {
            'percs_of_percs' => 200,
            'means_of_percs' => '264',
            'all_percs' => 282
          },
          'table',
          {
            '20' => $VAR1->[1],
            '40' => {
                      'percs_of_percs' => '400',
                      'means_of_percs' => '532.333333333333',
                      'all_percs' => '565'
                    },
            '60' => {
                      'means_of_percs' => '167132.666666667',
                      'percs_of_percs' => '500199',
                      'all_percs' => '848'
                    },
            '80' => {
                      'means_of_percs' => '167398.333333333',
                      'percs_of_percs' => '500599',
                      'all_percs' => '500316'
                    },
            '30' => {
                      'percs_of_percs' => '300',
                      'means_of_percs' => '399',
                      'all_percs' => '424'
                    },
            '95' => {
                      'percs_of_percs' => '500899',
                      'means_of_percs' => '167599.333333333',
                      'all_percs' => '500828'
                    },
            '70' => {
                      'all_percs' => '989',
                      'percs_of_percs' => '500400',
                      'means_of_percs' => '167266'
                    },
            '50' => {
                      'all_percs' => '706',
                      'percs_of_percs' => '999',
                      'means_of_percs' => '665.666666666667'
                    },
            '90' => {
                      'all_percs' => '500657',
                      'percs_of_percs' => '500799',
                      'means_of_percs' => '167531.333333333'
                    },
            '100' => {
                       'percs_of_percs' => '500999',
                       'all_percs' => '500999',
                       'means_of_percs' => '334321.666666667'
                     },
            '99' => {
                      'percs_of_percs' => '500979',
                      'all_percs' => '500965',
                      'means_of_percs' => '167653'
                    },
            '98' => {
                      'percs_of_percs' => '500959',
                      'means_of_percs' => '167639.666666667',
                      'all_percs' => '500930'
                    }
          },
          'slices',
          {
            'a' => {
                     'stddev' => '250000.120997647',
                     'perc' => {
                                 '95' => '500899',
                                 '70' => '500400',
                                 '20' => '399',
                                 '40' => '800',
                                 '60' => '500199',
                                 '30' => '600',
                                 '80' => '500599',
                                 '99' => '500979',
                                 '98' => '500959',
                                 '50' => '999',
                                 '90' => '500799',
                                 '100' => '500999'
                               },
                     'avg' => '250499.365258',
                     'kind' => 'symmetric',
                     'sum' => '250499365258',
                     'cnt' => 1000000,
                     'skew' => '-3.54354423326904e-09'
                   },
            'c' => {
                     'kind' => 'symmetric',
                     'cnt' => 10000,
                     'sum' => 4969675,
                     'skew' => '-0.00270358551000125',
                     'stddev' => '289.279888073386',
                     'perc' => {
                                 '50' => '498',
                                 '100' => '999',
                                 '90' => '895',
                                 '99' => '990',
                                 '98' => '980',
                                 '20' => '193',
                                 '30' => '297',
                                 '80' => '796',
                                 '60' => '599',
                                 '40' => '397',
                                 '70' => '698',
                                 '95' => '949'
                               },
                     'avg' => '496.9675'
                   },
            'b' => {
                     'stddev' => '2132.56480984406',
                     'avg' => '510.7294120168',
                     'perc' => {
                                 '99' => '990',
                                 '98' => '980',
                                 '50' => '500',
                                 '100' => '500967',
                                 '90' => '900',
                                 '70' => '700',
                                 '95' => '950',
                                 '20' => '200',
                                 '60' => '600',
                                 '80' => '800',
                                 '30' => '300',
                                 '40' => '400'
                               },
                     'kind' => 'asymmetric',
                     'skew' => '207.115908660193',
                     'cnt' => 700020,
                     'sum' => 357520803
                   }
          }
        ];
