$VAR1 = [
          'table',
          {
            '20' => {
                      'means_of_percs' => '175',
                      'all_percs' => 199,
                      'percs_of_percs' => 199
                    },
            '60' => {
                      'percs_of_percs' => 599,
                      'means_of_percs' => '538.666666666667',
                      'all_percs' => 599
                    },
            '90' => {
                      'means_of_percs' => '847.666666666667',
                      'all_percs' => 899,
                      'percs_of_percs' => 899
                    },
            '80' => {
                      'means_of_percs' => '755.666666666667',
                      'all_percs' => 799,
                      'percs_of_percs' => 799
                    },
            '98' => {
                      'percs_of_percs' => 979,
                      'means_of_percs' => '936.166666666667',
                      'all_percs' => 979
                    },
            '100' => {
                       'all_percs' => 999,
                       'means_of_percs' => '984.333333333333',
                       'percs_of_percs' => 999
                     },
            '40' => {
                      'percs_of_percs' => 400,
                      'all_percs' => 400,
                      'means_of_percs' => '338'
                    },
            '70' => {
                      'means_of_percs' => '622.333333333333',
                      'all_percs' => 699,
                      'percs_of_percs' => 699
                    },
            '95' => {
                      'percs_of_percs' => 949,
                      'means_of_percs' => '916.166666666667',
                      'all_percs' => 949
                    },
            '50' => {
                      'means_of_percs' => '424.666666666667',
                      'all_percs' => 499,
                      'percs_of_percs' => 499
                    },
            '30' => {
                      'means_of_percs' => '271.333333333333',
                      'all_percs' => 299,
                      'percs_of_percs' => 299
                    },
            '99' => {
                      'percs_of_percs' => 990,
                      'all_percs' => 990,
                      'means_of_percs' => '943.5'
                    }
          },
          'slices',
          {
            'a' => {
                     'cnt' => 1000000,
                     'perc' => {
                                 '40' => '400',
                                 '95' => '949',
                                 '50' => '499',
                                 '99' => '990',
                                 '30' => '299',
                                 '70' => '699',
                                 '60' => '599',
                                 '20' => '199',
                                 '90' => '899',
                                 '100' => '999',
                                 '98' => '979',
                                 '80' => '799'
                               },
                     'stddev' => '288.509270729485',
                     'kind' => 'symmetric',
                     'skew' => '-0.000121654269306267',
                     'avg' => '499.419197',
                     'sum' => 499419197
                   },
            'b' => {
                     'perc' => {
                                 '98' => '852.5',
                                 '100' => '955',
                                 '80' => '675',
                                 '60' => '423',
                                 '20' => '130',
                                 '90' => '750',
                                 '95' => '852.5',
                                 '50' => '281',
                                 '99' => '852.5',
                                 '30' => '219',
                                 '70' => '475',
                                 '40' => '220'
                               },
                     'kind' => 'symmetric',
                     'skew' => '0.578211352723134',
                     'avg' => '420.9',
                     'sum' => 4209,
                     'stddev' => '276.028784730868',
                     'cnt' => 10
                   },
            'c' => {
                     'stddev' => '287.656665749362',
                     'skew' => '0.0135564101195302',
                     'kind' => 'symmetric',
                     'avg' => '495.3386',
                     'sum' => 4953386,
                     'perc' => {
                                 '70' => '693',
                                 '30' => '296',
                                 '99' => '988',
                                 '50' => '494',
                                 '95' => '947',
                                 '40' => '394',
                                 '80' => '793',
                                 '98' => '977',
                                 '100' => '999',
                                 '90' => '894',
                                 '20' => '196',
                                 '60' => '594'
                               },
                     'cnt' => 10000
                   }
          }
        ];
