all_percs is not equal to percs_of_percs for percentile 40: $VAR1 = [
          'data',
          {
            'all_percs' => 403,
            'means_of_percs' => '2352.33333333333',
            'percs_of_percs' => 400
          },
          'table',
          {
            '40' => $VAR1->[1],
            '100' => {
                       'percs_of_percs' => '500999',
                       'means_of_percs' => '167665.666666667',
                       'all_percs' => '500999'
                     },
            '50' => {
                      'percs_of_percs' => '500',
                      'means_of_percs' => '2509.16666666667',
                      'all_percs' => '503'
                    },
            '99' => {
                      'percs_of_percs' => '989',
                      'all_percs' => '996',
                      'means_of_percs' => '167639.666666667'
                    },
            '20' => {
                      'all_percs' => '201',
                      'means_of_percs' => '272',
                      'percs_of_percs' => '200'
                    },
            '60' => {
                      'means_of_percs' => '2721.66666666667',
                      'all_percs' => '604',
                      'percs_of_percs' => '599'
                    },
            '95' => {
                      'percs_of_percs' => '950',
                      'means_of_percs' => '167553',
                      'all_percs' => '956'
                    },
            '80' => {
                      'percs_of_percs' => '800',
                      'all_percs' => '805',
                      'means_of_percs' => '4859.16666666667'
                    },
            '90' => {
                      'means_of_percs' => '167437.833333333',
                      'all_percs' => '906',
                      'percs_of_percs' => '900'
                    },
            '30' => {
                      'all_percs' => '302',
                      'means_of_percs' => '476.333333333333',
                      'percs_of_percs' => '300'
                    },
            '70' => {
                      'percs_of_percs' => '700',
                      'means_of_percs' => '4611.83333333333',
                      'all_percs' => '704'
                    },
            '98' => {
                      'percs_of_percs' => '980',
                      'means_of_percs' => '167618.5',
                      'all_percs' => '986'
                    }
          },
          'slices',
          {
            'a' => {
                     'cnt' => 1000000,
                     'avg' => '499.773419',
                     'perc' => {
                                 '99' => '989',
                                 '95' => '950',
                                 '80' => '800',
                                 '20' => '200',
                                 '60' => '599',
                                 '70' => '700',
                                 '30' => '300',
                                 '90' => '900',
                                 '98' => '980',
                                 '40' => '400',
                                 '50' => '500',
                                 '100' => '999'
                               },
                     'kind' => 'symmetric',
                     'sum' => 499773419,
                     'stddev' => '288.579502217409',
                     'skew' => '-0.000559137202358575'
                   },
            'c' => {
                     'perc' => {
                                 '99' => '500940',
                                 '95' => '500719',
                                 '80' => '12831.5',
                                 '60' => '6803',
                                 '20' => '594',
                                 '70' => '12214.5',
                                 '30' => '892',
                                 '90' => '500432.5',
                                 '98' => '500885.5',
                                 '40' => '6196',
                                 '50' => '6500.5',
                                 '100' => '500999'
                               },
                     'cnt' => 9999,
                     'avg' => '91957.2929292929',
                     'kind' => 'asymmetric',
                     'sum' => 919480972,
                     'skew' => '1.70778201552474',
                     'stddev' => '188281.75421908'
                   },
            'b' => {
                     'stddev' => '373.206712158289',
                     'skew' => '-0.379734583350178',
                     'sum' => 5865,
                     'kind' => 'symmetric',
                     'avg' => '586.5',
                     'cnt' => 10,
                     'perc' => {
                                 '80' => '946',
                                 '95' => '990',
                                 '20' => '22',
                                 '60' => '763',
                                 '99' => '990',
                                 '98' => '990',
                                 '70' => '921',
                                 '30' => '237',
                                 '90' => '981',
                                 '40' => '461',
                                 '50' => '527',
                                 '100' => '999'
                               }
                   }
          }
        ];
