all_percs is not equal to percs_of_percs for percentile 90: $VAR1 = [
          'data',
          {
            'means_of_percs' => '167510.666666667',
            'all_percs' => 500797,
            'percs_of_percs' => 500799
          },
          'table',
          {
            '98' => {
                      'all_percs' => 500959,
                      'percs_of_percs' => 500959,
                      'means_of_percs' => '167592.5'
                    },
            '100' => {
                       'means_of_percs' => '167616',
                       'percs_of_percs' => 500999,
                       'all_percs' => 500999
                     },
            '90' => $VAR1->[1],
            '30' => {
                      'means_of_percs' => '435',
                      'percs_of_percs' => '599',
                      'all_percs' => '593'
                    },
            '99' => {
                      'all_percs' => '500979',
                      'percs_of_percs' => '500979',
                      'means_of_percs' => '167602.833333333'
                    },
            '70' => {
                      'percs_of_percs' => '500400',
                      'all_percs' => '500394',
                      'means_of_percs' => '167221.333333333'
                    },
            '40' => {
                      'means_of_percs' => '535.666666666667',
                      'percs_of_percs' => '799',
                      'all_percs' => '792'
                    },
            '60' => {
                      'means_of_percs' => '167099',
                      'percs_of_percs' => '500200',
                      'all_percs' => '500192'
                    },
            '20' => {
                      'means_of_percs' => '275.666666666667',
                      'all_percs' => '394',
                      'percs_of_percs' => '398'
                    },
            '80' => {
                      'means_of_percs' => '167369.666666667',
                      'all_percs' => '500596',
                      'percs_of_percs' => '500600'
                    },
            '50' => {
                      'percs_of_percs' => '999',
                      'all_percs' => '990',
                      'means_of_percs' => '651.666666666667'
                    },
            '95' => {
                      'percs_of_percs' => '500899',
                      'all_percs' => '500898',
                      'means_of_percs' => '167563.166666667'
                    }
          },
          'slices',
          {
            'b' => {
                     'cnt' => 10,
                     'avg' => '516.3',
                     'kind' => 'symmetric',
                     'skew' => '0.204420087516465',
                     'stddev' => '211.594919598747',
                     'sum' => 5163,
                     'perc' => {
                                 '90' => '829',
                                 '100' => '850',
                                 '98' => '839.5',
                                 '70' => '565',
                                 '99' => '839.5',
                                 '40' => '410',
                                 '30' => '408',
                                 '20' => '228',
                                 '60' => '499',
                                 '95' => '839.5',
                                 '80' => '701',
                                 '50' => '461'
                               }
                   },
            'c' => {
                     'perc' => {
                                 '98' => '979',
                                 '100' => '999',
                                 '90' => '904',
                                 '30' => '298',
                                 '70' => '699',
                                 '99' => '990',
                                 '40' => '398',
                                 '60' => '598',
                                 '20' => '201',
                                 '80' => '808',
                                 '50' => '495',
                                 '95' => '951'
                               },
                     'sum' => 4993958,
                     'stddev' => '289.961405608332',
                     'avg' => '499.3958',
                     'kind' => 'symmetric',
                     'skew' => '0.0147424990637604',
                     'cnt' => 10000
                   },
            'a' => {
                     'perc' => {
                                 '100' => '500999',
                                 '98' => '500959',
                                 '90' => '500799',
                                 '30' => '599',
                                 '40' => '799',
                                 '70' => '500400',
                                 '99' => '500979',
                                 '60' => '500200',
                                 '20' => '398',
                                 '50' => '999',
                                 '80' => '500600',
                                 '95' => '500899'
                               },
                     'sum' => '250499181838',
                     'stddev' => '250000.494274471',
                     'skew' => '-4.8866429280274e-09',
                     'kind' => 'symmetric',
                     'avg' => '250499.181838',
                     'cnt' => 1000000
                   }
          }
        ];
