$VAR1 = [
          'table',
          {
            '70' => {
                      'all_percs' => 699,
                      'means_of_percs' => '689.333333333333',
                      'percs_of_percs' => 699
                    },
            '60' => {
                      'means_of_percs' => '568',
                      'percs_of_percs' => 599,
                      'all_percs' => 599
                    },
            '98' => {
                      'all_percs' => 980,
                      'means_of_percs' => '948.833333333333',
                      'percs_of_percs' => 980
                    },
            '50' => {
                      'all_percs' => 499,
                      'percs_of_percs' => 499,
                      'means_of_percs' => '496'
                    },
            '100' => {
                       'means_of_percs' => '985',
                       'percs_of_percs' => 999,
                       'all_percs' => 999
                     },
            '80' => {
                      'means_of_percs' => '802',
                      'percs_of_percs' => 799,
                      'all_percs' => 799
                    },
            '99' => {
                      'all_percs' => 990,
                      'percs_of_percs' => 990,
                      'means_of_percs' => '955.166666666667'
                    },
            '90' => {
                      'means_of_percs' => '872.333333333333',
                      'percs_of_percs' => 900,
                      'all_percs' => 900
                    },
            '40' => {
                      'means_of_percs' => '355.666666666667',
                      'percs_of_percs' => 399,
                      'all_percs' => 399
                    },
            '30' => {
                      'all_percs' => 299,
                      'means_of_percs' => '286',
                      'percs_of_percs' => 299
                    },
            '20' => {
                      'all_percs' => 198,
                      'means_of_percs' => '208',
                      'percs_of_percs' => 198
                    },
            '95' => {
                      'all_percs' => 950,
                      'percs_of_percs' => 950,
                      'means_of_percs' => '929.5'
                    }
          },
          'slices',
          {
            'a' => {
                     'perc' => {
                                 '90' => '900',
                                 '30' => '299',
                                 '95' => '950',
                                 '40' => '399',
                                 '20' => '198',
                                 '70' => '699',
                                 '60' => '599',
                                 '98' => '980',
                                 '50' => '499',
                                 '100' => '999',
                                 '80' => '799',
                                 '99' => '990'
                               },
                     'skew' => '-0.000110842595748692',
                     'avg' => '499.258849',
                     'stddev' => '288.819506924671',
                     'cnt' => 1000000,
                     'sum' => 499258849,
                     'kind' => 'symmetric'
                   },
            'b' => {
                     'perc' => {
                                 '60' => '509',
                                 '70' => '670',
                                 '50' => '493',
                                 '98' => '887.5',
                                 '80' => '808',
                                 '100' => '957',
                                 '99' => '887.5',
                                 '90' => '818',
                                 '95' => '887.5',
                                 '20' => '226',
                                 '40' => '275',
                                 '30' => '266'
                               },
                     'avg' => 521,
                     'skew' => '0.222963858385292',
                     'stddev' => '265.943227024115',
                     'cnt' => 10,
                     'sum' => 5210,
                     'kind' => 'symmetric'
                   },
            'c' => {
                     'kind' => 'symmetric',
                     'cnt' => 10000,
                     'sum' => 4977310,
                     'stddev' => '288.972547206479',
                     'avg' => '497.731',
                     'skew' => '0.0165736123612453',
                     'perc' => {
                                 '100' => '999',
                                 '80' => '799',
                                 '99' => '988',
                                 '98' => '979',
                                 '50' => '496',
                                 '60' => '596',
                                 '70' => '699',
                                 '20' => '200',
                                 '95' => '951',
                                 '40' => '393',
                                 '30' => '293',
                                 '90' => '899'
                               }
                   }
          }
        ];
