$VAR1 = [
          'table',
          {
            '40' => {
                      'all_percs' => 400,
                      'percs_of_percs' => 400,
                      'means_of_percs' => '370.666666666667'
                    },
            '98' => {
                      'all_percs' => 979,
                      'percs_of_percs' => 979,
                      'means_of_percs' => '908.166666666667'
                    },
            '99' => {
                      'percs_of_percs' => 989,
                      'means_of_percs' => '915.5',
                      'all_percs' => 989
                    },
            '90' => {
                      'means_of_percs' => '837',
                      'percs_of_percs' => 900,
                      'all_percs' => 900
                    },
            '100' => {
                       'means_of_percs' => '940',
                       'percs_of_percs' => 999,
                       'all_percs' => 999
                     },
            '80' => {
                      'all_percs' => 800,
                      'means_of_percs' => '725.666666666667',
                      'percs_of_percs' => 800
                    },
            '30' => {
                      'all_percs' => 300,
                      'means_of_percs' => '267.666666666667',
                      'percs_of_percs' => 300
                    },
            '95' => {
                      'means_of_percs' => '887.833333333333',
                      'percs_of_percs' => 949,
                      'all_percs' => 949
                    },
            '60' => {
                      'all_percs' => 599,
                      'percs_of_percs' => 599,
                      'means_of_percs' => '573.666666666667'
                    },
            '50' => {
                      'all_percs' => 500,
                      'percs_of_percs' => 500,
                      'means_of_percs' => '504'
                    },
            '70' => {
                      'means_of_percs' => '646',
                      'percs_of_percs' => 700,
                      'all_percs' => 700
                    },
            '20' => {
                      'means_of_percs' => '181.333333333333',
                      'percs_of_percs' => 200,
                      'all_percs' => 200
                    }
          },
          'slices',
          {
            'a' => {
                     'stddev' => '288.703806655582',
                     'sum' => 499624107,
                     'kind' => 'symmetric',
                     'perc' => {
                                 '40' => '400',
                                 '98' => '979',
                                 '99' => '989',
                                 '90' => '900',
                                 '100' => '999',
                                 '80' => '800',
                                 '30' => '300',
                                 '95' => '949',
                                 '60' => '599',
                                 '50' => '500',
                                 '70' => '700',
                                 '20' => '200'
                               },
                     'cnt' => 1000000,
                     'skew' => '-0.000989636241079305',
                     'avg' => '499.624107'
                   },
            'c' => {
                     'perc' => {
                                 '60' => '603',
                                 '50' => '506',
                                 '70' => '704',
                                 '20' => '210',
                                 '30' => '310',
                                 '95' => '948',
                                 '90' => '900',
                                 '100' => '999',
                                 '80' => '802',
                                 '40' => '410',
                                 '98' => '979',
                                 '99' => '991'
                               },
                     'cnt' => 10000,
                     'avg' => '505.1436',
                     'skew' => '-0.0228539852190817',
                     'sum' => 5051436,
                     'stddev' => '286.064869529693',
                     'kind' => 'symmetric'
                   },
            'b' => {
                     'perc' => {
                                 '99' => '766.5',
                                 '98' => '766.5',
                                 '40' => '302',
                                 '80' => '575',
                                 '100' => '822',
                                 '90' => '711',
                                 '95' => '766.5',
                                 '30' => '193',
                                 '20' => '134',
                                 '70' => '534',
                                 '50' => '506',
                                 '60' => '519'
                               },
                     'cnt' => 10,
                     'skew' => '-0.105834505428149',
                     'avg' => '435.3',
                     'stddev' => '240.245728369934',
                     'sum' => 4353,
                     'kind' => 'symmetric'
                   }
          }
        ];
