all_percs is not equal to percs_of_percs for percentile 80: $VAR1 = [
          'data',
          {
            'percs_of_percs' => 500599,
            'means_of_percs' => '171399.166666667',
            'all_percs' => 500596
          },
          'table',
          {
            '80' => $VAR1->[1],
            '70' => {
                      'means_of_percs' => '171050.833333333',
                      'percs_of_percs' => '500399',
                      'all_percs' => '500395'
                    },
            '60' => {
                      'means_of_percs' => '169172.666666667',
                      'percs_of_percs' => '500199',
                      'all_percs' => '500193'
                    },
            '98' => {
                      'means_of_percs' => '334249.333333333',
                      'percs_of_percs' => '500960',
                      'all_percs' => '500960'
                    },
            '30' => {
                      'all_percs' => '601',
                      'means_of_percs' => '535.666666666667',
                      'percs_of_percs' => '599'
                    },
            '50' => {
                      'percs_of_percs' => '999',
                      'means_of_percs' => '2665.33333333333',
                      'all_percs' => '6513'
                    },
            '90' => {
                      'all_percs' => '500798',
                      'percs_of_percs' => '500800',
                      'means_of_percs' => '334015.833333333'
                    },
            '40' => {
                      'percs_of_percs' => '800',
                      'means_of_percs' => '2406.83333333333',
                      'all_percs' => '803'
                    },
            '100' => {
                       'all_percs' => '500999',
                       'means_of_percs' => '334317',
                       'percs_of_percs' => '500999'
                     },
            '95' => {
                      'all_percs' => '500899',
                      'means_of_percs' => '334168.333333333',
                      'percs_of_percs' => '500900'
                    },
            '20' => {
                      'means_of_percs' => '361.333333333333',
                      'percs_of_percs' => '400',
                      'all_percs' => '401'
                    },
            '99' => {
                      'percs_of_percs' => '500980',
                      'means_of_percs' => '334278.5',
                      'all_percs' => '500980'
                    }
          },
          'slices',
          {
            'a' => {
                     'kind' => 'symmetric',
                     'skew' => '3.19054993509014e-09',
                     'cnt' => 1000000,
                     'avg' => '250499.420726',
                     'perc' => {
                                 '80' => '500599',
                                 '70' => '500399',
                                 '60' => '500199',
                                 '98' => '500960',
                                 '30' => '599',
                                 '50' => '999',
                                 '90' => '500800',
                                 '40' => '800',
                                 '100' => '500999',
                                 '95' => '500900',
                                 '20' => '400',
                                 '99' => '500980'
                               },
                     'sum' => '250499420726',
                     'stddev' => '249999.891632248'
                   },
            'b' => {
                     'cnt' => 10,
                     'skew' => '0.108589614410252',
                     'kind' => 'symmetric',
                     'sum' => 4623,
                     'stddev' => '324.055566222832',
                     'avg' => '462.3',
                     'perc' => {
                                 '95' => '912.5',
                                 '100' => '953',
                                 '20' => '85',
                                 '99' => '912.5',
                                 '80' => '808',
                                 '98' => '912.5',
                                 '30' => '109',
                                 '60' => '512',
                                 '70' => '550',
                                 '90' => '872',
                                 '50' => '482',
                                 '40' => '221'
                               }
                   },
            'c' => {
                     'stddev' => '184703.06148484',
                     'sum' => 879433707,
                     'perc' => {
                                 '30' => '899',
                                 '98' => '500875.5',
                                 '60' => '6807',
                                 '70' => '12203.5',
                                 '80' => '12790.5',
                                 '40' => '6199.5',
                                 '90' => '500375.5',
                                 '50' => '6515',
                                 '95' => '500692.5',
                                 '100' => '500999',
                                 '99' => '500943',
                                 '20' => '599'
                               },
                     'avg' => '87952.1659165917',
                     'cnt' => 9999,
                     'skew' => '1.78446032968049',
                     'kind' => 'asymmetric'
                   }
          }
        ];
