all_percs is not equal to percs_of_percs for percentile 60: $VAR1 = [
          'data',
          {
            'means_of_percs' => '596.666666666667',
            'percs_of_percs' => 600,
            'all_percs' => 599
          },
          'table',
          {
            '60' => $VAR1->[1],
            '70' => {
                      'means_of_percs' => '695.666666666667',
                      'all_percs' => '699',
                      'percs_of_percs' => '699'
                    },
            '40' => {
                      'all_percs' => '400',
                      'percs_of_percs' => '400',
                      'means_of_percs' => '400'
                    },
            '80' => {
                      'all_percs' => '799',
                      'percs_of_percs' => '799',
                      'means_of_percs' => '797'
                    },
            '99' => {
                      'all_percs' => '990',
                      'percs_of_percs' => '990',
                      'means_of_percs' => '989.666666666667'
                    },
            '20' => {
                      'percs_of_percs' => '199',
                      'all_percs' => '199',
                      'means_of_percs' => '200.333333333333'
                    },
            '90' => {
                      'all_percs' => '899',
                      'percs_of_percs' => '900',
                      'means_of_percs' => '898.666666666667'
                    },
            '100' => {
                       'means_of_percs' => '167649.666666667',
                       'all_percs' => '500951',
                       'percs_of_percs' => '500951'
                     },
            '30' => {
                      'means_of_percs' => '300.333333333333',
                      'all_percs' => '299',
                      'percs_of_percs' => '299'
                    },
            '95' => {
                      'means_of_percs' => '948.666666666667',
                      'percs_of_percs' => '950',
                      'all_percs' => '949'
                    },
            '98' => {
                      'percs_of_percs' => '980',
                      'all_percs' => '980',
                      'means_of_percs' => '979.333333333333'
                    },
            '50' => {
                      'percs_of_percs' => '499',
                      'all_percs' => '500',
                      'means_of_percs' => '499'
                    }
          },
          'slices',
          {
            'c' => {
                     'perc' => {
                                 '20' => '203',
                                 '99' => '990',
                                 '90' => '897',
                                 '70' => '689',
                                 '60' => '591',
                                 '80' => '793',
                                 '40' => '400',
                                 '98' => '979',
                                 '50' => '498',
                                 '30' => '303',
                                 '100' => '999',
                                 '95' => '947'
                               },
                     'kind' => 'symmetric',
                     'sum' => 4975296,
                     'skew' => '0.0109578595064735',
                     'avg' => '497.5296',
                     'stddev' => '285.715760370057',
                     'cnt' => 10000
                   },
            'a' => {
                     'kind' => 'symmetric',
                     'perc' => {
                                 '30' => '299',
                                 '100' => '999',
                                 '95' => '950',
                                 '98' => '980',
                                 '50' => '499',
                                 '60' => '599',
                                 '70' => '699',
                                 '80' => '799',
                                 '40' => '400',
                                 '20' => '199',
                                 '99' => '990',
                                 '90' => '899'
                               },
                     'skew' => '-4.81216992816037e-05',
                     'stddev' => '288.72285865067',
                     'cnt' => 1000000,
                     'avg' => '499.300399',
                     'sum' => 499300399
                   },
            'b' => {
                     'kind' => 'asymmetric',
                     'perc' => {
                                 '90' => '900',
                                 '20' => '199',
                                 '99' => '989',
                                 '40' => '400',
                                 '80' => '799',
                                 '60' => '600',
                                 '70' => '699',
                                 '98' => '979',
                                 '50' => '500',
                                 '95' => '949',
                                 '100' => '500951',
                                 '30' => '299'
                               },
                     'skew' => '207.152499588074',
                     'avg' => '510.297982914774',
                     'stddev' => '2132.39628431232',
                     'cnt' => 700020,
                     'sum' => 357218794
                   }
          }
        ];
