all_percs is not equal to percs_of_percs for percentile 95: $VAR1 = [
          'data',
          {
            'percs_of_percs' => 949,
            'means_of_percs' => '916.5',
            'all_percs' => 950
          },
          'table',
          {
            '99' => {
                      'percs_of_percs' => 990,
                      'means_of_percs' => '942.166666666667',
                      'all_percs' => 990
                    },
            '90' => {
                      'percs_of_percs' => 899,
                      'all_percs' => 899,
                      'means_of_percs' => '841.666666666667'
                    },
            '30' => {
                      'all_percs' => 300,
                      'means_of_percs' => '306',
                      'percs_of_percs' => 300
                    },
            '40' => {
                      'percs_of_percs' => 400,
                      'means_of_percs' => '386.333333333333',
                      'all_percs' => 400
                    },
            '70' => {
                      'percs_of_percs' => 700,
                      'means_of_percs' => '644.666666666667',
                      'all_percs' => 700
                    },
            '98' => {
                      'means_of_percs' => '935.166666666667',
                      'all_percs' => 979,
                      'percs_of_percs' => 979
                    },
            '50' => {
                      'all_percs' => 500,
                      'means_of_percs' => '456.333333333333',
                      'percs_of_percs' => 500
                    },
            '100' => {
                       'percs_of_percs' => 999,
                       'means_of_percs' => '990.666666666667',
                       'all_percs' => 999
                     },
            '20' => {
                      'means_of_percs' => '234',
                      'all_percs' => 200,
                      'percs_of_percs' => 200
                    },
            '60' => {
                      'percs_of_percs' => 600,
                      'all_percs' => 600,
                      'means_of_percs' => '524'
                    },
            '80' => {
                      'percs_of_percs' => 799,
                      'means_of_percs' => '719.333333333333',
                      'all_percs' => 799
                    },
            '95' => $VAR1->[1]
          },
          'slices',
          {
            'c' => {
                     'perc' => {
                                 '98' => '979',
                                 '70' => '704',
                                 '40' => '405',
                                 '30' => '308',
                                 '99' => '989',
                                 '90' => '905',
                                 '95' => '953',
                                 '80' => '803',
                                 '20' => '205',
                                 '60' => '604',
                                 '100' => '999',
                                 '50' => '503'
                               },
                     'avg' => '503.5522',
                     'cnt' => 10000,
                     'sum' => 5035522,
                     'skew' => '-0.0109186669210486',
                     'kind' => 'symmetric',
                     'stddev' => '288.563749412776'
                   },
            'b' => {
                     'cnt' => 10,
                     'sum' => 4598,
                     'skew' => '0.848825246278746',
                     'kind' => 'symmetric',
                     'stddev' => '232.008965344014',
                     'perc' => {
                                 '20' => '297',
                                 '60' => '368',
                                 '100' => '974',
                                 '50' => '366',
                                 '95' => '847.5',
                                 '80' => '556',
                                 '30' => '310',
                                 '90' => '721',
                                 '99' => '847.5',
                                 '98' => '847.5',
                                 '70' => '530',
                                 '40' => '354'
                               },
                     'avg' => '459.8'
                   },
            'a' => {
                     'skew' => '-0.00150179728913032',
                     'sum' => 499714328,
                     'cnt' => 1000000,
                     'stddev' => '288.511931665575',
                     'kind' => 'symmetric',
                     'avg' => '499.714328',
                     'perc' => {
                                 '30' => '300',
                                 '90' => '899',
                                 '99' => '990',
                                 '70' => '700',
                                 '98' => '979',
                                 '40' => '400',
                                 '20' => '200',
                                 '60' => '600',
                                 '100' => '999',
                                 '50' => '500',
                                 '95' => '949',
                                 '80' => '799'
                               }
                   }
          }
        ];
