$VAR1 = [
          'table',
          {
            '90' => {
                      'percs_of_percs' => 900,
                      'means_of_percs' => '839.333333333333',
                      'all_percs' => 900
                    },
            '95' => {
                      'all_percs' => 950,
                      'means_of_percs' => '875',
                      'percs_of_percs' => 950
                    },
            '40' => {
                      'all_percs' => 399,
                      'percs_of_percs' => 399,
                      'means_of_percs' => '318'
                    },
            '70' => {
                      'percs_of_percs' => 699,
                      'means_of_percs' => '594.666666666667',
                      'all_percs' => 699
                    },
            '50' => {
                      'percs_of_percs' => 500,
                      'means_of_percs' => '407',
                      'all_percs' => 500
                    },
            '30' => {
                      'all_percs' => 300,
                      'percs_of_percs' => 300,
                      'means_of_percs' => '247'
                    },
            '80' => {
                      'all_percs' => 799,
                      'means_of_percs' => '706.666666666667',
                      'percs_of_percs' => 799
                    },
            '100' => {
                       'percs_of_percs' => 999,
                       'means_of_percs' => '910.666666666667',
                       'all_percs' => 999
                     },
            '98' => {
                      'all_percs' => 980,
                      'percs_of_percs' => 980,
                      'means_of_percs' => '895'
                    },
            '99' => {
                      'percs_of_percs' => 989,
                      'means_of_percs' => '901',
                      'all_percs' => 989
                    },
            '60' => {
                      'percs_of_percs' => 600,
                      'means_of_percs' => '475.333333333333',
                      'all_percs' => 600
                    },
            '20' => {
                      'percs_of_percs' => 200,
                      'means_of_percs' => '152',
                      'all_percs' => 200
                    }
          },
          'slices',
          {
            'b' => {
                     'avg' => '315.6',
                     'cnt' => 10,
                     'sum' => 3156,
                     'stddev' => '247.377929492507',
                     'skew' => '0.606178706949576',
                     'perc' => {
                                 '20' => '56',
                                 '60' => '220',
                                 '99' => '725',
                                 '98' => '725',
                                 '100' => '734',
                                 '50' => '217',
                                 '30' => '135',
                                 '80' => '519',
                                 '95' => '725',
                                 '90' => '716',
                                 '70' => '383',
                                 '40' => '152'
                               },
                     'kind' => 'symmetric'
                   },
            'c' => {
                     'sum' => 5027778,
                     'stddev' => '288.210748632247',
                     'skew' => '-0.0117903625335698',
                     'avg' => '502.7778',
                     'cnt' => 10000,
                     'kind' => 'symmetric',
                     'perc' => {
                                 '90' => '902',
                                 '95' => '950',
                                 '70' => '702',
                                 '40' => '403',
                                 '30' => '306',
                                 '50' => '504',
                                 '80' => '802',
                                 '98' => '980',
                                 '99' => '989',
                                 '100' => '999',
                                 '20' => '200',
                                 '60' => '606'
                               }
                   },
            'a' => {
                     'avg' => '499.587162',
                     'cnt' => 1000000,
                     'skew' => '-0.000194855235796935',
                     'stddev' => '288.714396500679',
                     'sum' => 499587162,
                     'perc' => {
                                 '90' => '900',
                                 '95' => '950',
                                 '40' => '399',
                                 '70' => '699',
                                 '50' => '500',
                                 '30' => '300',
                                 '80' => '799',
                                 '100' => '999',
                                 '98' => '980',
                                 '99' => '989',
                                 '20' => '200',
                                 '60' => '600'
                               },
                     'kind' => 'symmetric'
                   }
          }
        ];
