all_percs is not equal to percs_of_percs for percentile 60: $VAR1 = [
          'data',
          {
            'percs_of_percs' => 500199,
            'all_percs' => 500191,
            'means_of_percs' => '167110.333333333'
          },
          'table',
          {
            '60' => $VAR1->[1],
            '50' => {
                      'means_of_percs' => '635.333333333333',
                      'all_percs' => '990',
                      'percs_of_percs' => '999'
                    },
            '80' => {
                      'means_of_percs' => '167348',
                      'all_percs' => '500595',
                      'percs_of_percs' => '500599'
                    },
            '100' => {
                       'means_of_percs' => '167639.333333333',
                       'percs_of_percs' => '500999',
                       'all_percs' => '500999'
                     },
            '99' => {
                      'all_percs' => '500980',
                      'percs_of_percs' => '500980',
                      'means_of_percs' => '167621.333333333'
                    },
            '95' => {
                      'means_of_percs' => '167580.666666667',
                      'percs_of_percs' => '500900',
                      'all_percs' => '500899'
                    },
            '70' => {
                      'percs_of_percs' => '500399',
                      'all_percs' => '500393',
                      'means_of_percs' => '167220.333333333'
                    },
            '90' => {
                      'all_percs' => '500797',
                      'percs_of_percs' => '500799',
                      'means_of_percs' => '167522'
                    },
            '40' => {
                      'all_percs' => '791',
                      'percs_of_percs' => '799',
                      'means_of_percs' => '511'
                    },
            '30' => {
                      'all_percs' => '593',
                      'percs_of_percs' => '599',
                      'means_of_percs' => '398.333333333333'
                    },
            '20' => {
                      'means_of_percs' => '219',
                      'percs_of_percs' => '399',
                      'all_percs' => '395'
                    },
            '98' => {
                      'means_of_percs' => '167610.666666667',
                      'all_percs' => '500959',
                      'percs_of_percs' => '500959'
                    }
          },
          'slices',
          {
            'a' => {
                     'cnt' => 1000000,
                     'stddev' => '250000.262694966',
                     'skew' => '2.14742363296796e-09',
                     'perc' => {
                                 '40' => '799',
                                 '30' => '599',
                                 '20' => '399',
                                 '98' => '500959',
                                 '50' => '999',
                                 '80' => '500599',
                                 '60' => '500199',
                                 '100' => '500999',
                                 '99' => '500980',
                                 '95' => '500900',
                                 '70' => '500399',
                                 '90' => '500799'
                               },
                     'avg' => '250499.037543',
                     'kind' => 'symmetric',
                     'sum' => '250499037543'
                   },
            'c' => {
                     'stddev' => '290.017890465467',
                     'cnt' => 10000,
                     'kind' => 'symmetric',
                     'sum' => 4973886,
                     'avg' => '497.3886',
                     'perc' => {
                                 '90' => '897',
                                 '95' => '947',
                                 '70' => '699',
                                 '99' => '989',
                                 '80' => '802',
                                 '60' => '598',
                                 '50' => '497',
                                 '100' => '999',
                                 '98' => '978',
                                 '20' => '194',
                                 '30' => '295',
                                 '40' => '398'
                               },
                     'skew' => '-0.000219429202985318'
                   },
            'b' => {
                     'stddev' => '281.1931009111',
                     'cnt' => 10,
                     'kind' => 'symmetric',
                     'sum' => 4698,
                     'avg' => '469.8',
                     'perc' => {
                                 '20' => '64',
                                 '30' => '301',
                                 '40' => '336',
                                 '98' => '895',
                                 '99' => '895',
                                 '60' => '534',
                                 '80' => '643',
                                 '50' => '410',
                                 '100' => '920',
                                 '90' => '870',
                                 '95' => '895',
                                 '70' => '563'
                               },
                     'skew' => '0.0765784442331048'
                   }
          }
        ];
