all_percs is not equal to percs_of_percs for percentile 60: $VAR1 = [
          'data',
          {
            'means_of_percs' => '2628.5',
            'all_percs' => 603,
            'percs_of_percs' => 599
          },
          'table',
          {
            '60' => $VAR1->[1],
            '90' => {
                      'means_of_percs' => '167397.5',
                      'percs_of_percs' => '899',
                      'all_percs' => '905'
                    },
            '30' => {
                      'all_percs' => '301',
                      'percs_of_percs' => '299',
                      'means_of_percs' => '464.333333333333'
                    },
            '100' => {
                       'all_percs' => '500999',
                       'percs_of_percs' => '500999',
                       'means_of_percs' => '167665.333333333'
                     },
            '95' => {
                      'means_of_percs' => '167531.5',
                      'all_percs' => '956',
                      'percs_of_percs' => '950'
                    },
            '80' => {
                      'means_of_percs' => '4814.66666666667',
                      'all_percs' => '805',
                      'percs_of_percs' => '799'
                    },
            '20' => {
                      'all_percs' => '201',
                      'percs_of_percs' => '199',
                      'means_of_percs' => '322'
                    },
            '70' => {
                      'means_of_percs' => '4548.33333333333',
                      'all_percs' => '704',
                      'percs_of_percs' => '699'
                    },
            '98' => {
                      'means_of_percs' => '167606.5',
                      'percs_of_percs' => '980',
                      'all_percs' => '986'
                    },
            '40' => {
                      'means_of_percs' => '2287.33333333333',
                      'all_percs' => '401',
                      'percs_of_percs' => '399'
                    },
            '99' => {
                      'means_of_percs' => '167627.5',
                      'percs_of_percs' => '990',
                      'all_percs' => '996'
                    },
            '50' => {
                      'means_of_percs' => '2484',
                      'all_percs' => '502',
                      'percs_of_percs' => '499'
                    }
          },
          'slices',
          {
            'b' => {
                     'sum' => 5113,
                     'perc' => {
                                 '100' => '998',
                                 '30' => '194',
                                 '90' => '895',
                                 '60' => '483',
                                 '50' => '449',
                                 '99' => '946.5',
                                 '40' => '259',
                                 '98' => '946.5',
                                 '70' => '751',
                                 '20' => '175',
                                 '80' => '830',
                                 '95' => '946.5'
                               },
                     'skew' => '0.157847167062749',
                     'kind' => 'symmetric',
                     'cnt' => 10,
                     'stddev' => '318.139293392061',
                     'avg' => '511.3'
                   },
            'a' => {
                     'perc' => {
                                 '80' => '799',
                                 '95' => '950',
                                 '20' => '199',
                                 '98' => '980',
                                 '70' => '699',
                                 '40' => '399',
                                 '50' => '499',
                                 '99' => '990',
                                 '60' => '599',
                                 '90' => '899',
                                 '30' => '299',
                                 '100' => '999'
                               },
                     'sum' => 499168795,
                     'avg' => '499.168795',
                     'stddev' => '288.706280179836',
                     'cnt' => 1000000,
                     'kind' => 'symmetric',
                     'skew' => '0.00168991253112692'
                   },
            'c' => {
                     'perc' => {
                                 '60' => '6803.5',
                                 '100' => '500999',
                                 '30' => '900',
                                 '90' => '500398.5',
                                 '20' => '592',
                                 '95' => '500698',
                                 '80' => '12815',
                                 '50' => '6504',
                                 '99' => '500946',
                                 '40' => '6204',
                                 '98' => '500893',
                                 '70' => '12195'
                               },
                     'sum' => 870711799,
                     'cnt' => 9999,
                     'kind' => 'asymmetric',
                     'skew' => '1.80189151922529',
                     'avg' => '87079.8878887889',
                     'stddev' => '183902.69707232'
                   }
          }
        ];
