all_percs is not equal to percs_of_percs for percentile 98: $VAR1 = [
          'data',
          {
            'means_of_percs' => '964.333333333333',
            'percs_of_percs' => 979,
            'all_percs' => 980
          },
          'table',
          {
            '30' => {
                      'means_of_percs' => '331.666666666667',
                      'percs_of_percs' => 299,
                      'all_percs' => 299
                    },
            '80' => {
                      'means_of_percs' => '839.666666666667',
                      'percs_of_percs' => 799,
                      'all_percs' => 799
                    },
            '50' => {
                      'percs_of_percs' => 500,
                      'all_percs' => 500,
                      'means_of_percs' => '577'
                    },
            '20' => {
                      'means_of_percs' => '250',
                      'percs_of_percs' => 199,
                      'all_percs' => 199
                    },
            '99' => {
                      'all_percs' => 990,
                      'percs_of_percs' => 990,
                      'means_of_percs' => '971'
                    },
            '40' => {
                      'means_of_percs' => '436.333333333333',
                      'percs_of_percs' => 399,
                      'all_percs' => 399
                    },
            '60' => {
                      'means_of_percs' => '652.666666666667',
                      'percs_of_percs' => 600,
                      'all_percs' => 600
                    },
            '95' => {
                      'means_of_percs' => '944.666666666667',
                      'percs_of_percs' => 950,
                      'all_percs' => 950
                    },
            '90' => {
                      'all_percs' => 899,
                      'percs_of_percs' => 899,
                      'means_of_percs' => '905.666666666667'
                    },
            '98' => $VAR1->[1],
            '70' => {
                      'means_of_percs' => '726.666666666667',
                      'percs_of_percs' => '699',
                      'all_percs' => '699'
                    },
            '100' => {
                       'means_of_percs' => '982.666666666667',
                       'percs_of_percs' => '999',
                       'all_percs' => '999'
                     }
          },
          'slices',
          {
            'a' => {
                     'skew' => '0.000258584089666047',
                     'perc' => {
                                 '40' => '399',
                                 '20' => '199',
                                 '99' => '990',
                                 '80' => '799',
                                 '50' => '500',
                                 '30' => '299',
                                 '100' => '999',
                                 '70' => '699',
                                 '98' => '979',
                                 '90' => '899',
                                 '95' => '950',
                                 '60' => '600'
                               },
                     'kind' => 'symmetric',
                     'sum' => 499500768,
                     'avg' => '499.500768',
                     'cnt' => 1000000,
                     'stddev' => '288.612437880774'
                   },
            'c' => {
                     'kind' => 'symmetric',
                     'perc' => {
                                 '50' => '496',
                                 '80' => '804',
                                 '30' => '301',
                                 '40' => '398',
                                 '99' => '989',
                                 '20' => '198',
                                 '60' => '599',
                                 '95' => '950',
                                 '90' => '900',
                                 '98' => '980',
                                 '100' => '999',
                                 '70' => '700'
                               },
                     'skew' => '0.00646944777399782',
                     'stddev' => '289.571122785059',
                     'cnt' => 10000,
                     'avg' => '499.557',
                     'sum' => 4995570
                   },
            'b' => {
                     'cnt' => 10,
                     'avg' => '649.4',
                     'stddev' => '258.214329579131',
                     'sum' => 6494,
                     'perc' => {
                                 '95' => '934',
                                 '90' => '918',
                                 '60' => '759',
                                 '100' => '950',
                                 '98' => '934',
                                 '70' => '781',
                                 '30' => '395',
                                 '50' => '735',
                                 '80' => '916',
                                 '99' => '934',
                                 '20' => '353',
                                 '40' => '512'
                               },
                     'kind' => 'symmetric',
                     'skew' => '-0.477174827441995'
                   }
          }
        ];
