all_percs is not equal to percs_of_percs for percentile 30: $VAR1 = [
          'data',
          {
            'percs_of_percs' => 600,
            'means_of_percs' => '356',
            'all_percs' => 594
          },
          'table',
          {
            '30' => $VAR1->[1],
            '80' => {
                      'percs_of_percs' => '500600',
                      'means_of_percs' => '167364.666666667',
                      'all_percs' => '500596'
                    },
            '50' => {
                      'all_percs' => '990',
                      'means_of_percs' => '678.666666666667',
                      'percs_of_percs' => '999'
                    },
            '70' => {
                      'means_of_percs' => '167260',
                      'all_percs' => '500395',
                      'percs_of_percs' => '500401'
                    },
            '95' => {
                      'all_percs' => '500899',
                      'means_of_percs' => '167579.666666667',
                      'percs_of_percs' => '500900'
                    },
            '99' => {
                      'all_percs' => '500979',
                      'means_of_percs' => '167619.666666667',
                      'percs_of_percs' => '500979'
                    },
            '40' => {
                      'all_percs' => '792',
                      'means_of_percs' => '575.666666666667',
                      'percs_of_percs' => '800'
                    },
            '90' => {
                      'percs_of_percs' => '500800',
                      'all_percs' => '500798',
                      'means_of_percs' => '167507'
                    },
            '60' => {
                      'percs_of_percs' => '500200',
                      'all_percs' => '500192',
                      'means_of_percs' => '167149'
                    },
            '98' => {
                      'all_percs' => '500959',
                      'means_of_percs' => '167609.666666667',
                      'percs_of_percs' => '500959'
                    },
            '100' => {
                       'means_of_percs' => '167651.666666667',
                       'all_percs' => '500999',
                       'percs_of_percs' => '500999'
                     },
            '20' => {
                      'percs_of_percs' => '401',
                      'all_percs' => '398',
                      'means_of_percs' => '249'
                    }
          },
          'slices',
          {
            'c' => {
                     'skew' => '-0.0116172416395008',
                     'stddev' => '287.571737050706',
                     'avg' => '501.2658',
                     'perc' => {
                                 '20' => '201',
                                 '100' => '999',
                                 '95' => '948',
                                 '99' => '989',
                                 '70' => '702',
                                 '50' => '504',
                                 '80' => '799',
                                 '30' => '301',
                                 '98' => '979',
                                 '60' => '601',
                                 '40' => '404',
                                 '90' => '896'
                               },
                     'sum' => 5012658,
                     'kind' => 'symmetric',
                     'cnt' => 10000
                   },
            'a' => {
                     'cnt' => 1000000,
                     'kind' => 'symmetric',
                     'sum' => '250500179951',
                     'perc' => {
                                 '100' => '500999',
                                 '20' => '401',
                                 '90' => '500800',
                                 '40' => '800',
                                 '98' => '500959',
                                 '60' => '500200',
                                 '50' => '999',
                                 '80' => '500600',
                                 '30' => '600',
                                 '99' => '500979',
                                 '95' => '500900',
                                 '70' => '500401'
                               },
                     'stddev' => '249999.884104452',
                     'avg' => '250500.179951',
                     'skew' => '4.95964544484847e-09'
                   },
            'b' => {
                     'cnt' => 10,
                     'kind' => 'symmetric',
                     'sum' => 5204,
                     'avg' => '520.4',
                     'stddev' => '292.371407630774',
                     'perc' => {
                                 '20' => '145',
                                 '100' => '957',
                                 '98' => '891',
                                 '60' => '646',
                                 '40' => '523',
                                 '90' => '825',
                                 '95' => '891',
                                 '99' => '891',
                                 '70' => '677',
                                 '80' => '695',
                                 '50' => '533',
                                 '30' => '167'
                               },
                     'skew' => '-0.352386107933651'
                   }
          }
        ];
