all_percs is not equal to percs_of_percs for percentile 95: $VAR1 = [
          'data',
          {
            'all_percs' => 949,
            'means_of_percs' => '913',
            'percs_of_percs' => 950
          },
          'table',
          {
            '99' => {
                      'all_percs' => 990,
                      'percs_of_percs' => 990,
                      'means_of_percs' => '940.333333333333'
                    },
            '30' => {
                      'all_percs' => 299,
                      'percs_of_percs' => 299,
                      'means_of_percs' => '331.333333333333'
                    },
            '40' => {
                      'percs_of_percs' => 399,
                      'means_of_percs' => '483.333333333333',
                      'all_percs' => 399
                    },
            '80' => {
                      'percs_of_percs' => 799,
                      'means_of_percs' => '790.666666666667',
                      'all_percs' => 799
                    },
            '95' => $VAR1->[1],
            '90' => {
                      'all_percs' => '899',
                      'means_of_percs' => '877',
                      'percs_of_percs' => '899'
                    },
            '50' => {
                      'means_of_percs' => '565.333333333333',
                      'percs_of_percs' => '499',
                      'all_percs' => '499'
                    },
            '98' => {
                      'all_percs' => '979',
                      'percs_of_percs' => '979',
                      'means_of_percs' => '933'
                    },
            '100' => {
                       'all_percs' => '999',
                       'percs_of_percs' => '999',
                       'means_of_percs' => '949'
                     },
            '70' => {
                      'all_percs' => '699',
                      'percs_of_percs' => '699',
                      'means_of_percs' => '723.666666666667'
                    },
            '60' => {
                      'all_percs' => '599',
                      'percs_of_percs' => '599',
                      'means_of_percs' => '636'
                    },
            '20' => {
                      'means_of_percs' => '248.333333333333',
                      'percs_of_percs' => '200',
                      'all_percs' => '199'
                    }
          },
          'slices',
          {
            'c' => {
                     'stddev' => '288.882469131635',
                     'cnt' => 10000,
                     'skew' => '-0.0150533827412378',
                     'perc' => {
                                 '60' => '601',
                                 '20' => '195',
                                 '100' => '999',
                                 '70' => '705',
                                 '95' => '947',
                                 '50' => '501',
                                 '90' => '897',
                                 '98' => '978',
                                 '80' => '798',
                                 '40' => '403',
                                 '99' => '989',
                                 '30' => '302'
                               },
                     'avg' => '499.7779',
                     'sum' => 4997779,
                     'kind' => 'symmetric'
                   },
            'a' => {
                     'skew' => '0.00157801336420641',
                     'cnt' => 1000000,
                     'stddev' => '288.705898245358',
                     'kind' => 'symmetric',
                     'sum' => 499139084,
                     'avg' => '499.139084',
                     'perc' => {
                                 '95' => '950',
                                 '90' => '899',
                                 '50' => '499',
                                 '98' => '979',
                                 '60' => '599',
                                 '20' => '200',
                                 '70' => '699',
                                 '100' => '999',
                                 '99' => '990',
                                 '30' => '299',
                                 '80' => '799',
                                 '40' => '399'
                               }
                   },
            'b' => {
                     'avg' => '626.2',
                     'sum' => 6262,
                     'perc' => {
                                 '99' => '842',
                                 '30' => '393',
                                 '80' => '775',
                                 '40' => '648',
                                 '95' => '842',
                                 '50' => '696',
                                 '90' => '835',
                                 '98' => '842',
                                 '20' => '350',
                                 '60' => '708',
                                 '70' => '767',
                                 '100' => '849'
                               },
                     'kind' => 'symmetric',
                     'stddev' => '206.467818315591',
                     'skew' => '-0.724435257823726',
                     'cnt' => 10
                   }
          }
        ];
