all_percs is not equal to percs_of_percs for percentile 50: $VAR1 = [
          'data',
          {
            'all_percs' => 501,
            'percs_of_percs' => 500,
            'means_of_percs' => '2497.5'
          },
          'table',
          {
            '50' => $VAR1->[1],
            '90' => {
                      'means_of_percs' => '167399.666666667',
                      'all_percs' => '903',
                      'percs_of_percs' => '900'
                    },
            '70' => {
                      'percs_of_percs' => '700',
                      'all_percs' => '703',
                      'means_of_percs' => '4536'
                    },
            '98' => {
                      'means_of_percs' => '167612',
                      'percs_of_percs' => '980',
                      'all_percs' => '984'
                    },
            '95' => {
                      'percs_of_percs' => '950',
                      'all_percs' => '954',
                      'means_of_percs' => '167533.333333333'
                    },
            '40' => {
                      'means_of_percs' => '2330.33333333333',
                      'percs_of_percs' => '399',
                      'all_percs' => '401'
                    },
            '20' => {
                      'percs_of_percs' => '199',
                      'all_percs' => '201',
                      'means_of_percs' => '331.333333333333'
                    },
            '60' => {
                      'percs_of_percs' => '600',
                      'all_percs' => '602',
                      'means_of_percs' => '2668.33333333333'
                    },
            '100' => {
                       'all_percs' => '500999',
                       'percs_of_percs' => '500999',
                       'means_of_percs' => '334309.666666667'
                     },
            '80' => {
                      'all_percs' => '803',
                      'percs_of_percs' => '800',
                      'means_of_percs' => '4806.16666666667'
                    },
            '99' => {
                      'means_of_percs' => '167638.333333333',
                      'percs_of_percs' => '990',
                      'all_percs' => '993'
                    },
            '30' => {
                      'all_percs' => '301',
                      'percs_of_percs' => '299',
                      'means_of_percs' => '501.333333333333'
                    }
          },
          'slices',
          {
            'b' => {
                     'perc' => {
                                 '30' => '299',
                                 '80' => '800',
                                 '100' => '500931',
                                 '99' => '990',
                                 '60' => '600',
                                 '20' => '199',
                                 '95' => '950',
                                 '40' => '399',
                                 '70' => '699',
                                 '90' => '900',
                                 '50' => '499',
                                 '98' => '980'
                               },
                     'kind' => 'asymmetric',
                     'sum' => 357105836,
                     'avg' => '510.136618953744',
                     'cnt' => 700020,
                     'stddev' => '2132.82702546841',
                     'skew' => '207.13228514286'
                   },
            'a' => {
                     'cnt' => 1000000,
                     'perc' => {
                                 '95' => '950',
                                 '40' => '400',
                                 '20' => '200',
                                 '70' => '700',
                                 '90' => '900',
                                 '50' => '500',
                                 '98' => '980',
                                 '60' => '600',
                                 '30' => '300',
                                 '100' => '999',
                                 '80' => '800',
                                 '99' => '990'
                               },
                     'sum' => 499892222,
                     'kind' => 'symmetric',
                     'avg' => '499.892222',
                     'stddev' => '288.727913555197',
                     'skew' => '-0.000516832549023504'
                   },
            'c' => {
                     'cnt' => 9999,
                     'perc' => {
                                 '95' => '500700',
                                 '20' => '595',
                                 '40' => '6192',
                                 '70' => '12209',
                                 '90' => '500399',
                                 '50' => '6493.5',
                                 '98' => '500876',
                                 '60' => '6805',
                                 '30' => '905',
                                 '100' => '500999',
                                 '80' => '12818.5',
                                 '99' => '500935'
                               },
                     'kind' => 'asymmetric',
                     'sum' => 889691858,
                     'avg' => '88978.0836083608',
                     'stddev' => '185635.335827053',
                     'skew' => '1.76439943850406'
                   }
          }
        ];
