all_percs is not equal to percs_of_percs for percentile 30: $VAR1 = [
          'data',
          {
            'means_of_percs' => '396.666666666667',
            'all_percs' => 594,
            'percs_of_percs' => 600
          },
          'table',
          {
            '30' => $VAR1->[1],
            '20' => {
                      'means_of_percs' => '281.333333333333',
                      'all_percs' => '396',
                      'percs_of_percs' => '400'
                    },
            '100' => {
                       'all_percs' => '500999',
                       'means_of_percs' => '167661.666666667',
                       'percs_of_percs' => '500999'
                     },
            '40' => {
                      'means_of_percs' => '503.333333333333',
                      'all_percs' => '792',
                      'percs_of_percs' => '800'
                    },
            '70' => {
                      'all_percs' => '500394',
                      'means_of_percs' => '167236.666666667',
                      'percs_of_percs' => '500400'
                    },
            '50' => {
                      'means_of_percs' => '666.666666666667',
                      'all_percs' => '990',
                      'percs_of_percs' => '999'
                    },
            '80' => {
                      'means_of_percs' => '167359',
                      'all_percs' => '500596',
                      'percs_of_percs' => '500600'
                    },
            '60' => {
                      'percs_of_percs' => '500200',
                      'means_of_percs' => '167126',
                      'all_percs' => '500192'
                    },
            '99' => {
                      'means_of_percs' => '167615.833333333',
                      'all_percs' => '500979',
                      'percs_of_percs' => '500980'
                    },
            '95' => {
                      'percs_of_percs' => '500900',
                      'all_percs' => '500899',
                      'means_of_percs' => '167574.5'
                    },
            '98' => {
                      'all_percs' => '500959',
                      'means_of_percs' => '167604.5',
                      'percs_of_percs' => '500959'
                    },
            '90' => {
                      'means_of_percs' => '167487.666666667',
                      'all_percs' => '500799',
                      'percs_of_percs' => '500800'
                    }
          },
          'slices',
          {
            'c' => {
                     'cnt' => 10000,
                     'sum' => 5001962,
                     'perc' => {
                                 '90' => '897',
                                 '98' => '978',
                                 '95' => '947',
                                 '99' => '991',
                                 '60' => '602',
                                 '80' => '796',
                                 '50' => '501',
                                 '70' => '700',
                                 '40' => '402',
                                 '20' => '203',
                                 '100' => '999',
                                 '30' => '302'
                               },
                     'stddev' => '287.020645782773',
                     'avg' => '500.1962',
                     'skew' => '-0.00802638025392084',
                     'kind' => 'symmetric'
                   },
            'a' => {
                     'kind' => 'symmetric',
                     'skew' => '1.42387787205713e-09',
                     'avg' => '250499.859837',
                     'sum' => '250499859837',
                     'cnt' => 1000000,
                     'perc' => {
                                 '30' => '600',
                                 '40' => '800',
                                 '20' => '400',
                                 '100' => '500999',
                                 '60' => '500200',
                                 '80' => '500600',
                                 '50' => '999',
                                 '70' => '500400',
                                 '95' => '500900',
                                 '99' => '500980',
                                 '98' => '500959',
                                 '90' => '500800'
                               },
                     'stddev' => '250000.209273037'
                   },
            'b' => {
                     'stddev' => '245.497963331674',
                     'sum' => 5145,
                     'cnt' => 10,
                     'perc' => {
                                 '99' => '876.5',
                                 '95' => '876.5',
                                 '50' => '500',
                                 '70' => '610',
                                 '80' => '681',
                                 '60' => '576',
                                 '20' => '241',
                                 '100' => '987',
                                 '40' => '308',
                                 '30' => '288',
                                 '90' => '766',
                                 '98' => '876.5'
                               },
                     'kind' => 'symmetric',
                     'avg' => '514.5',
                     'skew' => '0.347548384839824'
                   }
          }
        ];
