all_percs is not equal to percs_of_percs for percentile 90: $VAR1 = [
          'data',
          {
            'means_of_percs' => '923.333333333333',
            'percs_of_percs' => 900,
            'all_percs' => 899
          },
          'table',
          {
            '50' => {
                      'percs_of_percs' => 500,
                      'all_percs' => 500,
                      'means_of_percs' => '554.666666666667'
                    },
            '100' => {
                       'all_percs' => 999,
                       'percs_of_percs' => 999,
                       'means_of_percs' => '994.333333333333'
                     },
            '20' => {
                      'percs_of_percs' => 200,
                      'all_percs' => 200,
                      'means_of_percs' => '289.666666666667'
                    },
            '60' => {
                      'means_of_percs' => '640.666666666667',
                      'percs_of_percs' => 599,
                      'all_percs' => 599
                    },
            '90' => $VAR1->[1],
            '40' => {
                      'percs_of_percs' => '400',
                      'all_percs' => '399',
                      'means_of_percs' => '465'
                    },
            '99' => {
                      'means_of_percs' => '985.333333333333',
                      'all_percs' => '989',
                      'percs_of_percs' => '989'
                    },
            '30' => {
                      'means_of_percs' => '372.666666666667',
                      'all_percs' => '300',
                      'percs_of_percs' => '300'
                    },
            '98' => {
                      'all_percs' => '979',
                      'percs_of_percs' => '979',
                      'means_of_percs' => '978.333333333333'
                    },
            '70' => {
                      'all_percs' => '699',
                      'percs_of_percs' => '699',
                      'means_of_percs' => '721'
                    },
            '80' => {
                      'all_percs' => '799',
                      'percs_of_percs' => '799',
                      'means_of_percs' => '818'
                    },
            '95' => {
                      'percs_of_percs' => '950',
                      'all_percs' => '950',
                      'means_of_percs' => '959.333333333333'
                    }
          },
          'slices',
          {
            'c' => {
                     'perc' => {
                                 '100' => '999',
                                 '50' => '495',
                                 '20' => '195',
                                 '60' => '593',
                                 '90' => '897',
                                 '40' => '392',
                                 '99' => '988',
                                 '30' => '289',
                                 '98' => '977',
                                 '70' => '698',
                                 '80' => '795',
                                 '95' => '949'
                               },
                     'sum' => 4958220,
                     'avg' => '495.822',
                     'skew' => '0.0178119090656205',
                     'cnt' => 10000,
                     'stddev' => '288.984177276197',
                     'kind' => 'symmetric'
                   },
            'a' => {
                     'kind' => 'symmetric',
                     'stddev' => '288.559890283948',
                     'cnt' => 1000000,
                     'skew' => '0.000761562895467525',
                     'sum' => 499495837,
                     'avg' => '499.495837',
                     'perc' => {
                                 '40' => '400',
                                 '99' => '989',
                                 '20' => '200',
                                 '50' => '500',
                                 '100' => '999',
                                 '90' => '900',
                                 '60' => '599',
                                 '80' => '799',
                                 '95' => '950',
                                 '30' => '300',
                                 '98' => '979',
                                 '70' => '699'
                               }
                   },
            'b' => {
                     'kind' => 'asymmetric',
                     'stddev' => '267.484653765408',
                     'cnt' => 10,
                     'skew' => '-1.00016422722133',
                     'avg' => '661.6',
                     'sum' => 6616,
                     'perc' => {
                                 '70' => '766',
                                 '30' => '529',
                                 '98' => '979',
                                 '95' => '979',
                                 '80' => '860',
                                 '90' => '973',
                                 '60' => '730',
                                 '20' => '474',
                                 '50' => '669',
                                 '100' => '985',
                                 '99' => '979',
                                 '40' => '603'
                               }
                   }
          }
        ];
