all_percs is not equal to percs_of_percs for percentile 80: $VAR1 = [
          'data',
          {
            'percs_of_percs' => 800,
            'all_percs' => 799,
            'means_of_percs' => '725'
          },
          'table',
          {
            '99' => {
                      'means_of_percs' => '913.666666666667',
                      'all_percs' => 989,
                      'percs_of_percs' => 989
                    },
            '95' => {
                      'means_of_percs' => '887.333333333333',
                      'all_percs' => 949,
                      'percs_of_percs' => 949
                    },
            '70' => {
                      'percs_of_percs' => 700,
                      'means_of_percs' => '639.333333333333',
                      'all_percs' => 700
                    },
            '98' => {
                      'percs_of_percs' => 979,
                      'all_percs' => 979,
                      'means_of_percs' => '907.333333333333'
                    },
            '20' => {
                      'means_of_percs' => '195.666666666667',
                      'all_percs' => 200,
                      'percs_of_percs' => 200
                    },
            '80' => $VAR1->[1],
            '90' => {
                      'means_of_percs' => '836.666666666667',
                      'all_percs' => '899',
                      'percs_of_percs' => '899'
                    },
            '60' => {
                      'means_of_percs' => '532.666666666667',
                      'all_percs' => '600',
                      'percs_of_percs' => '600'
                    },
            '100' => {
                       'means_of_percs' => '936.333333333333',
                       'all_percs' => '999',
                       'percs_of_percs' => '999'
                     },
            '30' => {
                      'percs_of_percs' => '300',
                      'all_percs' => '300',
                      'means_of_percs' => '275.666666666667'
                    },
            '50' => {
                      'all_percs' => '500',
                      'means_of_percs' => '431.333333333333',
                      'percs_of_percs' => '500'
                    },
            '40' => {
                      'percs_of_percs' => '400',
                      'all_percs' => '400',
                      'means_of_percs' => '344.666666666667'
                    }
          },
          'slices',
          {
            'b' => {
                     'skew' => '0.478242746852779',
                     'avg' => '411.5',
                     'kind' => 'symmetric',
                     'perc' => {
                                 '99' => '763',
                                 '95' => '763',
                                 '70' => '523',
                                 '98' => '763',
                                 '20' => '188',
                                 '80' => '579',
                                 '90' => '715',
                                 '60' => '401',
                                 '100' => '811',
                                 '30' => '228',
                                 '50' => '297',
                                 '40' => '237'
                               },
                     'stddev' => '222.57504352465',
                     'cnt' => 10,
                     'sum' => 4115
                   },
            'c' => {
                     'sum' => 4975400,
                     'cnt' => 10000,
                     'stddev' => '287.977714762793',
                     'kind' => 'symmetric',
                     'perc' => {
                                 '98' => '980',
                                 '20' => '199',
                                 '70' => '695',
                                 '80' => '796',
                                 '90' => '896',
                                 '95' => '950',
                                 '99' => '989',
                                 '50' => '497',
                                 '40' => '397',
                                 '60' => '597',
                                 '100' => '999',
                                 '30' => '299'
                               },
                     'skew' => '0.00404067809347652',
                     'avg' => '497.54'
                   },
            'a' => {
                     'sum' => 499652540,
                     'cnt' => 1000000,
                     'stddev' => '288.617716385437',
                     'perc' => {
                                 '50' => '500',
                                 '40' => '400',
                                 '60' => '600',
                                 '100' => '999',
                                 '30' => '300',
                                 '98' => '979',
                                 '70' => '700',
                                 '20' => '200',
                                 '80' => '800',
                                 '90' => '899',
                                 '99' => '989',
                                 '95' => '949'
                               },
                     'kind' => 'symmetric',
                     'avg' => '499.65254',
                     'skew' => '-0.000408876672686704'
                   }
          }
        ];
