all_percs is not equal to percs_of_percs for percentile 80: $VAR1 = [
          'data',
          {
            'percs_of_percs' => 500600,
            'means_of_percs' => '167389',
            'all_percs' => 500596
          },
          'table',
          {
            '80' => $VAR1->[1],
            '99' => {
                      'percs_of_percs' => '500979',
                      'means_of_percs' => '167629.5',
                      'all_percs' => '500979'
                    },
            '95' => {
                      'percs_of_percs' => '500900',
                      'means_of_percs' => '167590.166666667',
                      'all_percs' => '500899'
                    },
            '40' => {
                      'means_of_percs' => '577.666666666667',
                      'all_percs' => '792',
                      'percs_of_percs' => '800'
                    },
            '20' => {
                      'means_of_percs' => '325.333333333333',
                      'all_percs' => '396',
                      'percs_of_percs' => '400'
                    },
            '30' => {
                      'percs_of_percs' => '599',
                      'all_percs' => '593',
                      'means_of_percs' => '450'
                    },
            '50' => {
                      'percs_of_percs' => '999',
                      'means_of_percs' => '686.666666666667',
                      'all_percs' => '989'
                    },
            '100' => {
                       'percs_of_percs' => '500999',
                       'means_of_percs' => '167660',
                       'all_percs' => '500999'
                     },
            '98' => {
                      'means_of_percs' => '167620.166666667',
                      'all_percs' => '500959',
                      'percs_of_percs' => '500960'
                    },
            '90' => {
                      'percs_of_percs' => '500799',
                      'means_of_percs' => '167519.333333333',
                      'all_percs' => '500797'
                    },
            '70' => {
                      'percs_of_percs' => '500400',
                      'means_of_percs' => '167240.666666667',
                      'all_percs' => '500394'
                    },
            '60' => {
                      'means_of_percs' => '167126.666666667',
                      'all_percs' => '500191',
                      'percs_of_percs' => '500199'
                    }
          },
          'slices',
          {
            'b' => {
                     'skew' => '-0.493329439431738',
                     'kind' => 'symmetric',
                     'perc' => {
                                 '60' => '591',
                                 '90' => '857',
                                 '70' => '624',
                                 '100' => '982',
                                 '98' => '919.5',
                                 '30' => '451',
                                 '20' => '372',
                                 '50' => '568',
                                 '40' => '535',
                                 '95' => '919.5',
                                 '99' => '919.5',
                                 '80' => '767'
                               },
                     'sum' => 5778,
                     'stddev' => '252.742081972908',
                     'avg' => '577.8',
                     'cnt' => 10
                   },
            'a' => {
                     'stddev' => '250000.32492751',
                     'cnt' => 1000000,
                     'avg' => '250499.335262',
                     'kind' => 'symmetric',
                     'perc' => {
                                 '98' => '500960',
                                 '100' => '500999',
                                 '70' => '500400',
                                 '90' => '500799',
                                 '60' => '500199',
                                 '99' => '500979',
                                 '95' => '500900',
                                 '80' => '500600',
                                 '40' => '800',
                                 '50' => '999',
                                 '20' => '400',
                                 '30' => '599'
                               },
                     'skew' => '3.21102802173245e-10',
                     'sum' => '250499335262'
                   },
            'c' => {
                     'sum' => 4984998,
                     'perc' => {
                                 '60' => '590',
                                 '70' => '698',
                                 '90' => '902',
                                 '98' => '981',
                                 '100' => '999',
                                 '50' => '493',
                                 '30' => '300',
                                 '20' => '204',
                                 '40' => '398',
                                 '99' => '990',
                                 '95' => '951',
                                 '80' => '800'
                               },
                     'kind' => 'symmetric',
                     'skew' => '0.0215754080158155',
                     'cnt' => 10000,
                     'avg' => '498.4998',
                     'stddev' => '288.225074204102'
                   }
          }
        ];
