all_percs is not equal to percs_of_percs for percentile 30: $VAR1 = [
          'data',
          {
            'percs_of_percs' => 601,
            'means_of_percs' => '608.333333333333',
            'all_percs' => 603
          },
          'table',
          {
            '30' => $VAR1->[1],
            '98' => {
                      'all_percs' => '500959',
                      'means_of_percs' => '334238.5',
                      'percs_of_percs' => '500959'
                    },
            '50' => {
                      'all_percs' => '6495',
                      'means_of_percs' => '2618.16666666667',
                      'percs_of_percs' => '999'
                    },
            '99' => {
                      'all_percs' => '500979',
                      'means_of_percs' => '334265.666666667',
                      'percs_of_percs' => '500979'
                    },
            '20' => {
                      'all_percs' => '401',
                      'means_of_percs' => '420.666666666667',
                      'percs_of_percs' => '400'
                    },
            '40' => {
                      'percs_of_percs' => '800',
                      'all_percs' => '803',
                      'means_of_percs' => '2449'
                    },
            '100' => {
                       'percs_of_percs' => '500999',
                       'all_percs' => '500999',
                       'means_of_percs' => '334323.666666667'
                     },
            '60' => {
                      'percs_of_percs' => '500198',
                      'means_of_percs' => '169144',
                      'all_percs' => '500193'
                    },
            '70' => {
                      'percs_of_percs' => '500398',
                      'all_percs' => '500394',
                      'means_of_percs' => '171035.833333333'
                    },
            '80' => {
                      'percs_of_percs' => '500598',
                      'means_of_percs' => '171348.5',
                      'all_percs' => '500596'
                    },
            '90' => {
                      'percs_of_percs' => '500799',
                      'all_percs' => '500798',
                      'means_of_percs' => '333992'
                    },
            '95' => {
                      'means_of_percs' => '334155.833333333',
                      'all_percs' => '500899',
                      'percs_of_percs' => '500899'
                    }
          },
          'slices',
          {
            'b' => {
                     'skew' => '0.433941117467905',
                     'cnt' => 10,
                     'perc' => {
                                 '40' => '355',
                                 '100' => '973',
                                 '60' => '432',
                                 '98' => '878',
                                 '30' => '322',
                                 '99' => '878',
                                 '50' => '358',
                                 '20' => '251',
                                 '95' => '878',
                                 '70' => '530',
                                 '90' => '783',
                                 '80' => '645'
                               },
                     'kind' => 'symmetric',
                     'avg' => 470,
                     'stddev' => '256.484307512175',
                     'sum' => 4700
                   },
            'c' => {
                     'skew' => '1.77966087183137',
                     'kind' => 'asymmetric',
                     'cnt' => 9999,
                     'perc' => {
                                 '70' => '12179.5',
                                 '90' => '500394',
                                 '80' => '12802.5',
                                 '95' => '500690.5',
                                 '98' => '500878.5',
                                 '30' => '902',
                                 '50' => '6497.5',
                                 '99' => '500940',
                                 '20' => '611',
                                 '40' => '6192',
                                 '100' => '500999',
                                 '60' => '6802'
                               },
                     'avg' => '88198.2226222622',
                     'stddev' => '184927.806774743',
                     'sum' => 881894028
                   },
            'a' => {
                     'kind' => 'symmetric',
                     'perc' => {
                                 '60' => '500198',
                                 '100' => '500999',
                                 '40' => '800',
                                 '20' => '400',
                                 '99' => '500979',
                                 '50' => '999',
                                 '98' => '500959',
                                 '30' => '601',
                                 '95' => '500899',
                                 '90' => '500799',
                                 '80' => '500598',
                                 '70' => '500398'
                               },
                     'cnt' => 1000000,
                     'skew' => '2.10814341978085e-09',
                     'avg' => '250499.354768',
                     'stddev' => '249999.485742723',
                     'sum' => '250499354768'
                   }
          }
        ];
