$VAR1 = [
          'table',
          {
            '60' => {
                      'means_of_percs' => '636.666666666667',
                      'percs_of_percs' => 600,
                      'all_percs' => 600
                    },
            '98' => {
                      'means_of_percs' => '950.333333333333',
                      'percs_of_percs' => 980,
                      'all_percs' => 980
                    },
            '50' => {
                      'all_percs' => 499,
                      'means_of_percs' => '458.333333333333',
                      'percs_of_percs' => 499
                    },
            '100' => {
                       'percs_of_percs' => 999,
                       'means_of_percs' => '965.333333333333',
                       'all_percs' => 999
                     },
            '95' => {
                      'all_percs' => 949,
                      'percs_of_percs' => 949,
                      'means_of_percs' => '930.333333333333'
                    },
            '40' => {
                      'all_percs' => 399,
                      'percs_of_percs' => 399,
                      'means_of_percs' => '345'
                    },
            '30' => {
                      'percs_of_percs' => 299,
                      'means_of_percs' => '248',
                      'all_percs' => 299
                    },
            '99' => {
                      'all_percs' => 989,
                      'means_of_percs' => '956.666666666667',
                      'percs_of_percs' => 989
                    },
            '90' => {
                      'all_percs' => 900,
                      'means_of_percs' => '894.333333333333',
                      'percs_of_percs' => 900
                    },
            '20' => {
                      'means_of_percs' => '160',
                      'percs_of_percs' => 199,
                      'all_percs' => 199
                    },
            '70' => {
                      'percs_of_percs' => 700,
                      'means_of_percs' => '708.333333333333',
                      'all_percs' => 700
                    },
            '80' => {
                      'means_of_percs' => '799',
                      'percs_of_percs' => 800,
                      'all_percs' => 800
                    }
          },
          'slices',
          {
            'a' => {
                     'avg' => '499.751402',
                     'cnt' => 1000000,
                     'kind' => 'symmetric',
                     'perc' => {
                                 '60' => '600',
                                 '98' => '980',
                                 '50' => '499',
                                 '95' => '949',
                                 '100' => '999',
                                 '40' => '399',
                                 '30' => '299',
                                 '99' => '989',
                                 '20' => '199',
                                 '90' => '900',
                                 '70' => '700',
                                 '80' => '800'
                               },
                     'skew' => '-0.000713297861998104',
                     'stddev' => '288.936101089901',
                     'sum' => 499751402
                   },
            'b' => {
                     'perc' => {
                                 '99' => '892',
                                 '50' => '377',
                                 '30' => '152',
                                 '100' => '898',
                                 '95' => '892',
                                 '40' => '241',
                                 '70' => '727',
                                 '80' => '804',
                                 '20' => '87',
                                 '90' => '886',
                                 '98' => '892',
                                 '60' => '710'
                               },
                     'kind' => 'symmetric',
                     'cnt' => 10,
                     'avg' => '494.4',
                     'stddev' => '325.70821297597',
                     'sum' => 4944,
                     'skew' => '-0.0822438299605185'
                   },
            'c' => {
                     'skew' => '0.00483323788375214',
                     'sum' => 4965074,
                     'stddev' => '288.625087172339',
                     'avg' => '496.5074',
                     'perc' => {
                                 '20' => '194',
                                 '90' => '897',
                                 '80' => '793',
                                 '70' => '698',
                                 '50' => '499',
                                 '100' => '999',
                                 '40' => '395',
                                 '95' => '950',
                                 '30' => '293',
                                 '99' => '989',
                                 '60' => '600',
                                 '98' => '979'
                               },
                     'kind' => 'symmetric',
                     'cnt' => 10000
                   }
          }
        ];
