$VAR1 = [
          'table',
          {
            '98' => {
                      'all_percs' => 979,
                      'percs_of_percs' => 979,
                      'means_of_percs' => '963.666666666667'
                    },
            '99' => {
                      'means_of_percs' => '970.333333333333',
                      'percs_of_percs' => 989,
                      'all_percs' => 989
                    },
            '60' => {
                      'all_percs' => 599,
                      'percs_of_percs' => 599,
                      'means_of_percs' => '628'
                    },
            '70' => {
                      'all_percs' => 698,
                      'means_of_percs' => '713.666666666667',
                      'percs_of_percs' => 698
                    },
            '20' => {
                      'means_of_percs' => '191.666666666667',
                      'percs_of_percs' => 200,
                      'all_percs' => 200
                    },
            '80' => {
                      'means_of_percs' => '792.333333333333',
                      'percs_of_percs' => 799,
                      'all_percs' => 799
                    },
            '40' => {
                      'all_percs' => 399,
                      'means_of_percs' => '405',
                      'percs_of_percs' => 399
                    },
            '95' => {
                      'all_percs' => 950,
                      'means_of_percs' => '944.333333333333',
                      'percs_of_percs' => 950
                    },
            '100' => {
                       'all_percs' => 999,
                       'means_of_percs' => '976.666666666667',
                       'percs_of_percs' => 999
                     },
            '90' => {
                      'percs_of_percs' => 899,
                      'means_of_percs' => '910',
                      'all_percs' => 899
                    },
            '30' => {
                      'percs_of_percs' => 299,
                      'means_of_percs' => '304.666666666667',
                      'all_percs' => 299
                    },
            '50' => {
                      'percs_of_percs' => 499,
                      'means_of_percs' => '519.666666666667',
                      'all_percs' => 499
                    }
          },
          'slices',
          {
            'b' => {
                     'sum' => 5552,
                     'avg' => '555.2',
                     'cnt' => 10,
                     'skew' => '-0.375746782496952',
                     'stddev' => '299.954929947817',
                     'kind' => 'symmetric',
                     'perc' => {
                                 '99' => '931',
                                 '98' => '931',
                                 '60' => '687',
                                 '70' => '744',
                                 '80' => '781',
                                 '20' => '172',
                                 '40' => '415',
                                 '100' => '932',
                                 '95' => '931',
                                 '30' => '314',
                                 '50' => '559',
                                 '90' => '930'
                               }
                   },
            'a' => {
                     'sum' => 499198502,
                     'stddev' => '288.531600572553',
                     'skew' => '0.0024910821275055',
                     'cnt' => 1000000,
                     'avg' => '499.198502',
                     'perc' => {
                                 '80' => '799',
                                 '20' => '200',
                                 '99' => '989',
                                 '98' => '979',
                                 '60' => '599',
                                 '70' => '698',
                                 '30' => '299',
                                 '50' => '499',
                                 '90' => '899',
                                 '40' => '399',
                                 '100' => '999',
                                 '95' => '950'
                               },
                     'kind' => 'symmetric'
                   },
            'c' => {
                     'sum' => 5000720,
                     'cnt' => 10000,
                     'avg' => '500.072',
                     'stddev' => '288.059032519378',
                     'skew' => '0.00288954924387996',
                     'kind' => 'symmetric',
                     'perc' => {
                                 '30' => '301',
                                 '50' => '501',
                                 '90' => '901',
                                 '100' => '999',
                                 '95' => '952',
                                 '40' => '401',
                                 '80' => '797',
                                 '20' => '203',
                                 '60' => '598',
                                 '70' => '699',
                                 '98' => '981',
                                 '99' => '991'
                               }
                   }
          }
        ];
