all_percs is not equal to percs_of_percs for percentile 80: $VAR1 = [
          'data',
          {
            'all_percs' => 500315,
            'means_of_percs' => '167402.333333333',
            'percs_of_percs' => 500601
          },
          'table',
          {
            '80' => $VAR1->[1],
            '95' => {
                      'percs_of_percs' => '500900',
                      'means_of_percs' => '167601.333333333',
                      'all_percs' => '500829'
                    },
            '30' => {
                      'all_percs' => '423',
                      'means_of_percs' => '401',
                      'percs_of_percs' => '299'
                    },
            '100' => {
                       'percs_of_percs' => '500999',
                       'means_of_percs' => '334325',
                       'all_percs' => '500999'
                     },
            '50' => {
                      'all_percs' => '706',
                      'means_of_percs' => '668.333333333333',
                      'percs_of_percs' => '999'
                    },
            '40' => {
                      'all_percs' => '565',
                      'means_of_percs' => '534.666666666667',
                      'percs_of_percs' => '400'
                    },
            '60' => {
                      'all_percs' => '848',
                      'means_of_percs' => '167135.333333333',
                      'percs_of_percs' => '500199'
                    },
            '70' => {
                      'all_percs' => '989',
                      'means_of_percs' => '167269.333333333',
                      'percs_of_percs' => '500401'
                    },
            '99' => {
                      'percs_of_percs' => '500980',
                      'all_percs' => '500965',
                      'means_of_percs' => '167653.666666667'
                    },
            '98' => {
                      'all_percs' => '500931',
                      'means_of_percs' => '167640',
                      'percs_of_percs' => '500959'
                    },
            '20' => {
                      'all_percs' => '282',
                      'means_of_percs' => '268.666666666667',
                      'percs_of_percs' => '200'
                    },
            '90' => {
                      'percs_of_percs' => '500800',
                      'all_percs' => '500658',
                      'means_of_percs' => '167534'
                    }
          },
          'slices',
          {
            'a' => {
                     'avg' => '250499.278696',
                     'cnt' => 1000000,
                     'sum' => '250499278696',
                     'stddev' => '250000.752294942',
                     'kind' => 'symmetric',
                     'perc' => {
                                 '40' => '799',
                                 '60' => '500199',
                                 '50' => '999',
                                 '100' => '500999',
                                 '95' => '500900',
                                 '80' => '500601',
                                 '30' => '598',
                                 '90' => '500800',
                                 '20' => '398',
                                 '98' => '500959',
                                 '70' => '500401',
                                 '99' => '500980'
                               },
                     'skew' => '7.01429617447858e-09'
                   },
            'b' => {
                     'sum' => 357462246,
                     'avg' => '510.64576154967',
                     'cnt' => 700020,
                     'skew' => '207.165439001322',
                     'stddev' => '2132.94767515165',
                     'kind' => 'asymmetric',
                     'perc' => {
                                 '98' => '980',
                                 '70' => '701',
                                 '99' => '990',
                                 '90' => '900',
                                 '20' => '200',
                                 '100' => '500977',
                                 '30' => '299',
                                 '95' => '950',
                                 '80' => '800',
                                 '40' => '400',
                                 '60' => '600',
                                 '50' => '500'
                               }
                   },
            'c' => {
                     'kind' => 'symmetric',
                     'perc' => {
                                 '70' => '706',
                                 '99' => '991',
                                 '98' => '981',
                                 '20' => '208',
                                 '90' => '902',
                                 '80' => '806',
                                 '95' => '954',
                                 '30' => '306',
                                 '100' => '999',
                                 '50' => '506',
                                 '40' => '405',
                                 '60' => '607'
                               },
                     'stddev' => '288.681172271418',
                     'skew' => '-0.0123915919878377',
                     'cnt' => 10000,
                     'avg' => '505.376',
                     'sum' => 5053760
                   }
          }
        ];
