all_percs is not equal to percs_of_percs for percentile 98: $VAR1 = [
          'data',
          {
            'percs_of_percs' => 979,
            'means_of_percs' => '167512.333333333',
            'all_percs' => 986
          },
          'table',
          {
            '98' => $VAR1->[1],
            '60' => {
                      'percs_of_percs' => '599',
                      'means_of_percs' => '2586.5',
                      'all_percs' => '603'
                    },
            '40' => {
                      'all_percs' => '402',
                      'means_of_percs' => '2271.5',
                      'percs_of_percs' => '399'
                    },
            '70' => {
                      'all_percs' => '703',
                      'percs_of_percs' => '699',
                      'means_of_percs' => '4419'
                    },
            '90' => {
                      'all_percs' => '905',
                      'percs_of_percs' => '899',
                      'means_of_percs' => '167284'
                    },
            '99' => {
                      'all_percs' => '996',
                      'percs_of_percs' => '989',
                      'means_of_percs' => '167536.333333333'
                    },
            '95' => {
                      'means_of_percs' => '167438',
                      'percs_of_percs' => '949',
                      'all_percs' => '956'
                    },
            '30' => {
                      'means_of_percs' => '462',
                      'percs_of_percs' => '299',
                      'all_percs' => '301'
                    },
            '20' => {
                      'all_percs' => '200',
                      'percs_of_percs' => '199',
                      'means_of_percs' => '292.166666666667'
                    },
            '80' => {
                      'means_of_percs' => '4709.66666666667',
                      'percs_of_percs' => '799',
                      'all_percs' => '805'
                    },
            '50' => {
                      'means_of_percs' => '2421.66666666667',
                      'percs_of_percs' => '499',
                      'all_percs' => '502'
                    },
            '100' => {
                       'means_of_percs' => '167594.333333333',
                       'percs_of_percs' => '500999',
                       'all_percs' => '500999'
                     }
          },
          'slices',
          {
            'b' => {
                     'kind' => 'symmetric',
                     'perc' => {
                                 '100' => '785',
                                 '50' => '265',
                                 '20' => '72',
                                 '30' => '185',
                                 '80' => '552',
                                 '95' => '679',
                                 '70' => '364',
                                 '99' => '679',
                                 '90' => '573',
                                 '60' => '354',
                                 '40' => '214',
                                 '98' => '679'
                               },
                     'cnt' => 10,
                     'stddev' => '221.945128353834',
                     'sum' => 3426,
                     'skew' => '0.545076036315583',
                     'avg' => '342.6'
                   },
            'a' => {
                     'kind' => 'symmetric',
                     'cnt' => 1000000,
                     'perc' => {
                                 '95' => '949',
                                 '70' => '699',
                                 '99' => '989',
                                 '90' => '899',
                                 '100' => '999',
                                 '50' => '499',
                                 '80' => '799',
                                 '20' => '199',
                                 '30' => '299',
                                 '98' => '979',
                                 '60' => '599',
                                 '40' => '399'
                               },
                     'stddev' => '288.592804720396',
                     'sum' => 499082022,
                     'skew' => '0.00178021018864076',
                     'avg' => '499.082022'
                   },
            'c' => {
                     'kind' => 'asymmetric',
                     'perc' => {
                                 '98' => '500879',
                                 '40' => '6201.5',
                                 '60' => '6806.5',
                                 '95' => '500686',
                                 '90' => '500380',
                                 '99' => '500941',
                                 '70' => '12194',
                                 '50' => '6501',
                                 '100' => '500999',
                                 '30' => '902',
                                 '20' => '605.5',
                                 '80' => '12778'
                               },
                     'cnt' => 9999,
                     'stddev' => '183131.097090935',
                     'sum' => 862378362,
                     'skew' => '1.81857069062128',
                     'avg' => '86246.4608460846'
                   }
          }
        ];
