$VAR1 = [
          'table',
          {
            '70' => {
                      'all_percs' => 699,
                      'means_of_percs' => '651.333333333333',
                      'percs_of_percs' => 699
                    },
            '90' => {
                      'percs_of_percs' => 899,
                      'all_percs' => 899,
                      'means_of_percs' => '840.333333333333'
                    },
            '100' => {
                       'percs_of_percs' => 999,
                       'all_percs' => 999,
                       'means_of_percs' => '928.333333333333'
                     },
            '80' => {
                      'means_of_percs' => '772.666666666667',
                      'all_percs' => 799,
                      'percs_of_percs' => 799
                    },
            '40' => {
                      'percs_of_percs' => 399,
                      'all_percs' => 399,
                      'means_of_percs' => '343'
                    },
            '50' => {
                      'percs_of_percs' => 499,
                      'means_of_percs' => '458',
                      'all_percs' => 499
                    },
            '98' => {
                      'percs_of_percs' => 980,
                      'all_percs' => 980,
                      'means_of_percs' => '905.333333333333'
                    },
            '95' => {
                      'percs_of_percs' => 950,
                      'means_of_percs' => '884.333333333333',
                      'all_percs' => 950
                    },
            '30' => {
                      'percs_of_percs' => 299,
                      'all_percs' => 299,
                      'means_of_percs' => '266'
                    },
            '60' => {
                      'means_of_percs' => '548',
                      'all_percs' => 599,
                      'percs_of_percs' => 599
                    },
            '99' => {
                      'percs_of_percs' => 989,
                      'means_of_percs' => '912',
                      'all_percs' => 989
                    },
            '20' => {
                      'percs_of_percs' => 199,
                      'all_percs' => 199,
                      'means_of_percs' => '182.333333333333'
                    }
          },
          'slices',
          {
            'c' => {
                     'avg' => '494.5899',
                     'skew' => '0.0145132256465819',
                     'kind' => 'symmetric',
                     'perc' => {
                                 '70' => '694',
                                 '90' => '893',
                                 '100' => '999',
                                 '80' => '792',
                                 '40' => '393',
                                 '98' => '978',
                                 '50' => '491',
                                 '95' => '945',
                                 '30' => '296',
                                 '60' => '592',
                                 '99' => '989',
                                 '20' => '197'
                               },
                     'stddev' => '287.298843920386',
                     'cnt' => 10000,
                     'sum' => 4945899
                   },
            'b' => {
                     'cnt' => 10,
                     'sum' => 4365,
                     'avg' => '436.5',
                     'skew' => '0.161318084211988',
                     'perc' => {
                                 '70' => '561',
                                 '90' => '729',
                                 '100' => '787',
                                 '80' => '727',
                                 '40' => '237',
                                 '98' => '758',
                                 '95' => '758',
                                 '50' => '384',
                                 '30' => '203',
                                 '60' => '453',
                                 '99' => '758',
                                 '20' => '151'
                               },
                     'kind' => 'symmetric',
                     'stddev' => '240.680389728785'
                   },
            'a' => {
                     'cnt' => 1000000,
                     'sum' => 499376902,
                     'avg' => '499.376902',
                     'skew' => '0.00132039281016249',
                     'perc' => {
                                 '30' => '299',
                                 '60' => '599',
                                 '99' => '989',
                                 '20' => '199',
                                 '90' => '899',
                                 '70' => '699',
                                 '100' => '999',
                                 '80' => '799',
                                 '40' => '399',
                                 '95' => '950',
                                 '98' => '980',
                                 '50' => '499'
                               },
                     'kind' => 'symmetric',
                     'stddev' => '288.691672108649'
                   }
          }
        ];
