all_percs is not equal to percs_of_percs for percentile 50: $VAR1 = [
          'data',
          {
            'means_of_percs' => '635',
            'all_percs' => 990,
            'percs_of_percs' => 999
          },
          'table',
          {
            '98' => {
                      'means_of_percs' => '167627.666666667',
                      'percs_of_percs' => 500959,
                      'all_percs' => 500959
                    },
            '50' => $VAR1->[1],
            '99' => {
                      'means_of_percs' => '167638.333333333',
                      'percs_of_percs' => '500979',
                      'all_percs' => '500979'
                    },
            '30' => {
                      'means_of_percs' => '369.666666666667',
                      'all_percs' => '594',
                      'percs_of_percs' => '600'
                    },
            '20' => {
                      'means_of_percs' => '226.666666666667',
                      'percs_of_percs' => '399',
                      'all_percs' => '395'
                    },
            '70' => {
                      'means_of_percs' => '167249',
                      'percs_of_percs' => '500400',
                      'all_percs' => '500394'
                    },
            '100' => {
                       'all_percs' => '500999',
                       'percs_of_percs' => '500999',
                       'means_of_percs' => '167648.666666667'
                     },
            '90' => {
                      'means_of_percs' => '167547',
                      'percs_of_percs' => '500799',
                      'all_percs' => '500797'
                    },
            '80' => {
                      'percs_of_percs' => '500600',
                      'all_percs' => '500596',
                      'means_of_percs' => '167438.333333333'
                    },
            '95' => {
                      'all_percs' => '500898',
                      'percs_of_percs' => '500899',
                      'means_of_percs' => '167598'
                    },
            '60' => {
                      'all_percs' => '500191',
                      'percs_of_percs' => '500199',
                      'means_of_percs' => '167091.333333333'
                    },
            '40' => {
                      'means_of_percs' => '521.333333333333',
                      'percs_of_percs' => '800',
                      'all_percs' => '792'
                    }
          },
          'slices',
          {
            'b' => {
                     'kind' => 'symmetric',
                     'avg' => '503.2',
                     'stddev' => '332.635776788968',
                     'sum' => 5032,
                     'skew' => '0.0979317055212446',
                     'perc' => {
                                 '100' => '948',
                                 '70' => '653',
                                 '20' => '86',
                                 '30' => '211',
                                 '99' => '947',
                                 '98' => '947',
                                 '50' => '409',
                                 '60' => '476',
                                 '40' => '365',
                                 '95' => '947',
                                 '90' => '946',
                                 '80' => '916'
                               },
                     'cnt' => 10
                   },
            'a' => {
                     'stddev' => '250000.165588833',
                     'avg' => '250499.498918',
                     'kind' => 'symmetric',
                     'cnt' => 1000000,
                     'perc' => {
                                 '30' => '600',
                                 '20' => '399',
                                 '70' => '500400',
                                 '100' => '500999',
                                 '50' => '999',
                                 '98' => '500959',
                                 '99' => '500979',
                                 '60' => '500199',
                                 '40' => '800',
                                 '80' => '500600',
                                 '90' => '500799',
                                 '95' => '500899'
                               },
                     'skew' => '-1.03733160575285e-09',
                     'sum' => '250499498918'
                   },
            'c' => {
                     'cnt' => 10000,
                     'sum' => 4969619,
                     'skew' => '-0.00489694301659759',
                     'perc' => {
                                 '20' => '195',
                                 '30' => '298',
                                 '100' => '999',
                                 '70' => '694',
                                 '50' => '497',
                                 '98' => '977',
                                 '99' => '989',
                                 '40' => '399',
                                 '60' => '599',
                                 '80' => '799',
                                 '90' => '896',
                                 '95' => '948'
                               },
                     'avg' => '496.9619',
                     'stddev' => '289.779873780755',
                     'kind' => 'symmetric'
                   }
          }
        ];
