$VAR1 = [
          'table',
          {
            '60' => {
                      'percs_of_percs' => 599,
                      'all_percs' => 599,
                      'means_of_percs' => '559.333333333333'
                    },
            '100' => {
                       'percs_of_percs' => 999,
                       'all_percs' => 999,
                       'means_of_percs' => '987.333333333333'
                     },
            '98' => {
                      'percs_of_percs' => 980,
                      'all_percs' => 980,
                      'means_of_percs' => '956.166666666667'
                    },
            '20' => {
                      'means_of_percs' => '144',
                      'all_percs' => 199,
                      'percs_of_percs' => 199
                    },
            '90' => {
                      'all_percs' => 900,
                      'percs_of_percs' => 900,
                      'means_of_percs' => '883.666666666667'
                    },
            '30' => {
                      'means_of_percs' => '219.333333333333',
                      'percs_of_percs' => 299,
                      'all_percs' => 299
                    },
            '40' => {
                      'means_of_percs' => '303.333333333333',
                      'all_percs' => 399,
                      'percs_of_percs' => 399
                    },
            '99' => {
                      'means_of_percs' => '963.166666666667',
                      'percs_of_percs' => 990,
                      'all_percs' => 990
                    },
            '80' => {
                      'means_of_percs' => '767.333333333333',
                      'all_percs' => 799,
                      'percs_of_percs' => 799
                    },
            '95' => {
                      'means_of_percs' => '937.166666666667',
                      'all_percs' => 950,
                      'percs_of_percs' => 950
                    },
            '50' => {
                      'means_of_percs' => '402.333333333333',
                      'percs_of_percs' => 499,
                      'all_percs' => 499
                    },
            '70' => {
                      'all_percs' => 699,
                      'percs_of_percs' => 699,
                      'means_of_percs' => '628.333333333333'
                    }
          },
          'slices',
          {
            'c' => {
                     'kind' => 'symmetric',
                     'sum' => 5006925,
                     'perc' => {
                                 '100' => '999',
                                 '60' => '604',
                                 '98' => '980',
                                 '20' => '202',
                                 '90' => '898',
                                 '40' => '403',
                                 '30' => '300',
                                 '99' => '991',
                                 '80' => '797',
                                 '95' => '953',
                                 '50' => '504',
                                 '70' => '696'
                               },
                     'avg' => '500.6925',
                     'skew' => '-0.008463358882984',
                     'stddev' => '287.183017854035',
                     'cnt' => 10000
                   },
            'a' => {
                     'avg' => '498.960657',
                     'perc' => {
                                 '99' => '990',
                                 '80' => '799',
                                 '95' => '950',
                                 '50' => '499',
                                 '70' => '699',
                                 '60' => '599',
                                 '100' => '999',
                                 '20' => '199',
                                 '98' => '980',
                                 '90' => '900',
                                 '30' => '299',
                                 '40' => '399'
                               },
                     'kind' => 'symmetric',
                     'sum' => 498960657,
                     'stddev' => '288.791696527345',
                     'cnt' => 1000000,
                     'skew' => '0.00215945828884337'
                   },
            'b' => {
                     'perc' => {
                                 '70' => '490',
                                 '50' => '204',
                                 '95' => '908.5',
                                 '80' => '706',
                                 '99' => '908.5',
                                 '40' => '108',
                                 '30' => '59',
                                 '90' => '853',
                                 '20' => '31',
                                 '98' => '908.5',
                                 '100' => '964',
                                 '60' => '475'
                               },
                     'avg' => '389.4',
                     'sum' => 3894,
                     'kind' => 'symmetric',
                     'cnt' => 10,
                     'stddev' => '340.951668129077',
                     'skew' => '0.390380352508321'
                   }
          }
        ];
