all_percs is not equal to percs_of_percs for percentile 90: $VAR1 = [
          'data',
          {
            'means_of_percs' => '167372.833333333',
            'all_percs' => 906,
            'percs_of_percs' => 900
          },
          'table',
          {
            '90' => $VAR1->[1],
            '20' => {
                      'all_percs' => '202',
                      'means_of_percs' => '324.666666666667',
                      'percs_of_percs' => '200'
                    },
            '100' => {
                       'means_of_percs' => '167601.333333333',
                       'all_percs' => '500998',
                       'percs_of_percs' => '500998'
                     },
            '95' => {
                      'all_percs' => '956',
                      'means_of_percs' => '167488.333333333',
                      'percs_of_percs' => '950'
                    },
            '50' => {
                      'percs_of_percs' => '500',
                      'means_of_percs' => '2458.66666666667',
                      'all_percs' => '504'
                    },
            '60' => {
                      'percs_of_percs' => '600',
                      'means_of_percs' => '2603',
                      'all_percs' => '604'
                    },
            '99' => {
                      'percs_of_percs' => '990',
                      'means_of_percs' => '167578.5',
                      'all_percs' => '996'
                    },
            '98' => {
                      'means_of_percs' => '167557.166666667',
                      'all_percs' => '986',
                      'percs_of_percs' => '979'
                    },
            '40' => {
                      'percs_of_percs' => '401',
                      'all_percs' => '403',
                      'means_of_percs' => '2277.16666666667'
                    },
            '30' => {
                      'percs_of_percs' => '300',
                      'means_of_percs' => '476.5',
                      'all_percs' => '302'
                    },
            '80' => {
                      'percs_of_percs' => '800',
                      'means_of_percs' => '4791.66666666667',
                      'all_percs' => '805'
                    },
            '70' => {
                      'percs_of_percs' => '700',
                      'all_percs' => '705',
                      'means_of_percs' => '4525'
                    }
          },
          'slices',
          {
            'c' => {
                     'perc' => {
                                 '80' => '12802',
                                 '30' => '893.5',
                                 '70' => '12191',
                                 '90' => '500415.5',
                                 '95' => '500710',
                                 '100' => '500998',
                                 '50' => '6495',
                                 '60' => '6797',
                                 '20' => '602',
                                 '98' => '500887.5',
                                 '99' => '500940.5',
                                 '40' => '6193.5'
                               },
                     'kind' => 'asymmetric',
                     'stddev' => '184890.191583258',
                     'cnt' => 9999,
                     'skew' => '1.780618968756',
                     'avg' => '88149.4647464747',
                     'sum' => 881406498
                   },
            'b' => {
                     'kind' => 'symmetric',
                     'perc' => {
                                 '70' => '684',
                                 '80' => '773',
                                 '30' => '236',
                                 '40' => '237',
                                 '99' => '805',
                                 '98' => '805',
                                 '20' => '172',
                                 '100' => '807',
                                 '50' => '381',
                                 '95' => '805',
                                 '60' => '412',
                                 '90' => '803'
                               },
                     'cnt' => 10,
                     'stddev' => '275.750630099008',
                     'sum' => 4537,
                     'avg' => '453.7',
                     'skew' => '0.0629053402952587'
                   },
            'a' => {
                     'skew' => '-0.0017533283138305',
                     'sum' => 500069194,
                     'avg' => '500.069194',
                     'stddev' => '288.528037455994',
                     'cnt' => 1000000,
                     'perc' => {
                                 '40' => '401',
                                 '98' => '979',
                                 '99' => '990',
                                 '20' => '200',
                                 '100' => '999',
                                 '50' => '500',
                                 '95' => '950',
                                 '60' => '600',
                                 '90' => '900',
                                 '70' => '700',
                                 '80' => '800',
                                 '30' => '300'
                               },
                     'kind' => 'symmetric'
                   }
          }
        ];
