all_percs is not equal to percs_of_percs for percentile 70: $VAR1 = [
          'data',
          {
            'percs_of_percs' => 500399,
            'means_of_percs' => '167249.333333333',
            'all_percs' => 500393
          },
          'table',
          {
            '70' => $VAR1->[1],
            '100' => {
                       'all_percs' => '500999',
                       'means_of_percs' => '167600',
                       'percs_of_percs' => '500999'
                     },
            '98' => {
                      'all_percs' => '500959',
                      'percs_of_percs' => '500959',
                      'means_of_percs' => '167576'
                    },
            '40' => {
                      'means_of_percs' => '494',
                      'percs_of_percs' => '800',
                      'all_percs' => '792'
                    },
            '90' => {
                      'all_percs' => '500798',
                      'means_of_percs' => '167491.666666667',
                      'percs_of_percs' => '500800'
                    },
            '60' => {
                      'means_of_percs' => '167142',
                      'percs_of_percs' => '500199',
                      'all_percs' => '500191'
                    },
            '20' => {
                      'all_percs' => '396',
                      'means_of_percs' => '210.333333333333',
                      'percs_of_percs' => '400'
                    },
            '99' => {
                      'means_of_percs' => '167585.666666667',
                      'percs_of_percs' => '500979',
                      'all_percs' => '500979'
                    },
            '30' => {
                      'percs_of_percs' => '600',
                      'means_of_percs' => '348',
                      'all_percs' => '594'
                    },
            '95' => {
                      'percs_of_percs' => '500899',
                      'means_of_percs' => '167545.333333333',
                      'all_percs' => '500898'
                    },
            '80' => {
                      'means_of_percs' => '167363',
                      'percs_of_percs' => '500599',
                      'all_percs' => '500595'
                    },
            '50' => {
                      'percs_of_percs' => '999',
                      'means_of_percs' => '655.333333333333',
                      'all_percs' => '990'
                    }
          },
          'slices',
          {
            'b' => {
                     'stddev' => '292.977627132175',
                     'avg' => '449.9',
                     'cnt' => 10,
                     'perc' => {
                                 '90' => '776',
                                 '60' => '634',
                                 '40' => '281',
                                 '98' => '789',
                                 '70' => '654',
                                 '100' => '802',
                                 '50' => '471',
                                 '30' => '144',
                                 '95' => '789',
                                 '80' => '696',
                                 '20' => '38',
                                 '99' => '789'
                               },
                     'kind' => 'symmetric',
                     'sum' => 4499,
                     'skew' => '-0.336390706529914'
                   },
            'a' => {
                     'avg' => '250499.515161',
                     'cnt' => 1000000,
                     'stddev' => '250000.006417196',
                     'skew' => '5.47297847059067e-10',
                     'perc' => {
                                 '20' => '400',
                                 '99' => '500979',
                                 '95' => '500899',
                                 '30' => '600',
                                 '80' => '500599',
                                 '50' => '999',
                                 '70' => '500399',
                                 '100' => '500999',
                                 '40' => '800',
                                 '98' => '500959',
                                 '90' => '500800',
                                 '60' => '500199'
                               },
                     'kind' => 'symmetric',
                     'sum' => '250499515161'
                   },
            'c' => {
                     'stddev' => '288.519994329613',
                     'avg' => '496.5698',
                     'cnt' => 10000,
                     'sum' => 4965698,
                     'perc' => {
                                 '100' => '999',
                                 '70' => '695',
                                 '90' => '899',
                                 '60' => '593',
                                 '98' => '980',
                                 '40' => '401',
                                 '99' => '989',
                                 '20' => '193',
                                 '50' => '496',
                                 '80' => '794',
                                 '30' => '300',
                                 '95' => '948'
                               },
                     'kind' => 'symmetric',
                     'skew' => '0.000483455611143264'
                   }
          }
        ];
