all_percs is not equal to percs_of_percs for percentile 70: $VAR1 = [
          'data',
          {
            'percs_of_percs' => 700,
            'means_of_percs' => '701',
            'all_percs' => 699
          },
          'table',
          {
            '80' => {
                      'all_percs' => 800,
                      'percs_of_percs' => 800,
                      'means_of_percs' => '801.666666666667'
                    },
            '98' => {
                      'all_percs' => 980,
                      'means_of_percs' => '979.666666666667',
                      'percs_of_percs' => 980
                    },
            '70' => $VAR1->[1],
            '20' => {
                      'percs_of_percs' => '199',
                      'means_of_percs' => '198.666666666667',
                      'all_percs' => '200'
                    },
            '50' => {
                      'percs_of_percs' => '500',
                      'means_of_percs' => '499.666666666667',
                      'all_percs' => '500'
                    },
            '95' => {
                      'all_percs' => '950',
                      'means_of_percs' => '950.333333333333',
                      'percs_of_percs' => '950'
                    },
            '90' => {
                      'percs_of_percs' => '900',
                      'means_of_percs' => '901.666666666667',
                      'all_percs' => '900'
                    },
            '40' => {
                      'all_percs' => '400',
                      'percs_of_percs' => '400',
                      'means_of_percs' => '399.333333333333'
                    },
            '100' => {
                       'all_percs' => '500975',
                       'percs_of_percs' => '500975',
                       'means_of_percs' => '167657.666666667'
                     },
            '99' => {
                      'all_percs' => '990',
                      'means_of_percs' => '989.666666666667',
                      'percs_of_percs' => '990'
                    },
            '30' => {
                      'means_of_percs' => '300.333333333333',
                      'percs_of_percs' => '300',
                      'all_percs' => '301'
                    },
            '60' => {
                      'means_of_percs' => '600.333333333333',
                      'percs_of_percs' => '600',
                      'all_percs' => '599'
                    }
          },
          'slices',
          {
            'b' => {
                     'skew' => '207.154528132832',
                     'sum' => 357060311,
                     'avg' => '510.071585097569',
                     'kind' => 'asymmetric',
                     'cnt' => 700020,
                     'perc' => {
                                 '98' => '980',
                                 '80' => '799',
                                 '40' => '400',
                                 '95' => '950',
                                 '90' => '900',
                                 '50' => '499',
                                 '20' => '199',
                                 '70' => '699',
                                 '60' => '599',
                                 '30' => '300',
                                 '99' => '990',
                                 '100' => '500975'
                               },
                     'stddev' => '2132.96332880892'
                   },
            'a' => {
                     'stddev' => '288.497454505535',
                     'cnt' => 1000000,
                     'kind' => 'symmetric',
                     'perc' => {
                                 '30' => '301',
                                 '60' => '600',
                                 '99' => '989',
                                 '100' => '999',
                                 '95' => '949',
                                 '90' => '900',
                                 '40' => '401',
                                 '70' => '700',
                                 '20' => '201',
                                 '50' => '500',
                                 '98' => '980',
                                 '80' => '800'
                               },
                     'sum' => 499974567,
                     'avg' => '499.974567',
                     'skew' => '-0.00168059512014599'
                   },
            'c' => {
                     'avg' => '500.0182',
                     'sum' => 5000182,
                     'skew' => '-0.00198434492361423',
                     'stddev' => '291.502783295049',
                     'perc' => {
                                 '100' => '999',
                                 '99' => '990',
                                 '60' => '602',
                                 '30' => '300',
                                 '20' => '196',
                                 '70' => '704',
                                 '50' => '500',
                                 '90' => '905',
                                 '95' => '952',
                                 '40' => '397',
                                 '80' => '806',
                                 '98' => '979'
                               },
                     'cnt' => 10000,
                     'kind' => 'symmetric'
                   }
          }
        ];
