all_percs is not equal to percs_of_percs for percentile 30: $VAR1 = [
          'data',
          {
            'percs_of_percs' => 299,
            'all_percs' => 300,
            'means_of_percs' => '302'
          },
          'table',
          {
            '90' => {
                      'percs_of_percs' => 899,
                      'all_percs' => 899,
                      'means_of_percs' => '899'
                    },
            '70' => {
                      'means_of_percs' => '700.666666666667',
                      'all_percs' => 700,
                      'percs_of_percs' => 700
                    },
            '30' => $VAR1->[1],
            '100' => {
                       'means_of_percs' => '167645',
                       'all_percs' => '500937',
                       'percs_of_percs' => '500937'
                     },
            '60' => {
                      'percs_of_percs' => '600',
                      'means_of_percs' => '602.333333333333',
                      'all_percs' => '600'
                    },
            '50' => {
                      'all_percs' => '500',
                      'means_of_percs' => '501',
                      'percs_of_percs' => '500'
                    },
            '40' => {
                      'percs_of_percs' => '399',
                      'all_percs' => '400',
                      'means_of_percs' => '400.333333333333'
                    },
            '98' => {
                      'means_of_percs' => '979.666666666667',
                      'all_percs' => '980',
                      'percs_of_percs' => '980'
                    },
            '80' => {
                      'percs_of_percs' => '800',
                      'means_of_percs' => '800',
                      'all_percs' => '800'
                    },
            '99' => {
                      'percs_of_percs' => '990',
                      'all_percs' => '989',
                      'means_of_percs' => '989.666666666667'
                    },
            '95' => {
                      'all_percs' => '950',
                      'means_of_percs' => '949',
                      'percs_of_percs' => '950'
                    },
            '20' => {
                      'means_of_percs' => '200.333333333333',
                      'all_percs' => '200',
                      'percs_of_percs' => '200'
                    }
          },
          'slices',
          {
            'a' => {
                     'sum' => 499813960,
                     'stddev' => '288.650347093367',
                     'perc' => {
                                 '99' => '989',
                                 '20' => '200',
                                 '95' => '949',
                                 '98' => '980',
                                 '40' => '400',
                                 '50' => '500',
                                 '80' => '800',
                                 '60' => '600',
                                 '90' => '899',
                                 '30' => '300',
                                 '70' => '700',
                                 '100' => '999'
                               },
                     'cnt' => 1000000,
                     'avg' => '499.81396',
                     'kind' => 'symmetric',
                     'skew' => '-0.0016300463626319'
                   },
            'c' => {
                     'avg' => '502.0265',
                     'kind' => 'symmetric',
                     'skew' => '-0.0184651847981976',
                     'cnt' => 10000,
                     'perc' => {
                                 '60' => '607',
                                 '90' => '899',
                                 '30' => '307',
                                 '70' => '702',
                                 '100' => '999',
                                 '99' => '990',
                                 '95' => '948',
                                 '20' => '201',
                                 '40' => '402',
                                 '50' => '504',
                                 '98' => '979',
                                 '80' => '801'
                               },
                     'stddev' => '288.6355705691',
                     'sum' => 5020265
                   },
            'b' => {
                     'avg' => '510.213005342704',
                     'kind' => 'asymmetric',
                     'skew' => '207.141568542757',
                     'cnt' => 700020,
                     'perc' => {
                                 '100' => '500937',
                                 '90' => '899',
                                 '30' => '299',
                                 '70' => '700',
                                 '60' => '600',
                                 '80' => '799',
                                 '40' => '399',
                                 '50' => '499',
                                 '98' => '980',
                                 '95' => '950',
                                 '20' => '200',
                                 '99' => '990'
                               },
                     'stddev' => '2132.5644608779',
                     'sum' => 357159308
                   }
          }
        ];
