$VAR1 = [
          'table',
          {
            '20' => {
                      'all_percs' => 200,
                      'means_of_percs' => '135.666666666667',
                      'percs_of_percs' => 200
                    },
            '80' => {
                      'all_percs' => 799,
                      'means_of_percs' => '815',
                      'percs_of_percs' => 799
                    },
            '50' => {
                      'means_of_percs' => '484.666666666667',
                      'all_percs' => 499,
                      'percs_of_percs' => 499
                    },
            '60' => {
                      'all_percs' => 599,
                      'means_of_percs' => '572.333333333333',
                      'percs_of_percs' => 599
                    },
            '99' => {
                      'all_percs' => 989,
                      'means_of_percs' => '975',
                      'percs_of_percs' => 989
                    },
            '98' => {
                      'percs_of_percs' => 979,
                      'means_of_percs' => '968.333333333333',
                      'all_percs' => 979
                    },
            '100' => {
                       'percs_of_percs' => 999,
                       'means_of_percs' => '982.333333333333',
                       'all_percs' => 999
                     },
            '40' => {
                      'percs_of_percs' => 399,
                      'all_percs' => 399,
                      'means_of_percs' => '405.666666666667'
                    },
            '90' => {
                      'percs_of_percs' => 899,
                      'all_percs' => 899,
                      'means_of_percs' => '914'
                    },
            '95' => {
                      'means_of_percs' => '948.666666666667',
                      'all_percs' => 949,
                      'percs_of_percs' => 949
                    },
            '70' => {
                      'means_of_percs' => '663.333333333333',
                      'all_percs' => 699,
                      'percs_of_percs' => 699
                    },
            '30' => {
                      'percs_of_percs' => 300,
                      'means_of_percs' => '322.333333333333',
                      'all_percs' => 300
                    }
          },
          'slices',
          {
            'c' => {
                     'kind' => 'symmetric',
                     'skew' => '0.000260442762885019',
                     'sum' => 4964221,
                     'stddev' => '290.52433380285',
                     'avg' => '496.4221',
                     'perc' => {
                                 '98' => '978',
                                 '40' => '399',
                                 '100' => '999',
                                 '90' => '896',
                                 '95' => '949',
                                 '70' => '696',
                                 '30' => '292',
                                 '20' => '194',
                                 '80' => '800',
                                 '50' => '497',
                                 '60' => '594',
                                 '99' => '988'
                               },
                     'cnt' => 10000
                   },
            'a' => {
                     'perc' => {
                                 '95' => '949',
                                 '70' => '699',
                                 '30' => '300',
                                 '98' => '979',
                                 '100' => '999',
                                 '40' => '399',
                                 '90' => '899',
                                 '60' => '599',
                                 '99' => '989',
                                 '20' => '200',
                                 '80' => '799',
                                 '50' => '499'
                               },
                     'cnt' => 1000000,
                     'avg' => '499.383581',
                     'stddev' => '288.485652625258',
                     'skew' => '6.83902110674183e-05',
                     'sum' => 499383581,
                     'kind' => 'symmetric'
                   },
            'b' => {
                     'stddev' => '320.951148930799',
                     'perc' => {
                                 '20' => '13',
                                 '80' => '846',
                                 '50' => '458',
                                 '60' => '524',
                                 '99' => '948',
                                 '98' => '948',
                                 '40' => '419',
                                 '100' => '949',
                                 '90' => '947',
                                 '95' => '948',
                                 '70' => '595',
                                 '30' => '375'
                               },
                     'cnt' => 10,
                     'avg' => '513.6',
                     'kind' => 'symmetric',
                     'skew' => '-0.168281457988548',
                     'sum' => 5136
                   }
          }
        ];
