all_percs is not equal to percs_of_percs for percentile 90: $VAR1 = [
          'data',
          {
            'all_percs' => 500799,
            'means_of_percs' => '334049.5',
            'percs_of_percs' => 500800
          },
          'table',
          {
            '90' => $VAR1->[1],
            '100' => {
                       'means_of_percs' => '334325.333333333',
                       'percs_of_percs' => '500999',
                       'all_percs' => '500999'
                     },
            '20' => {
                      'all_percs' => '401',
                      'percs_of_percs' => '400',
                      'means_of_percs' => '355.333333333333'
                    },
            '30' => {
                      'all_percs' => '602',
                      'percs_of_percs' => '600',
                      'means_of_percs' => '524'
                    },
            '95' => {
                      'all_percs' => '500899',
                      'means_of_percs' => '334188.166666667',
                      'percs_of_percs' => '500900'
                    },
            '50' => {
                      'all_percs' => '6490',
                      'means_of_percs' => '2663.5',
                      'percs_of_percs' => '999'
                    },
            '80' => {
                      'means_of_percs' => '171434.5',
                      'percs_of_percs' => '500600',
                      'all_percs' => '500598'
                    },
            '70' => {
                      'all_percs' => '500395',
                      'means_of_percs' => '171169.5',
                      'percs_of_percs' => '500399'
                    },
            '98' => {
                      'all_percs' => '500960',
                      'means_of_percs' => '334267',
                      'percs_of_percs' => '500960'
                    },
            '99' => {
                      'percs_of_percs' => '500980',
                      'means_of_percs' => '334289.5',
                      'all_percs' => '500980'
                    },
            '60' => {
                      'percs_of_percs' => '500199',
                      'means_of_percs' => '169228',
                      'all_percs' => '500194'
                    },
            '40' => {
                      'all_percs' => '802',
                      'percs_of_percs' => '799',
                      'means_of_percs' => '2473.83333333333'
                    }
          },
          'slices',
          {
            'b' => {
                     'skew' => '-0.261588080194105',
                     'avg' => '557.7',
                     'stddev' => '370.593591417877',
                     'cnt' => 10,
                     'sum' => 5577,
                     'kind' => 'symmetric',
                     'perc' => {
                                 '95' => '964.5',
                                 '70' => '919',
                                 '80' => '926',
                                 '50' => '501',
                                 '100' => '978',
                                 '90' => '951',
                                 '30' => '74',
                                 '20' => '64',
                                 '40' => '423',
                                 '60' => '692',
                                 '99' => '964.5',
                                 '98' => '964.5'
                               }
                   },
            'a' => {
                     'skew' => '9.80930047752105e-09',
                     'avg' => '250499.515499',
                     'cnt' => 1000000,
                     'stddev' => '250000.18060726',
                     'kind' => 'symmetric',
                     'sum' => '250499515499',
                     'perc' => {
                                 '90' => '500800',
                                 '100' => '500999',
                                 '20' => '400',
                                 '30' => '600',
                                 '95' => '500900',
                                 '50' => '999',
                                 '70' => '500399',
                                 '80' => '500600',
                                 '98' => '500960',
                                 '60' => '500199',
                                 '99' => '500980',
                                 '40' => '799'
                               }
                   },
            'c' => {
                     'kind' => 'asymmetric',
                     'sum' => 860887151,
                     'perc' => {
                                 '98' => '500876.5',
                                 '99' => '500924',
                                 '60' => '6793',
                                 '40' => '6199.5',
                                 '100' => '500999',
                                 '90' => '500397.5',
                                 '20' => '602',
                                 '30' => '898',
                                 '95' => '500700',
                                 '50' => '6490.5',
                                 '80' => '12777.5',
                                 '70' => '12190.5'
                               },
                     'cnt' => 9999,
                     'stddev' => '183001.494177684',
                     'avg' => '86097.3248324833',
                     'skew' => '1.82153621433609'
                   }
          }
        ];
