$VAR1 = [
          'table',
          {
            '90' => {
                      'percs_of_percs' => 900,
                      'all_percs' => 900,
                      'means_of_percs' => '778.333333333333'
                    },
            '60' => {
                      'means_of_percs' => '480.333333333333',
                      'all_percs' => 600,
                      'percs_of_percs' => 600
                    },
            '98' => {
                      'means_of_percs' => '862',
                      'all_percs' => 979,
                      'percs_of_percs' => 979
                    },
            '50' => {
                      'means_of_percs' => '411.666666666667',
                      'all_percs' => 500,
                      'percs_of_percs' => 500
                    },
            '100' => {
                       'percs_of_percs' => 999,
                       'all_percs' => 999,
                       'means_of_percs' => '906.333333333333'
                     },
            '30' => {
                      'means_of_percs' => '233.666666666667',
                      'percs_of_percs' => 300,
                      'all_percs' => 300
                    },
            '20' => {
                      'means_of_percs' => '157',
                      'percs_of_percs' => 200,
                      'all_percs' => 200
                    },
            '95' => {
                      'all_percs' => 949,
                      'percs_of_percs' => 949,
                      'means_of_percs' => '841.666666666667'
                    },
            '80' => {
                      'means_of_percs' => '627.333333333333',
                      'percs_of_percs' => 800,
                      'all_percs' => 800
                    },
            '40' => {
                      'all_percs' => 400,
                      'percs_of_percs' => 400,
                      'means_of_percs' => '330'
                    },
            '99' => {
                      'means_of_percs' => '868',
                      'all_percs' => 989,
                      'percs_of_percs' => 989
                    },
            '70' => {
                      'means_of_percs' => '557.333333333333',
                      'percs_of_percs' => 700,
                      'all_percs' => 700
                    }
          },
          'slices',
          {
            'b' => {
                     'kind' => 'asymmetric',
                     'skew' => '1.01216576529407',
                     'avg' => '263.3',
                     'cnt' => 10,
                     'stddev' => '204.465669490015',
                     'perc' => {
                                 '90' => '531',
                                 '98' => '626',
                                 '60' => '237',
                                 '50' => '233',
                                 '100' => '721',
                                 '30' => '96',
                                 '20' => '69',
                                 '95' => '626',
                                 '80' => '277',
                                 '40' => '188',
                                 '99' => '626',
                                 '70' => '270'
                               },
                     'sum' => 2633
                   },
            'a' => {
                     'perc' => {
                                 '100' => '999',
                                 '50' => '500',
                                 '60' => '600',
                                 '98' => '979',
                                 '90' => '900',
                                 '99' => '989',
                                 '70' => '700',
                                 '95' => '949',
                                 '80' => '800',
                                 '40' => '400',
                                 '20' => '200',
                                 '30' => '300'
                               },
                     'sum' => 499928512,
                     'stddev' => '288.709146283034',
                     'cnt' => 1000000,
                     'skew' => '-0.00292462929916744',
                     'kind' => 'symmetric',
                     'avg' => '499.928512'
                   },
            'c' => {
                     'stddev' => '289.257523443022',
                     'cnt' => 10000,
                     'sum' => 5020619,
                     'perc' => {
                                 '98' => '981',
                                 '90' => '904',
                                 '60' => '604',
                                 '100' => '999',
                                 '50' => '502',
                                 '20' => '202',
                                 '30' => '305',
                                 '99' => '989',
                                 '70' => '702',
                                 '95' => '950',
                                 '80' => '805',
                                 '40' => '402'
                               },
                     'avg' => '502.0619',
                     'skew' => '-0.00756394098316603',
                     'kind' => 'symmetric'
                   }
          }
        ];
