$VAR1 = [
          'table',
          {
            '80' => {
                      'percs_of_percs' => 800,
                      'all_percs' => 800,
                      'means_of_percs' => '784'
                    },
            '70' => {
                      'means_of_percs' => '649.666666666667',
                      'all_percs' => 700,
                      'percs_of_percs' => 700
                    },
            '100' => {
                       'means_of_percs' => '992.333333333333',
                       'all_percs' => 999,
                       'percs_of_percs' => 999
                     },
            '60' => {
                      'percs_of_percs' => 600,
                      'all_percs' => 600,
                      'means_of_percs' => '567.666666666667'
                    },
            '90' => {
                      'all_percs' => 900,
                      'means_of_percs' => '918.666666666667',
                      'percs_of_percs' => 900
                    },
            '30' => {
                      'percs_of_percs' => 299,
                      'all_percs' => 299,
                      'means_of_percs' => '307'
                    },
            '95' => {
                      'percs_of_percs' => 949,
                      'means_of_percs' => '956.333333333333',
                      'all_percs' => 949
                    },
            '99' => {
                      'percs_of_percs' => 989,
                      'all_percs' => 989,
                      'means_of_percs' => '982.333333333333'
                    },
            '20' => {
                      'all_percs' => 199,
                      'means_of_percs' => '214.333333333333',
                      'percs_of_percs' => 199
                    },
            '50' => {
                      'percs_of_percs' => 500,
                      'means_of_percs' => '490.333333333333',
                      'all_percs' => 500
                    },
            '98' => {
                      'percs_of_percs' => 979,
                      'means_of_percs' => '976',
                      'all_percs' => 979
                    },
            '40' => {
                      'means_of_percs' => '397.666666666667',
                      'all_percs' => 400,
                      'percs_of_percs' => 400
                    }
          },
          'slices',
          {
            'a' => {
                     'perc' => {
                                 '80' => '800',
                                 '100' => '999',
                                 '60' => '600',
                                 '70' => '700',
                                 '95' => '949',
                                 '30' => '299',
                                 '90' => '900',
                                 '99' => '989',
                                 '20' => '199',
                                 '98' => '979',
                                 '40' => '400',
                                 '50' => '500'
                               },
                     'skew' => '-0.00165472862615322',
                     'sum' => 499589889,
                     'kind' => 'symmetric',
                     'cnt' => 1000000,
                     'avg' => '499.589889',
                     'stddev' => '288.857868042394'
                   },
            'b' => {
                     'stddev' => '274.681925142518',
                     'avg' => '531.8',
                     'cnt' => 10,
                     'sum' => 5318,
                     'kind' => 'symmetric',
                     'skew' => '0.332804885986534',
                     'perc' => {
                                 '98' => '968',
                                 '40' => '395',
                                 '50' => '479',
                                 '20' => '247',
                                 '99' => '968',
                                 '95' => '968',
                                 '90' => '957',
                                 '30' => '324',
                                 '60' => '512',
                                 '100' => '979',
                                 '70' => '556',
                                 '80' => '757'
                               }
                   },
            'c' => {
                     'kind' => 'symmetric',
                     'sum' => 4969822,
                     'cnt' => 10000,
                     'skew' => '0.0240391186901899',
                     'perc' => {
                                 '80' => '795',
                                 '90' => '899',
                                 '30' => '298',
                                 '95' => '952',
                                 '70' => '693',
                                 '60' => '591',
                                 '100' => '999',
                                 '99' => '990',
                                 '50' => '492',
                                 '98' => '981',
                                 '40' => '398',
                                 '20' => '197'
                               },
                     'stddev' => '287.610039260037',
                     'avg' => '496.9822'
                   }
          }
        ];
