all_percs is not equal to percs_of_percs for percentile 20: $VAR1 = [
          'data',
          {
            'percs_of_percs' => 400,
            'means_of_percs' => '361',
            'all_percs' => 396
          },
          'table',
          {
            '100' => {
                       'all_percs' => 500999,
                       'means_of_percs' => '167585.666666667',
                       'percs_of_percs' => 500999
                     },
            '20' => $VAR1->[1],
            '90' => {
                      'means_of_percs' => '167457.666666667',
                      'all_percs' => '500796',
                      'percs_of_percs' => '500798'
                    },
            '98' => {
                      'all_percs' => '500959',
                      'means_of_percs' => '167551.5',
                      'percs_of_percs' => '500959'
                    },
            '95' => {
                      'percs_of_percs' => '500899',
                      'means_of_percs' => '167521.833333333',
                      'all_percs' => '500898'
                    },
            '70' => {
                      'percs_of_percs' => '500400',
                      'all_percs' => '500394',
                      'means_of_percs' => '167246'
                    },
            '99' => {
                      'percs_of_percs' => '500980',
                      'all_percs' => '500979',
                      'means_of_percs' => '167562.166666667'
                    },
            '30' => {
                      'means_of_percs' => '479.666666666667',
                      'all_percs' => '593',
                      'percs_of_percs' => '599'
                    },
            '80' => {
                      'means_of_percs' => '167353.333333333',
                      'all_percs' => '500594',
                      'percs_of_percs' => '500598'
                    },
            '60' => {
                      'percs_of_percs' => '500200',
                      'all_percs' => '500192',
                      'means_of_percs' => '167141'
                    },
            '50' => {
                      'all_percs' => '990',
                      'means_of_percs' => '694',
                      'percs_of_percs' => '999'
                    },
            '40' => {
                      'percs_of_percs' => '800',
                      'all_percs' => '792',
                      'means_of_percs' => '579.666666666667'
                    }
          },
          'slices',
          {
            'a' => {
                     'skew' => '-3.57623294802402e-09',
                     'cnt' => 1000000,
                     'kind' => 'symmetric',
                     'avg' => '250499.293259',
                     'sum' => '250499293259',
                     'perc' => {
                                 '30' => '599',
                                 '99' => '500980',
                                 '98' => '500959',
                                 '95' => '500899',
                                 '70' => '500400',
                                 '90' => '500798',
                                 '20' => '400',
                                 '100' => '500999',
                                 '50' => '999',
                                 '40' => '800',
                                 '80' => '500598',
                                 '60' => '500200'
                               },
                     'stddev' => '249999.92340554'
                   },
            'b' => {
                     'avg' => '596.4',
                     'sum' => 5964,
                     'perc' => {
                                 '60' => '631',
                                 '80' => '663',
                                 '40' => '544',
                                 '50' => '589',
                                 '100' => '759',
                                 '90' => '676',
                                 '20' => '481',
                                 '70' => '643',
                                 '98' => '717.5',
                                 '95' => '717.5',
                                 '99' => '717.5',
                                 '30' => '541'
                               },
                     'skew' => '-0.0839465021773658',
                     'cnt' => 10,
                     'kind' => 'symmetric',
                     'stddev' => '92.2899777874066'
                   },
            'c' => {
                     'avg' => '497.7084',
                     'sum' => 4977084,
                     'perc' => {
                                 '70' => '695',
                                 '95' => '949',
                                 '98' => '978',
                                 '30' => '299',
                                 '99' => '989',
                                 '100' => '999',
                                 '90' => '899',
                                 '20' => '202',
                                 '40' => '395',
                                 '50' => '494',
                                 '60' => '592',
                                 '80' => '799'
                               },
                     'skew' => '0.0215508890956909',
                     'cnt' => 10000,
                     'kind' => 'symmetric',
                     'stddev' => '287.614785380446'
                   }
          }
        ];
