all_percs is not equal to percs_of_percs for percentile 30: $VAR1 = [
          'data',
          {
            'means_of_percs' => '522.333333333333',
            'percs_of_percs' => 300,
            'all_percs' => 302
          },
          'table',
          {
            '30' => $VAR1->[1],
            '40' => {
                      'percs_of_percs' => '400',
                      'all_percs' => '402',
                      'means_of_percs' => '2333.33333333333'
                    },
            '60' => {
                      'all_percs' => '604',
                      'percs_of_percs' => '600',
                      'means_of_percs' => '2685'
                    },
            '95' => {
                      'means_of_percs' => '167494.166666667',
                      'all_percs' => '956',
                      'percs_of_percs' => '950'
                    },
            '90' => {
                      'means_of_percs' => '167340.5',
                      'percs_of_percs' => '900',
                      'all_percs' => '906'
                    },
            '100' => {
                       'means_of_percs' => '167644.666666667',
                       'percs_of_percs' => '500999',
                       'all_percs' => '500999'
                     },
            '99' => {
                      'percs_of_percs' => '990',
                      'all_percs' => '996',
                      'means_of_percs' => '167587.5'
                    },
            '98' => {
                      'means_of_percs' => '167562.333333333',
                      'all_percs' => '986',
                      'percs_of_percs' => '980'
                    },
            '80' => {
                      'percs_of_percs' => '800',
                      'all_percs' => '805',
                      'means_of_percs' => '4779'
                    },
            '20' => {
                      'means_of_percs' => '297.666666666667',
                      'all_percs' => '201',
                      'percs_of_percs' => '200'
                    },
            '70' => {
                      'percs_of_percs' => '700',
                      'all_percs' => '704',
                      'means_of_percs' => '4525.33333333333'
                    },
            '50' => {
                      'means_of_percs' => '2528.16666666667',
                      'percs_of_percs' => '500',
                      'all_percs' => '503'
                    }
          },
          'slices',
          {
            'c' => {
                     'sum' => 895531164,
                     'perc' => {
                                 '70' => '12196',
                                 '50' => '6486.5',
                                 '20' => '605',
                                 '90' => '500399.5',
                                 '95' => '500703.5',
                                 '99' => '500943.5',
                                 '100' => '500999',
                                 '98' => '500878',
                                 '80' => '12818',
                                 '30' => '895',
                                 '40' => '6191',
                                 '60' => '6783'
                               },
                     'cnt' => 9999,
                     'skew' => '1.75307585386399',
                     'stddev' => '186164.461824383',
                     'kind' => 'asymmetric',
                     'avg' => '89562.0726072607'
                   },
            'b' => {
                     'sum' => 5254,
                     'skew' => '-0.492884632478087',
                     'perc' => {
                                 '30' => '372',
                                 '40' => '409',
                                 '60' => '672',
                                 '90' => '722',
                                 '95' => '829',
                                 '100' => '936',
                                 '99' => '829',
                                 '98' => '829',
                                 '80' => '719',
                                 '20' => '88',
                                 '70' => '680',
                                 '50' => '598'
                               },
                     'cnt' => 10,
                     'stddev' => '272.44272792644',
                     'kind' => 'symmetric',
                     'avg' => '525.4'
                   },
            'a' => {
                     'sum' => 499800964,
                     'perc' => {
                                 '90' => '900',
                                 '95' => '950',
                                 '99' => '990',
                                 '100' => '999',
                                 '98' => '980',
                                 '80' => '800',
                                 '30' => '300',
                                 '40' => '400',
                                 '60' => '600',
                                 '70' => '700',
                                 '50' => '500',
                                 '20' => '200'
                               },
                     'cnt' => 1000000,
                     'skew' => '-0.00104032284262752',
                     'avg' => '499.800964',
                     'stddev' => '288.766761090428',
                     'kind' => 'symmetric'
                   }
          }
        ];
