all_percs is not equal to percs_of_percs for percentile 99: $VAR1 = [
          'data',
          {
            'all_percs' => '989.5',
            'means_of_percs' => '989.666666666667',
            'percs_of_percs' => 990
          },
          'table',
          {
            '40' => {
                      'means_of_percs' => '400',
                      'all_percs' => 400,
                      'percs_of_percs' => 400
                    },
            '98' => {
                      'means_of_percs' => '979.333333333333',
                      'all_percs' => 979,
                      'percs_of_percs' => 979
                    },
            '99' => $VAR1->[1],
            '60' => {
                      'percs_of_percs' => '599',
                      'all_percs' => '599',
                      'means_of_percs' => '596.666666666667'
                    },
            '80' => {
                      'all_percs' => '799',
                      'means_of_percs' => '799.333333333333',
                      'percs_of_percs' => '800'
                    },
            '50' => {
                      'all_percs' => '499',
                      'means_of_percs' => '497',
                      'percs_of_percs' => '499'
                    },
            '30' => {
                      'means_of_percs' => '300.666666666667',
                      'all_percs' => '300',
                      'percs_of_percs' => '300'
                    },
            '70' => {
                      'means_of_percs' => '697.333333333333',
                      'all_percs' => '699',
                      'percs_of_percs' => '700'
                    },
            '90' => {
                      'percs_of_percs' => '900',
                      'means_of_percs' => '899.666666666667',
                      'all_percs' => '899'
                    },
            '20' => {
                      'all_percs' => '200',
                      'means_of_percs' => '200.333333333333',
                      'percs_of_percs' => '200'
                    },
            '95' => {
                      'percs_of_percs' => '949',
                      'all_percs' => '949',
                      'means_of_percs' => '949'
                    },
            '100' => {
                       'means_of_percs' => '167651',
                       'all_percs' => '500955',
                       'percs_of_percs' => '500955'
                     }
          },
          'slices',
          {
            'a' => {
                     'cnt' => 1000000,
                     'skew' => '0.000188159308679008',
                     'sum' => 499473094,
                     'kind' => 'symmetric',
                     'avg' => '499.473094',
                     'stddev' => '288.583376049405',
                     'perc' => {
                                 '30' => '300',
                                 '100' => '999',
                                 '95' => '949',
                                 '70' => '699',
                                 '20' => '200',
                                 '90' => '900',
                                 '50' => '499',
                                 '80' => '800',
                                 '99' => '990',
                                 '60' => '599',
                                 '40' => '400',
                                 '98' => '979'
                               }
                   },
            'b' => {
                     'skew' => '207.167299590277',
                     'cnt' => 700020,
                     'kind' => 'asymmetric',
                     'sum' => 357273520,
                     'avg' => '510.376160681123',
                     'stddev' => '2132.114345909',
                     'perc' => {
                                 '95' => '949',
                                 '20' => '200',
                                 '70' => '700',
                                 '90' => '899',
                                 '100' => '500955',
                                 '30' => '300',
                                 '50' => '499',
                                 '80' => '799',
                                 '60' => '599',
                                 '99' => '989',
                                 '98' => '979',
                                 '40' => '400'
                               }
                   },
            'c' => {
                     'cnt' => 10000,
                     'skew' => '0.0172456882520763',
                     'sum' => 4984301,
                     'kind' => 'symmetric',
                     'stddev' => '287.702325875184',
                     'avg' => '498.4301',
                     'perc' => {
                                 '40' => '400',
                                 '98' => '980',
                                 '99' => '990',
                                 '60' => '592',
                                 '80' => '799',
                                 '50' => '493',
                                 '30' => '302',
                                 '95' => '949',
                                 '70' => '693',
                                 '20' => '201',
                                 '90' => '900',
                                 '100' => '999'
                               }
                   }
          }
        ];
