all_percs is not equal to percs_of_percs for percentile 60: $VAR1 = [
          'data',
          {
            'means_of_percs' => '167115',
            'all_percs' => 500191,
            'percs_of_percs' => 500199
          },
          'table',
          {
            '60' => $VAR1->[1],
            '30' => {
                      'percs_of_percs' => '599',
                      'all_percs' => '593',
                      'means_of_percs' => '395.333333333333'
                    },
            '90' => {
                      'all_percs' => '500797',
                      'percs_of_percs' => '500799',
                      'means_of_percs' => '167533'
                    },
            '50' => {
                      'all_percs' => '990',
                      'percs_of_percs' => '999',
                      'means_of_percs' => '664.333333333333'
                    },
            '100' => {
                       'means_of_percs' => '167664',
                       'all_percs' => '500999',
                       'percs_of_percs' => '500999'
                     },
            '80' => {
                      'means_of_percs' => '167385',
                      'all_percs' => '500596',
                      'percs_of_percs' => '500600'
                    },
            '95' => {
                      'all_percs' => '500898',
                      'percs_of_percs' => '500899',
                      'means_of_percs' => '167598.5'
                    },
            '98' => {
                      'percs_of_percs' => '500959',
                      'all_percs' => '500959',
                      'means_of_percs' => '167628.166666667'
                    },
            '70' => {
                      'percs_of_percs' => '500399',
                      'all_percs' => '500393',
                      'means_of_percs' => '167241'
                    },
            '40' => {
                      'percs_of_percs' => '799',
                      'all_percs' => '792',
                      'means_of_percs' => '558.333333333333'
                    },
            '99' => {
                      'all_percs' => '500979',
                      'percs_of_percs' => '500979',
                      'means_of_percs' => '167637.833333333'
                    },
            '20' => {
                      'percs_of_percs' => '398',
                      'all_percs' => '394',
                      'means_of_percs' => '214'
                    }
          },
          'slices',
          {
            'a' => {
                     'avg' => '250499.103804',
                     'perc' => {
                                 '20' => '398',
                                 '99' => '500979',
                                 '70' => '500399',
                                 '40' => '799',
                                 '98' => '500959',
                                 '95' => '500899',
                                 '100' => '500999',
                                 '80' => '500600',
                                 '50' => '999',
                                 '90' => '500799',
                                 '30' => '599',
                                 '60' => '500199'
                               },
                     'cnt' => 1000000,
                     'kind' => 'symmetric',
                     'skew' => '-2.51053235474766e-09',
                     'stddev' => '250000.2888962',
                     'sum' => '250499103804'
                   },
            'c' => {
                     'stddev' => '291.167569096835',
                     'sum' => 4976432,
                     'perc' => {
                                 '20' => '195',
                                 '99' => '989',
                                 '40' => '394',
                                 '70' => '699',
                                 '98' => '980',
                                 '95' => '951',
                                 '100' => '999',
                                 '80' => '803',
                                 '50' => '493',
                                 '90' => '903',
                                 '30' => '294',
                                 '60' => '599'
                               },
                     'avg' => '497.6432',
                     'skew' => '0.0179490930437942',
                     'kind' => 'symmetric',
                     'cnt' => 10000
                   },
            'b' => {
                     'stddev' => '312.50134399711',
                     'sum' => 5141,
                     'perc' => {
                                 '50' => '501',
                                 '90' => '897',
                                 '100' => '994',
                                 '80' => '752',
                                 '30' => '293',
                                 '60' => '547',
                                 '99' => '945.5',
                                 '20' => '49',
                                 '98' => '945.5',
                                 '70' => '625',
                                 '40' => '482',
                                 '95' => '945.5'
                               },
                     'avg' => '514.1',
                     'skew' => '-0.21303313517847',
                     'kind' => 'symmetric',
                     'cnt' => 10
                   }
          }
        ];
