all_percs is not equal to percs_of_percs for percentile 20: $VAR1 = [
          'data',
          {
            'percs_of_percs' => 199,
            'means_of_percs' => '186.333333333333',
            'all_percs' => 200
          },
          'table',
          {
            '95' => {
                      'percs_of_percs' => 950,
                      'means_of_percs' => '951.333333333333',
                      'all_percs' => 950
                    },
            '40' => {
                      'percs_of_percs' => 400,
                      'means_of_percs' => '375.666666666667',
                      'all_percs' => 400
                    },
            '30' => {
                      'percs_of_percs' => 299,
                      'means_of_percs' => '279.666666666667',
                      'all_percs' => 299
                    },
            '100' => {
                       'means_of_percs' => '989.666666666667',
                       'percs_of_percs' => 999,
                       'all_percs' => 999
                     },
            '50' => {
                      'means_of_percs' => '480',
                      'percs_of_percs' => 500,
                      'all_percs' => 500
                    },
            '70' => {
                      'all_percs' => 700,
                      'percs_of_percs' => 700,
                      'means_of_percs' => '694'
                    },
            '60' => {
                      'means_of_percs' => '614.666666666667',
                      'percs_of_percs' => 600,
                      'all_percs' => 600
                    },
            '90' => {
                      'all_percs' => 899,
                      'percs_of_percs' => 899,
                      'means_of_percs' => '910.666666666667'
                    },
            '20' => $VAR1->[1],
            '98' => {
                      'all_percs' => '980',
                      'means_of_percs' => '970.666666666667',
                      'percs_of_percs' => '980'
                    },
            '99' => {
                      'means_of_percs' => '977',
                      'percs_of_percs' => '990',
                      'all_percs' => '990'
                    },
            '80' => {
                      'all_percs' => '800',
                      'means_of_percs' => '762',
                      'percs_of_percs' => '800'
                    }
          },
          'slices',
          {
            'b' => {
                     'avg' => '514.8',
                     'skew' => '0.137879471476829',
                     'stddev' => '293.470543666652',
                     'cnt' => 10,
                     'kind' => 'symmetric',
                     'sum' => 5148,
                     'perc' => {
                                 '20' => '155',
                                 '90' => '929',
                                 '98' => '950',
                                 '99' => '950',
                                 '80' => '679',
                                 '95' => '950',
                                 '40' => '322',
                                 '70' => '675',
                                 '100' => '971',
                                 '30' => '233',
                                 '50' => '434',
                                 '60' => '637'
                               }
                   },
            'a' => {
                     'kind' => 'symmetric',
                     'sum' => 499564355,
                     'cnt' => 1000000,
                     'perc' => {
                                 '20' => '199',
                                 '90' => '899',
                                 '80' => '800',
                                 '99' => '990',
                                 '98' => '980',
                                 '30' => '299',
                                 '100' => '999',
                                 '70' => '700',
                                 '50' => '500',
                                 '40' => '400',
                                 '95' => '950',
                                 '60' => '600'
                               },
                     'skew' => '-0.00119657175635211',
                     'avg' => '499.564355',
                     'stddev' => '288.833372504711'
                   },
            'c' => {
                     'avg' => '505.1124',
                     'skew' => '-0.0166920275013824',
                     'stddev' => '289.246644520277',
                     'cnt' => 10000,
                     'kind' => 'symmetric',
                     'sum' => 5051124,
                     'perc' => {
                                 '80' => '807',
                                 '99' => '991',
                                 '98' => '982',
                                 '20' => '205',
                                 '90' => '904',
                                 '60' => '607',
                                 '30' => '307',
                                 '100' => '999',
                                 '70' => '707',
                                 '50' => '506',
                                 '40' => '405',
                                 '95' => '954'
                               }
                   }
          }
        ];
