all_percs is not equal to percs_of_percs for percentile 98: $VAR1 = [
          'data',
          {
            'means_of_percs' => '167555.666666667',
            'all_percs' => 986,
            'percs_of_percs' => 980
          },
          'table',
          {
            '98' => $VAR1->[1],
            '90' => {
                      'means_of_percs' => '167351.333333333',
                      'percs_of_percs' => '899',
                      'all_percs' => '905'
                    },
            '100' => {
                       'all_percs' => '500999',
                       'percs_of_percs' => '500999',
                       'means_of_percs' => '167625.666666667'
                     },
            '60' => {
                      'percs_of_percs' => '600',
                      'all_percs' => '604',
                      'means_of_percs' => '2645.33333333333'
                    },
            '99' => {
                      'means_of_percs' => '167578.333333333',
                      'percs_of_percs' => '990',
                      'all_percs' => '996'
                    },
            '70' => {
                      'means_of_percs' => '4518.66666666667',
                      'all_percs' => '704',
                      'percs_of_percs' => '700'
                    },
            '50' => {
                      'means_of_percs' => '2446',
                      'all_percs' => '503',
                      'percs_of_percs' => '499'
                    },
            '95' => {
                      'means_of_percs' => '167489',
                      'all_percs' => '956',
                      'percs_of_percs' => '950'
                    },
            '40' => {
                      'percs_of_percs' => '399',
                      'all_percs' => '402',
                      'means_of_percs' => '2307.66666666667'
                    },
            '30' => {
                      'percs_of_percs' => '299',
                      'all_percs' => '301',
                      'means_of_percs' => '491'
                    },
            '20' => {
                      'percs_of_percs' => '199',
                      'all_percs' => '201',
                      'means_of_percs' => '355.666666666667'
                    },
            '80' => {
                      'all_percs' => '805',
                      'percs_of_percs' => '800',
                      'means_of_percs' => '4743.66666666667'
                    }
          },
          'slices',
          {
            'a' => {
                     'cnt' => 1000000,
                     'avg' => '499.441239',
                     'skew' => '-0.000237347761211025',
                     'stddev' => '288.79266251608',
                     'sum' => 499441239,
                     'perc' => {
                                 '20' => '199',
                                 '30' => '299',
                                 '40' => '399',
                                 '80' => '800',
                                 '100' => '999',
                                 '90' => '899',
                                 '98' => '980',
                                 '99' => '990',
                                 '60' => '600',
                                 '70' => '700',
                                 '95' => '950',
                                 '50' => '499'
                               },
                     'kind' => 'symmetric'
                   },
            'b' => {
                     'stddev' => '222.159424738182',
                     'sum' => 4897,
                     'cnt' => 10,
                     'avg' => '489.7',
                     'skew' => '0.322503053658445',
                     'kind' => 'symmetric',
                     'perc' => {
                                 '20' => '278',
                                 '40' => '323',
                                 '30' => '282',
                                 '80' => '659',
                                 '50' => '336',
                                 '95' => '813',
                                 '100' => '879',
                                 '98' => '813',
                                 '90' => '747',
                                 '99' => '813',
                                 '60' => '540',
                                 '70' => '647'
                               }
                   },
            'c' => {
                     'stddev' => '184128.408290628',
                     'sum' => 873102585,
                     'avg' => '87318.9903990399',
                     'cnt' => 9999,
                     'skew' => '1.79702598996851',
                     'kind' => 'asymmetric',
                     'perc' => {
                                 '95' => '500704',
                                 '50' => '6503',
                                 '70' => '12209',
                                 '99' => '500932',
                                 '60' => '6796',
                                 '90' => '500408',
                                 '98' => '500874',
                                 '100' => '500999',
                                 '80' => '12772',
                                 '40' => '6201',
                                 '30' => '892',
                                 '20' => '590'
                               }
                   }
          }
        ];
