all_percs is not equal to percs_of_percs for percentile 90: $VAR1 = [
          'data',
          {
            'percs_of_percs' => 899,
            'all_percs' => 905,
            'means_of_percs' => '167393.166666667'
          },
          'table',
          {
            '90' => $VAR1->[1],
            '60' => {
                      'percs_of_percs' => '599',
                      'all_percs' => '603',
                      'means_of_percs' => '2640.5'
                    },
            '30' => {
                      'all_percs' => '301',
                      'means_of_percs' => '536.666666666667',
                      'percs_of_percs' => '299'
                    },
            '40' => {
                      'all_percs' => '402',
                      'means_of_percs' => '2348',
                      'percs_of_percs' => '399'
                    },
            '95' => {
                      'percs_of_percs' => '949',
                      'means_of_percs' => '167523.833333333',
                      'all_percs' => '955'
                    },
            '80' => {
                      'percs_of_percs' => '799',
                      'means_of_percs' => '4772.83333333333',
                      'all_percs' => '805'
                    },
            '100' => {
                       'percs_of_percs' => '500998',
                       'all_percs' => '500998',
                       'means_of_percs' => '167649'
                     },
            '98' => {
                      'means_of_percs' => '167587.666666667',
                      'all_percs' => '986',
                      'percs_of_percs' => '979'
                    },
            '20' => {
                      'all_percs' => '200',
                      'means_of_percs' => '375',
                      'percs_of_percs' => '199'
                    },
            '99' => {
                      'all_percs' => '996',
                      'means_of_percs' => '167611',
                      'percs_of_percs' => '989'
                    },
            '70' => {
                      'means_of_percs' => '4529.83333333333',
                      'all_percs' => '704',
                      'percs_of_percs' => '699'
                    },
            '50' => {
                      'means_of_percs' => '2481.5',
                      'all_percs' => '502',
                      'percs_of_percs' => '499'
                    }
          },
          'slices',
          {
            'c' => {
                     'stddev' => '184530.993175223',
                     'avg' => '87760.4786478648',
                     'cnt' => 9999,
                     'perc' => {
                                 '100' => '500998',
                                 '80' => '12807.5',
                                 '95' => '500715',
                                 '40' => '6208',
                                 '60' => '6795.5',
                                 '30' => '904',
                                 '90' => '500415.5',
                                 '50' => '6502.5',
                                 '70' => '12197.5',
                                 '99' => '500936.5',
                                 '20' => '596',
                                 '98' => '500876.5'
                               },
                     'kind' => 'asymmetric',
                     'sum' => 877517026,
                     'skew' => '1.78831429738108'
                   },
            'a' => {
                     'stddev' => '288.643044568573',
                     'avg' => '498.993504',
                     'perc' => {
                                 '40' => '399',
                                 '95' => '949',
                                 '80' => '799',
                                 '100' => '999',
                                 '90' => '899',
                                 '30' => '299',
                                 '60' => '599',
                                 '99' => '989',
                                 '70' => '699',
                                 '50' => '499',
                                 '98' => '979',
                                 '20' => '199'
                               },
                     'kind' => 'symmetric',
                     'cnt' => 1000000,
                     'sum' => 498993504,
                     'skew' => '0.00201790449020739'
                   },
            'b' => {
                     'stddev' => '256.066026641568',
                     'cnt' => 10,
                     'kind' => 'symmetric',
                     'perc' => {
                                 '40' => '437',
                                 '95' => '907.5',
                                 '100' => '950',
                                 '80' => '712',
                                 '30' => '407',
                                 '60' => '527',
                                 '90' => '865',
                                 '70' => '693',
                                 '99' => '907.5',
                                 '50' => '443',
                                 '98' => '907.5',
                                 '20' => '330'
                               },
                     'avg' => '540.7',
                     'skew' => '-0.153914338962755',
                     'sum' => 5407
                   }
          }
        ];
