all_percs is not equal to percs_of_percs for percentile 40: $VAR1 = [
          'data',
          {
            'percs_of_percs' => 800,
            'means_of_percs' => '542.333333333333',
            'all_percs' => 792
          },
          'table',
          {
            '40' => $VAR1->[1],
            '60' => {
                      'means_of_percs' => '167092',
                      'all_percs' => '500192',
                      'percs_of_percs' => '500200'
                    },
            '80' => {
                      'percs_of_percs' => '500599',
                      'all_percs' => '500595',
                      'means_of_percs' => '167368'
                    },
            '70' => {
                      'percs_of_percs' => '500399',
                      'all_percs' => '500394',
                      'means_of_percs' => '167233.666666667'
                    },
            '30' => {
                      'all_percs' => '593',
                      'means_of_percs' => '433.666666666667',
                      'percs_of_percs' => '599'
                    },
            '90' => {
                      'percs_of_percs' => '500799',
                      'means_of_percs' => '167470.333333333',
                      'all_percs' => '500797'
                    },
            '100' => {
                       'percs_of_percs' => '500999',
                       'all_percs' => '500999',
                       'means_of_percs' => '167644.666666667'
                     },
            '20' => {
                      'percs_of_percs' => '399',
                      'all_percs' => '395',
                      'means_of_percs' => '309.333333333333'
                    },
            '50' => {
                      'percs_of_percs' => '999',
                      'means_of_percs' => '643.333333333333',
                      'all_percs' => '990'
                    },
            '95' => {
                      'means_of_percs' => '167557.333333333',
                      'all_percs' => '500899',
                      'percs_of_percs' => '500900'
                    },
            '98' => {
                      'means_of_percs' => '167587.666666667',
                      'all_percs' => '500959',
                      'percs_of_percs' => '500959'
                    },
            '99' => {
                      'all_percs' => '500979',
                      'means_of_percs' => '167597.666666667',
                      'percs_of_percs' => '500979'
                    }
          },
          'slices',
          {
            'b' => {
                     'kind' => 'symmetric',
                     'sum' => 5084,
                     'perc' => {
                                 '98' => '824',
                                 '95' => '824',
                                 '50' => '432',
                                 '20' => '337',
                                 '99' => '824',
                                 '70' => '608',
                                 '80' => '708',
                                 '60' => '477',
                                 '40' => '431',
                                 '100' => '936',
                                 '90' => '712',
                                 '30' => '410'
                               },
                     'stddev' => '234.932841467514',
                     'skew' => '-0.145051624109788',
                     'avg' => '508.4',
                     'cnt' => 10
                   },
            'c' => {
                     'sum' => 4960977,
                     'kind' => 'symmetric',
                     'perc' => {
                                 '99' => '990',
                                 '50' => '499',
                                 '20' => '192',
                                 '95' => '948',
                                 '98' => '980',
                                 '30' => '292',
                                 '90' => '900',
                                 '100' => '999',
                                 '60' => '599',
                                 '40' => '396',
                                 '80' => '797',
                                 '70' => '694'
                               },
                     'stddev' => '290.392299406695',
                     'skew' => '0.00593360285712772',
                     'avg' => '496.0977',
                     'cnt' => 10000
                   },
            'a' => {
                     'avg' => '250499.482601',
                     'stddev' => '250000.31079657',
                     'perc' => {
                                 '70' => '500399',
                                 '80' => '500599',
                                 '60' => '500200',
                                 '40' => '800',
                                 '100' => '500999',
                                 '90' => '500799',
                                 '30' => '599',
                                 '98' => '500959',
                                 '95' => '500900',
                                 '50' => '999',
                                 '20' => '399',
                                 '99' => '500979'
                               },
                     'kind' => 'symmetric',
                     'sum' => '250499482601',
                     'skew' => '-3.43007006340381e-09',
                     'cnt' => 1000000
                   }
          }
        ];
