all_percs is not equal to percs_of_percs for percentile 99: $VAR1 = [
          'data',
          {
            'means_of_percs' => '933',
            'percs_of_percs' => 990,
            'all_percs' => 989
          },
          'table',
          {
            '98' => {
                      'all_percs' => 980,
                      'percs_of_percs' => 980,
                      'means_of_percs' => '926'
                    },
            '95' => {
                      'means_of_percs' => '905',
                      'percs_of_percs' => 949,
                      'all_percs' => 949
                    },
            '80' => {
                      'means_of_percs' => '738',
                      'all_percs' => 799,
                      'percs_of_percs' => 799
                    },
            '100' => {
                       'means_of_percs' => '940.333333333333',
                       'all_percs' => 999,
                       'percs_of_percs' => 999
                     },
            '40' => {
                      'means_of_percs' => '356',
                      'all_percs' => 399,
                      'percs_of_percs' => 399
                    },
            '60' => {
                      'all_percs' => 600,
                      'percs_of_percs' => 600,
                      'means_of_percs' => '539.666666666667'
                    },
            '20' => {
                      'means_of_percs' => '148.333333333333',
                      'percs_of_percs' => 199,
                      'all_percs' => 199
                    },
            '99' => $VAR1->[1],
            '90' => {
                      'percs_of_percs' => '899',
                      'all_percs' => '899',
                      'means_of_percs' => '870'
                    },
            '70' => {
                      'percs_of_percs' => '699',
                      'all_percs' => '699',
                      'means_of_percs' => '621.333333333333'
                    },
            '50' => {
                      'all_percs' => '499',
                      'percs_of_percs' => '499',
                      'means_of_percs' => '467'
                    },
            '30' => {
                      'all_percs' => '299',
                      'percs_of_percs' => '299',
                      'means_of_percs' => '267.333333333333'
                    }
          },
          'slices',
          {
            'b' => {
                     'stddev' => '269.859889572348',
                     'avg' => '412.8',
                     'perc' => {
                                 '100' => '823',
                                 '40' => '286',
                                 '95' => '820',
                                 '98' => '820',
                                 '80' => '622',
                                 '99' => '820',
                                 '70' => '467',
                                 '90' => '817',
                                 '30' => '216',
                                 '50' => '413',
                                 '60' => '425',
                                 '20' => '53'
                               },
                     'sum' => 4128,
                     'cnt' => 10,
                     'skew' => '0.105925281633496',
                     'kind' => 'symmetric'
                   },
            'a' => {
                     'kind' => 'symmetric',
                     'perc' => {
                                 '98' => '980',
                                 '95' => '949',
                                 '80' => '799',
                                 '40' => '399',
                                 '100' => '999',
                                 '60' => '600',
                                 '20' => '199',
                                 '99' => '990',
                                 '50' => '499',
                                 '30' => '299',
                                 '90' => '899',
                                 '70' => '699'
                               },
                     'sum' => 499117977,
                     'skew' => '0.000944381570576321',
                     'cnt' => 1000000,
                     'stddev' => '288.8057783881',
                     'avg' => '499.117977'
                   },
            'c' => {
                     'avg' => '492.5943',
                     'stddev' => '290.125259340702',
                     'skew' => '0.0204097026167867',
                     'cnt' => 10000,
                     'sum' => 4925943,
                     'perc' => {
                                 '99' => '989',
                                 '90' => '894',
                                 '70' => '698',
                                 '50' => '489',
                                 '30' => '287',
                                 '60' => '594',
                                 '20' => '193',
                                 '100' => '999',
                                 '40' => '383',
                                 '98' => '978',
                                 '95' => '946',
                                 '80' => '793'
                               },
                     'kind' => 'symmetric'
                   }
          }
        ];
