all_percs is not equal to percs_of_percs for percentile 98: $VAR1 = [
          'data',
          {
            'means_of_percs' => '847.333333333333',
            'all_percs' => 980,
            'percs_of_percs' => 979
          },
          'table',
          {
            '60' => {
                      'all_percs' => 599,
                      'means_of_percs' => '502',
                      'percs_of_percs' => 599
                    },
            '90' => {
                      'percs_of_percs' => 900,
                      'all_percs' => 900,
                      'means_of_percs' => '786.666666666667'
                    },
            '50' => {
                      'all_percs' => 499,
                      'means_of_percs' => '420.333333333333',
                      'percs_of_percs' => 499
                    },
            '99' => {
                      'means_of_percs' => '854',
                      'all_percs' => 990,
                      'percs_of_percs' => 990
                    },
            '95' => {
                      'percs_of_percs' => 950,
                      'all_percs' => 950,
                      'means_of_percs' => '828.333333333333'
                    },
            '100' => {
                       'all_percs' => 999,
                       'means_of_percs' => '867.333333333333',
                       'percs_of_percs' => 999
                     },
            '40' => {
                      'all_percs' => 399,
                      'means_of_percs' => '348',
                      'percs_of_percs' => 399
                    },
            '80' => {
                      'means_of_percs' => '671',
                      'all_percs' => 799,
                      'percs_of_percs' => 799
                    },
            '98' => $VAR1->[1],
            '30' => {
                      'all_percs' => '299',
                      'means_of_percs' => '279',
                      'percs_of_percs' => '299'
                    },
            '70' => {
                      'means_of_percs' => '588.333333333333',
                      'all_percs' => '699',
                      'percs_of_percs' => '699'
                    },
            '20' => {
                      'percs_of_percs' => '199',
                      'all_percs' => '199',
                      'means_of_percs' => '157.666666666667'
                    }
          },
          'slices',
          {
            'b' => {
                     'perc' => {
                                 '90' => '558',
                                 '60' => '311',
                                 '95' => '581',
                                 '99' => '581',
                                 '50' => '268',
                                 '100' => '604',
                                 '80' => '415',
                                 '40' => '251',
                                 '98' => '581',
                                 '70' => '373',
                                 '30' => '247',
                                 '20' => '80'
                               },
                     'skew' => '0.172134150013327',
                     'avg' => 317,
                     'stddev' => '168.98757350764',
                     'cnt' => 10,
                     'kind' => 'symmetric',
                     'sum' => 3170
                   },
            'a' => {
                     'stddev' => '288.757627734709',
                     'avg' => '499.332432',
                     'perc' => {
                                 '90' => '900',
                                 '60' => '599',
                                 '50' => '499',
                                 '99' => '990',
                                 '95' => '950',
                                 '40' => '399',
                                 '100' => '999',
                                 '80' => '799',
                                 '98' => '979',
                                 '30' => '299',
                                 '70' => '699',
                                 '20' => '199'
                               },
                     'skew' => '0.000904961407765533',
                     'sum' => 499332432,
                     'cnt' => 1000000,
                     'kind' => 'symmetric'
                   },
            'c' => {
                     'sum' => 4964275,
                     'cnt' => 10000,
                     'kind' => 'symmetric',
                     'stddev' => '290.183321960016',
                     'avg' => '496.4275',
                     'perc' => {
                                 '70' => '693',
                                 '30' => '291',
                                 '20' => '194',
                                 '60' => '596',
                                 '90' => '902',
                                 '50' => '494',
                                 '99' => '991',
                                 '95' => '954',
                                 '100' => '999',
                                 '80' => '799',
                                 '40' => '394',
                                 '98' => '982'
                               },
                     'skew' => '0.0215693612260273'
                   }
          }
        ];
