all_percs is not equal to percs_of_percs for percentile 98: $VAR1 = [
          'data',
          {
            'all_percs' => 500931,
            'percs_of_percs' => 500959,
            'means_of_percs' => '334273.5'
          },
          'table',
          {
            '98' => $VAR1->[1],
            '70' => {
                      'all_percs' => '994',
                      'means_of_percs' => '171090.666666667',
                      'percs_of_percs' => '500399'
                    },
            '20' => {
                      'percs_of_percs' => '199',
                      'means_of_percs' => '401.666666666667',
                      'all_percs' => '284'
                    },
            '100' => {
                       'all_percs' => '500999',
                       'percs_of_percs' => '500999',
                       'means_of_percs' => '500912.333333333'
                     },
            '40' => {
                      'all_percs' => '567',
                      'percs_of_percs' => '399',
                      'means_of_percs' => '2468'
                    },
            '90' => {
                      'all_percs' => '500659',
                      'percs_of_percs' => '500799',
                      'means_of_percs' => '334038.333333333'
                    },
            '80' => {
                      'means_of_percs' => '171398.5',
                      'percs_of_percs' => '500600',
                      'all_percs' => '500317'
                    },
            '50' => {
                      'all_percs' => '710',
                      'means_of_percs' => '2667',
                      'percs_of_percs' => '999'
                    },
            '95' => {
                      'all_percs' => '500829',
                      'percs_of_percs' => '500900',
                      'means_of_percs' => '334182.166666667'
                    },
            '60' => {
                      'all_percs' => '852',
                      'means_of_percs' => '169199.166666667',
                      'percs_of_percs' => '500199'
                    },
            '30' => {
                      'all_percs' => '425',
                      'means_of_percs' => '599.5',
                      'percs_of_percs' => '300'
                    },
            '99' => {
                      'all_percs' => '500965',
                      'means_of_percs' => '334302.666666667',
                      'percs_of_percs' => '500979'
                    }
          },
          'slices',
          {
            'b' => {
                     'avg' => '510.075537841776',
                     'skew' => '207.155214633449',
                     'cnt' => 700020,
                     'perc' => {
                                 '99' => '989',
                                 '30' => '300',
                                 '60' => '599',
                                 '50' => '499',
                                 '95' => '950',
                                 '80' => '799',
                                 '40' => '399',
                                 '90' => '900',
                                 '20' => '199',
                                 '100' => '500740',
                                 '70' => '699',
                                 '98' => '980'
                               },
                     'sum' => 357063078,
                     'stddev' => '2132.0224560224',
                     'kind' => 'asymmetric'
                   },
            'a' => {
                     'skew' => '3.22180289082515e-09',
                     'avg' => '250499.289578',
                     'perc' => {
                                 '98' => '500959',
                                 '70' => '500399',
                                 '100' => '500999',
                                 '20' => '399',
                                 '40' => '799',
                                 '90' => '500799',
                                 '80' => '500600',
                                 '95' => '500900',
                                 '50' => '999',
                                 '60' => '500199',
                                 '30' => '599',
                                 '99' => '500979'
                               },
                     'cnt' => 1000000,
                     'sum' => '250499289578',
                     'kind' => 'symmetric',
                     'stddev' => '250000.188186965'
                   },
            'c' => {
                     'avg' => '87222.1729172917',
                     'skew' => '1.79897475934826',
                     'perc' => {
                                 '95' => '500696.5',
                                 '50' => '6503',
                                 '80' => '12796.5',
                                 '60' => '6799.5',
                                 '99' => '500940',
                                 '30' => '899.5',
                                 '98' => '500881.5',
                                 '70' => '12174',
                                 '90' => '500416',
                                 '40' => '6206',
                                 '20' => '607',
                                 '100' => '500998'
                               },
                     'cnt' => 9999,
                     'sum' => 872134507,
                     'stddev' => '184040.109426203',
                     'kind' => 'asymmetric'
                   }
          }
        ];
