$VAR1 = [
          'table',
          {
            '98' => {
                      'all_percs' => 980,
                      'means_of_percs' => '938.333333333333',
                      'percs_of_percs' => 980
                    },
            '40' => {
                      'means_of_percs' => '390.333333333333',
                      'all_percs' => 400,
                      'percs_of_percs' => 400
                    },
            '80' => {
                      'means_of_percs' => '780.666666666667',
                      'all_percs' => 800,
                      'percs_of_percs' => 800
                    },
            '95' => {
                      'percs_of_percs' => 950,
                      'means_of_percs' => '918',
                      'all_percs' => 950
                    },
            '70' => {
                      'percs_of_percs' => 700,
                      'means_of_percs' => '707',
                      'all_percs' => 700
                    },
            '30' => {
                      'percs_of_percs' => 300,
                      'all_percs' => 300,
                      'means_of_percs' => '298'
                    },
            '90' => {
                      'means_of_percs' => '879.666666666667',
                      'all_percs' => 900,
                      'percs_of_percs' => 900
                    },
            '100' => {
                       'percs_of_percs' => 999,
                       'means_of_percs' => '957.666666666667',
                       'all_percs' => 999
                     },
            '99' => {
                      'all_percs' => 990,
                      'means_of_percs' => '945.333333333333',
                      'percs_of_percs' => 990
                    },
            '20' => {
                      'all_percs' => 200,
                      'means_of_percs' => '181.333333333333',
                      'percs_of_percs' => 200
                    },
            '50' => {
                      'percs_of_percs' => 500,
                      'all_percs' => 500,
                      'means_of_percs' => '509'
                    },
            '60' => {
                      'percs_of_percs' => 600,
                      'all_percs' => 600,
                      'means_of_percs' => '581'
                    }
          },
          'slices',
          {
            'b' => {
                     'stddev' => '280.458285668297',
                     'skew' => '-0.274140308736672',
                     'perc' => {
                                 '100' => '875',
                                 '90' => '837',
                                 '70' => '716',
                                 '30' => '281',
                                 '50' => '517',
                                 '60' => '533',
                                 '20' => '136',
                                 '99' => '856',
                                 '95' => '856',
                                 '80' => '736',
                                 '40' => '363',
                                 '98' => '856'
                               },
                     'kind' => 'symmetric',
                     'sum' => 5015,
                     'avg' => '501.5',
                     'cnt' => 10
                   },
            'a' => {
                     'sum' => 499890899,
                     'avg' => '499.890899',
                     'cnt' => 1000000,
                     'stddev' => '288.806760900783',
                     'skew' => '-0.000385227685490082',
                     'perc' => {
                                 '40' => '400',
                                 '98' => '980',
                                 '80' => '800',
                                 '95' => '950',
                                 '99' => '990',
                                 '20' => '200',
                                 '50' => '500',
                                 '60' => '600',
                                 '30' => '300',
                                 '70' => '700',
                                 '90' => '900',
                                 '100' => '999'
                               },
                     'kind' => 'symmetric'
                   },
            'c' => {
                     'cnt' => 10000,
                     'avg' => '506.4542',
                     'sum' => 5064542,
                     'kind' => 'symmetric',
                     'skew' => '-0.0314234545296016',
                     'stddev' => '287.433702794855',
                     'perc' => {
                                 '95' => '948',
                                 '40' => '408',
                                 '98' => '979',
                                 '80' => '806',
                                 '100' => '999',
                                 '70' => '705',
                                 '30' => '313',
                                 '90' => '902',
                                 '20' => '208',
                                 '50' => '510',
                                 '60' => '610',
                                 '99' => '990'
                               }
                   }
          }
        ];
