$VAR1 = [
          'table',
          {
            '30' => {
                      'percs_of_percs' => 299,
                      'means_of_percs' => '296.333333333333',
                      'all_percs' => 299
                    },
            '95' => {
                      'percs_of_percs' => 949,
                      'means_of_percs' => '931',
                      'all_percs' => 949
                    },
            '90' => {
                      'means_of_percs' => '873',
                      'all_percs' => 899,
                      'percs_of_percs' => 899
                    },
            '80' => {
                      'percs_of_percs' => 800,
                      'means_of_percs' => '790.333333333333',
                      'all_percs' => 800
                    },
            '99' => {
                      'percs_of_percs' => 989,
                      'means_of_percs' => '958.333333333333',
                      'all_percs' => 989
                    },
            '60' => {
                      'means_of_percs' => '642.666666666667',
                      'all_percs' => 600,
                      'percs_of_percs' => 600
                    },
            '40' => {
                      'means_of_percs' => '380.666666666667',
                      'all_percs' => 400,
                      'percs_of_percs' => 400
                    },
            '98' => {
                      'means_of_percs' => '952',
                      'all_percs' => 980,
                      'percs_of_percs' => 980
                    },
            '50' => {
                      'percs_of_percs' => 500,
                      'means_of_percs' => '549.333333333333',
                      'all_percs' => 500
                    },
            '20' => {
                      'all_percs' => 199,
                      'means_of_percs' => '192',
                      'percs_of_percs' => 199
                    },
            '100' => {
                       'means_of_percs' => '990.666666666667',
                       'all_percs' => 999,
                       'percs_of_percs' => 999
                     },
            '70' => {
                      'percs_of_percs' => 700,
                      'all_percs' => 700,
                      'means_of_percs' => '711.666666666667'
                    }
          },
          'slices',
          {
            'b' => {
                     'avg' => '562.4',
                     'kind' => 'symmetric',
                     'sum' => 5624,
                     'skew' => '-0.305918632075732',
                     'cnt' => 10,
                     'perc' => {
                                 '30' => '290',
                                 '99' => '897',
                                 '95' => '897',
                                 '90' => '820',
                                 '80' => '773',
                                 '60' => '737',
                                 '100' => '974',
                                 '70' => '743',
                                 '40' => '347',
                                 '98' => '897',
                                 '50' => '654',
                                 '20' => '178'
                               },
                     'stddev' => '287.481895082108'
                   },
            'c' => {
                     'stddev' => '288.116647609247',
                     'perc' => {
                                 '30' => '300',
                                 '80' => '798',
                                 '95' => '947',
                                 '90' => '900',
                                 '99' => '989',
                                 '60' => '591',
                                 '20' => '199',
                                 '50' => '494',
                                 '98' => '979',
                                 '40' => '395',
                                 '70' => '692',
                                 '100' => '999'
                               },
                     'cnt' => 10000,
                     'sum' => 4967679,
                     'skew' => '0.0162277448414891',
                     'kind' => 'symmetric',
                     'avg' => '496.7679'
                   },
            'a' => {
                     'kind' => 'symmetric',
                     'avg' => '499.585794',
                     'perc' => {
                                 '60' => '600',
                                 '70' => '700',
                                 '100' => '999',
                                 '20' => '199',
                                 '50' => '500',
                                 '40' => '400',
                                 '98' => '980',
                                 '30' => '299',
                                 '99' => '989',
                                 '80' => '800',
                                 '90' => '899',
                                 '95' => '949'
                               },
                     'stddev' => '288.848170704513',
                     'sum' => 499585794,
                     'skew' => '-0.00182104147246269',
                     'cnt' => 1000000
                   }
          }
        ];
