all_percs is not equal to percs_of_percs for percentile 30: $VAR1 = [
          'data',
          {
            'percs_of_percs' => 598,
            'means_of_percs' => '389.666666666667',
            'all_percs' => 592
          },
          'table',
          {
            '30' => $VAR1->[1],
            '99' => {
                      'means_of_percs' => '167609.333333333',
                      'all_percs' => '500980',
                      'percs_of_percs' => '500980'
                    },
            '98' => {
                      'all_percs' => '500960',
                      'means_of_percs' => '167599.666666667',
                      'percs_of_percs' => '500960'
                    },
            '50' => {
                      'means_of_percs' => '649.666666666667',
                      'all_percs' => '989',
                      'percs_of_percs' => '999'
                    },
            '90' => {
                      'percs_of_percs' => '500799',
                      'all_percs' => '500797',
                      'means_of_percs' => '167496'
                    },
            '100' => {
                       'means_of_percs' => '167644',
                       'all_percs' => '500999',
                       'percs_of_percs' => '500999'
                     },
            '40' => {
                      'percs_of_percs' => '798',
                      'all_percs' => '791',
                      'means_of_percs' => '542.333333333333'
                    },
            '60' => {
                      'all_percs' => '500191',
                      'means_of_percs' => '167112.333333333',
                      'percs_of_percs' => '500200'
                    },
            '95' => {
                      'all_percs' => '500899',
                      'means_of_percs' => '167569.666666667',
                      'percs_of_percs' => '500899'
                    },
            '70' => {
                      'percs_of_percs' => '500400',
                      'all_percs' => '500394',
                      'means_of_percs' => '167278.666666667'
                    },
            '20' => {
                      'percs_of_percs' => '399',
                      'means_of_percs' => '285',
                      'all_percs' => '395'
                    },
            '80' => {
                      'percs_of_percs' => '500600',
                      'all_percs' => '500596',
                      'means_of_percs' => '167386'
                    }
          },
          'slices',
          {
            'c' => {
                     'perc' => {
                                 '70' => '701',
                                 '80' => '802',
                                 '20' => '205',
                                 '98' => '979',
                                 '50' => '505',
                                 '30' => '302',
                                 '99' => '988',
                                 '95' => '950',
                                 '40' => '403',
                                 '60' => '605',
                                 '90' => '903',
                                 '100' => '999'
                               },
                     'stddev' => '288.569147468661',
                     'avg' => '502.6339',
                     'sum' => 5026339,
                     'skew' => '-0.0118149982443599',
                     'kind' => 'symmetric',
                     'cnt' => 10000
                   },
            'a' => {
                     'perc' => {
                                 '80' => '500600',
                                 '20' => '399',
                                 '70' => '500400',
                                 '95' => '500899',
                                 '60' => '500200',
                                 '40' => '798',
                                 '90' => '500799',
                                 '100' => '500999',
                                 '50' => '999',
                                 '98' => '500960',
                                 '30' => '598',
                                 '99' => '500980'
                               },
                     'stddev' => '250000.597660564',
                     'avg' => '250499.30624',
                     'sum' => '250499306240',
                     'cnt' => 1000000,
                     'skew' => '4.66731550577524e-09',
                     'kind' => 'symmetric'
                   },
            'b' => {
                     'skew' => '0.0794684457046069',
                     'kind' => 'symmetric',
                     'cnt' => 10,
                     'perc' => {
                                 '70' => '735',
                                 '80' => '756',
                                 '20' => '251',
                                 '98' => '860',
                                 '50' => '445',
                                 '30' => '269',
                                 '99' => '860',
                                 '95' => '860',
                                 '100' => '934',
                                 '90' => '786',
                                 '60' => '532',
                                 '40' => '426'
                               },
                     'stddev' => '249.402987151317',
                     'avg' => '529.5',
                     'sum' => 5295
                   }
          }
        ];
