all_percs is not equal to percs_of_percs for percentile 98: $VAR1 = [
          'data',
          {
            'means_of_percs' => '167554.5',
            'percs_of_percs' => 980,
            'all_percs' => 986
          },
          'table',
          {
            '98' => $VAR1->[1],
            '50' => {
                      'all_percs' => '502',
                      'means_of_percs' => '2460.33333333333',
                      'percs_of_percs' => '499'
                    },
            '99' => {
                      'all_percs' => '996',
                      'percs_of_percs' => '990',
                      'means_of_percs' => '167577.833333333'
                    },
            '100' => {
                       'all_percs' => '500999',
                       'means_of_percs' => '167627.333333333',
                       'percs_of_percs' => '500999'
                     },
            '95' => {
                      'all_percs' => '956',
                      'means_of_percs' => '167487.666666667',
                      'percs_of_percs' => '950'
                    },
            '70' => {
                      'all_percs' => '704',
                      'percs_of_percs' => '700',
                      'means_of_percs' => '4488'
                    },
            '60' => {
                      'all_percs' => '603',
                      'means_of_percs' => '2597.33333333333',
                      'percs_of_percs' => '600'
                    },
            '30' => {
                      'percs_of_percs' => '300',
                      'means_of_percs' => '494.333333333333',
                      'all_percs' => '302'
                    },
            '90' => {
                      'all_percs' => '906',
                      'percs_of_percs' => '900',
                      'means_of_percs' => '167344.166666667'
                    },
            '80' => {
                      'all_percs' => '805',
                      'means_of_percs' => '4758.83333333333',
                      'percs_of_percs' => '800'
                    },
            '40' => {
                      'means_of_percs' => '2301.66666666667',
                      'percs_of_percs' => '399',
                      'all_percs' => '402'
                    },
            '20' => {
                      'all_percs' => '201',
                      'means_of_percs' => '293.5',
                      'percs_of_percs' => '200'
                    }
          },
          'slices',
          {
            'b' => {
                     'cnt' => 10,
                     'stddev' => '258.609048565591',
                     'sum' => 4334,
                     'skew' => '0.178513161716426',
                     'avg' => '433.4',
                     'perc' => {
                                 '70' => '566',
                                 '60' => '385',
                                 '30' => '285',
                                 '90' => '721',
                                 '40' => '305',
                                 '80' => '675',
                                 '20' => '83',
                                 '98' => '802.5',
                                 '50' => '370',
                                 '99' => '802.5',
                                 '100' => '884',
                                 '95' => '802.5'
                               },
                     'kind' => 'symmetric'
                   },
            'a' => {
                     'cnt' => 1000000,
                     'sum' => 499562686,
                     'stddev' => '288.681069096136',
                     'skew' => '0.000907420725842687',
                     'perc' => {
                                 '30' => '300',
                                 '90' => '900',
                                 '40' => '399',
                                 '80' => '800',
                                 '20' => '200',
                                 '70' => '700',
                                 '60' => '600',
                                 '98' => '980',
                                 '50' => '499',
                                 '99' => '990',
                                 '100' => '999',
                                 '95' => '950'
                               },
                     'avg' => '499.562686',
                     'kind' => 'symmetric'
                   },
            'c' => {
                     'cnt' => 9999,
                     'stddev' => '186993.013331961',
                     'sum' => 904838973,
                     'skew' => '1.73533037492972',
                     'perc' => {
                                 '90' => '500411.5',
                                 '30' => '898',
                                 '20' => '597.5',
                                 '40' => '6201',
                                 '80' => '12801.5',
                                 '60' => '6807',
                                 '70' => '12198',
                                 '98' => '500881',
                                 '50' => '6512',
                                 '95' => '500710.5',
                                 '100' => '500999',
                                 '99' => '500941'
                               },
                     'avg' => '90492.9465946595',
                     'kind' => 'asymmetric'
                   }
          }
        ];
