$VAR1 = [
          'table',
          {
            '20' => {
                      'all_percs' => 199,
                      'percs_of_percs' => 199,
                      'means_of_percs' => '153.666666666667'
                    },
            '40' => {
                      'percs_of_percs' => 399,
                      'means_of_percs' => '396.666666666667',
                      'all_percs' => 399
                    },
            '95' => {
                      'means_of_percs' => '911.333333333333',
                      'percs_of_percs' => 949,
                      'all_percs' => 949
                    },
            '98' => {
                      'all_percs' => 979,
                      'percs_of_percs' => 979,
                      'means_of_percs' => '930.666666666667'
                    },
            '99' => {
                      'all_percs' => 989,
                      'percs_of_percs' => 989,
                      'means_of_percs' => '938'
                    },
            '50' => {
                      'all_percs' => 499,
                      'percs_of_percs' => 499,
                      'means_of_percs' => '485.666666666667'
                    },
            '30' => {
                      'percs_of_percs' => 299,
                      'means_of_percs' => '303',
                      'all_percs' => 299
                    },
            '80' => {
                      'all_percs' => 799,
                      'means_of_percs' => '776.666666666667',
                      'percs_of_percs' => 799
                    },
            '100' => {
                       'means_of_percs' => '965.666666666667',
                       'percs_of_percs' => 999,
                       'all_percs' => 999
                     },
            '60' => {
                      'means_of_percs' => '602',
                      'percs_of_percs' => 599,
                      'all_percs' => 599
                    },
            '70' => {
                      'percs_of_percs' => 699,
                      'means_of_percs' => '705.666666666667',
                      'all_percs' => 699
                    },
            '90' => {
                      'means_of_percs' => '855',
                      'percs_of_percs' => 900,
                      'all_percs' => 900
                    }
          },
          'slices',
          {
            'a' => {
                     'perc' => {
                                 '95' => '949',
                                 '20' => '199',
                                 '40' => '399',
                                 '30' => '299',
                                 '50' => '499',
                                 '98' => '979',
                                 '99' => '989',
                                 '70' => '699',
                                 '90' => '900',
                                 '60' => '599',
                                 '100' => '999',
                                 '80' => '799'
                               },
                     'skew' => '0.00143501848677052',
                     'sum' => 499144026,
                     'cnt' => 1000000,
                     'avg' => '499.144026',
                     'kind' => 'symmetric',
                     'stddev' => '288.829463466867'
                   },
            'c' => {
                     'kind' => 'symmetric',
                     'stddev' => '287.160446763547',
                     'sum' => 4975884,
                     'cnt' => 10000,
                     'avg' => '497.5884',
                     'skew' => '0.00499145522454218',
                     'perc' => {
                                 '30' => '298',
                                 '98' => '978',
                                 '99' => '990',
                                 '50' => '497',
                                 '60' => '598',
                                 '70' => '692',
                                 '90' => '894',
                                 '80' => '795',
                                 '100' => '999',
                                 '95' => '950',
                                 '40' => '399',
                                 '20' => '198'
                               }
                   },
            'b' => {
                     'skew' => '-0.36929277678331',
                     'perc' => {
                                 '80' => '736',
                                 '100' => '899',
                                 '60' => '609',
                                 '90' => '771',
                                 '70' => '726',
                                 '98' => '835',
                                 '99' => '835',
                                 '50' => '461',
                                 '30' => '312',
                                 '40' => '392',
                                 '20' => '64',
                                 '95' => '835'
                               },
                     'stddev' => '284.749012289771',
                     'kind' => 'symmetric',
                     'avg' => 500,
                     'cnt' => 10,
                     'sum' => 5000
                   }
          }
        ];
