all_percs is not equal to percs_of_percs for percentile 60: $VAR1 = [
          'data',
          {
            'all_percs' => 500192,
            'means_of_percs' => '167044.333333333',
            'percs_of_percs' => 500200
          },
          'table',
          {
            '60' => $VAR1->[1],
            '30' => {
                      'all_percs' => '593',
                      'percs_of_percs' => '599',
                      'means_of_percs' => '319.666666666667'
                    },
            '70' => {
                      'means_of_percs' => '167155',
                      'percs_of_percs' => '500399',
                      'all_percs' => '500393'
                    },
            '80' => {
                      'percs_of_percs' => '500599',
                      'means_of_percs' => '167279',
                      'all_percs' => '500595'
                    },
            '40' => {
                      'all_percs' => '792',
                      'percs_of_percs' => '799',
                      'means_of_percs' => '465.333333333333'
                    },
            '50' => {
                      'all_percs' => '990',
                      'percs_of_percs' => '999',
                      'means_of_percs' => '604'
                    },
            '98' => {
                      'means_of_percs' => '167507.333333333',
                      'percs_of_percs' => '500959',
                      'all_percs' => '500959'
                    },
            '95' => {
                      'all_percs' => '500899',
                      'percs_of_percs' => '500900',
                      'means_of_percs' => '167477.666666667'
                    },
            '90' => {
                      'means_of_percs' => '167403.333333333',
                      'percs_of_percs' => '500800',
                      'all_percs' => '500798'
                    },
            '99' => {
                      'means_of_percs' => '167517',
                      'percs_of_percs' => '500979',
                      'all_percs' => '500979'
                    },
            '20' => {
                      'all_percs' => '396',
                      'means_of_percs' => '218',
                      'percs_of_percs' => '400'
                    },
            '100' => {
                       'all_percs' => '500999',
                       'means_of_percs' => '167551.333333333',
                       'percs_of_percs' => '500999'
                     }
          },
          'slices',
          {
            'c' => {
                     'perc' => {
                                 '98' => '979',
                                 '50' => '496',
                                 '40' => '404',
                                 '100' => '999',
                                 '20' => '202',
                                 '99' => '988',
                                 '95' => '949',
                                 '90' => '898',
                                 '70' => '697',
                                 '30' => '305',
                                 '60' => '597',
                                 '80' => '804'
                               },
                     'kind' => 'symmetric',
                     'sum' => 4999986,
                     'stddev' => '287.545326510517',
                     'avg' => '499.9986',
                     'cnt' => 10000,
                     'skew' => '0.0027067545595967'
                   },
            'b' => {
                     'avg' => '295.4',
                     'stddev' => '200.411676306547',
                     'cnt' => 10,
                     'skew' => '0.150430249058831',
                     'kind' => 'symmetric',
                     'perc' => {
                                 '60' => '336',
                                 '70' => '369',
                                 '30' => '55',
                                 '80' => '434',
                                 '40' => '193',
                                 '98' => '584',
                                 '50' => '317',
                                 '90' => '512',
                                 '95' => '584',
                                 '99' => '584',
                                 '20' => '52',
                                 '100' => '656'
                               },
                     'sum' => 2954
                   },
            'a' => {
                     'kind' => 'symmetric',
                     'perc' => {
                                 '80' => '500599',
                                 '60' => '500200',
                                 '70' => '500399',
                                 '30' => '599',
                                 '90' => '500800',
                                 '95' => '500900',
                                 '99' => '500979',
                                 '20' => '400',
                                 '100' => '500999',
                                 '98' => '500959',
                                 '50' => '999',
                                 '40' => '799'
                               },
                     'sum' => '250499484816',
                     'avg' => '250499.484816',
                     'stddev' => '250000.075970459',
                     'cnt' => 1000000,
                     'skew' => '-2.72396115860515e-09'
                   }
          }
        ];
