all_percs is not equal to percs_of_percs for percentile 30: $VAR1 = [
          'data',
          {
            'all_percs' => 594,
            'means_of_percs' => '506.333333333333',
            'percs_of_percs' => 600
          },
          'table',
          {
            '30' => $VAR1->[1],
            '98' => {
                      'percs_of_percs' => '500959',
                      'all_percs' => '500959',
                      'means_of_percs' => '167597.666666667'
                    },
            '80' => {
                      'percs_of_percs' => '500599',
                      'all_percs' => '500595',
                      'means_of_percs' => '167386.666666667'
                    },
            '95' => {
                      'percs_of_percs' => '500899',
                      'means_of_percs' => '167567.666666667',
                      'all_percs' => '500898'
                    },
            '60' => {
                      'means_of_percs' => '167176.333333333',
                      'all_percs' => '500190',
                      'percs_of_percs' => '500198'
                    },
            '100' => {
                       'all_percs' => '500999',
                       'means_of_percs' => '167629',
                       'percs_of_percs' => '500999'
                     },
            '40' => {
                      'percs_of_percs' => '800',
                      'all_percs' => '792',
                      'means_of_percs' => '631'
                    },
            '50' => {
                      'all_percs' => '990',
                      'means_of_percs' => '741.666666666667',
                      'percs_of_percs' => '999'
                    },
            '20' => {
                      'all_percs' => '396',
                      'means_of_percs' => '396.333333333333',
                      'percs_of_percs' => '400'
                    },
            '99' => {
                      'percs_of_percs' => '500979',
                      'means_of_percs' => '167607.666666667',
                      'all_percs' => '500979'
                    },
            '90' => {
                      'percs_of_percs' => '500799',
                      'all_percs' => '500797',
                      'means_of_percs' => '167505.333333333'
                    },
            '70' => {
                      'percs_of_percs' => '500398',
                      'all_percs' => '500392',
                      'means_of_percs' => '167281.666666667'
                    }
          },
          'slices',
          {
            'c' => {
                     'kind' => 'symmetric',
                     'avg' => '494.5553',
                     'stddev' => '288.053592829373',
                     'perc' => {
                                 '99' => '990',
                                 '70' => '690',
                                 '90' => '898',
                                 '30' => '293',
                                 '98' => '980',
                                 '80' => '796',
                                 '95' => '950',
                                 '60' => '586',
                                 '100' => '999',
                                 '40' => '393',
                                 '50' => '489',
                                 '20' => '197'
                               },
                     'cnt' => 10000,
                     'sum' => 4945553,
                     'skew' => '0.0335707330266549'
                   },
            'a' => {
                     'avg' => '250499.31754',
                     'kind' => 'symmetric',
                     'sum' => '250499317540',
                     'skew' => '2.46746761545076e-09',
                     'cnt' => 1000000,
                     'perc' => {
                                 '99' => '500979',
                                 '70' => '500398',
                                 '90' => '500799',
                                 '98' => '500959',
                                 '80' => '500599',
                                 '95' => '500899',
                                 '30' => '600',
                                 '100' => '500999',
                                 '60' => '500198',
                                 '50' => '999',
                                 '40' => '800',
                                 '20' => '400'
                               },
                     'stddev' => '249999.446899276'
                   },
            'b' => {
                     'skew' => '-1.06664445984375',
                     'sum' => 7011,
                     'cnt' => 10,
                     'perc' => {
                                 '99' => '854',
                                 '90' => '819',
                                 '70' => '757',
                                 '30' => '626',
                                 '95' => '854',
                                 '98' => '854',
                                 '80' => '765',
                                 '100' => '889',
                                 '60' => '745',
                                 '40' => '700',
                                 '50' => '737',
                                 '20' => '592'
                               },
                     'stddev' => '134.029437065146',
                     'avg' => '701.1',
                     'kind' => 'asymmetric'
                   }
          }
        ];
