all_percs is not equal to percs_of_percs for percentile 30: $VAR1 = [
          'data',
          {
            'all_percs' => 300,
            'percs_of_percs' => 299,
            'means_of_percs' => '299.333333333333'
          },
          'table',
          {
            '20' => {
                      'means_of_percs' => '199',
                      'percs_of_percs' => 199,
                      'all_percs' => 199
                    },
            '30' => $VAR1->[1],
            '90' => {
                      'percs_of_percs' => '899',
                      'means_of_percs' => '898',
                      'all_percs' => '899'
                    },
            '98' => {
                      'means_of_percs' => '979',
                      'percs_of_percs' => '980',
                      'all_percs' => '979'
                    },
            '80' => {
                      'all_percs' => '799',
                      'percs_of_percs' => '799',
                      'means_of_percs' => '798.333333333333'
                    },
            '60' => {
                      'all_percs' => '598',
                      'means_of_percs' => '598',
                      'percs_of_percs' => '599'
                    },
            '40' => {
                      'all_percs' => '399',
                      'percs_of_percs' => '399',
                      'means_of_percs' => '400.666666666667'
                    },
            '100' => {
                       'all_percs' => '500946',
                       'means_of_percs' => '167648',
                       'percs_of_percs' => '500946'
                     },
            '70' => {
                      'all_percs' => '699',
                      'means_of_percs' => '698',
                      'percs_of_percs' => '699'
                    },
            '99' => {
                      'all_percs' => '989',
                      'means_of_percs' => '989',
                      'percs_of_percs' => '990'
                    },
            '95' => {
                      'means_of_percs' => '948.333333333333',
                      'percs_of_percs' => '949',
                      'all_percs' => '949'
                    },
            '50' => {
                      'all_percs' => '499',
                      'percs_of_percs' => '499',
                      'means_of_percs' => '499.333333333333'
                    }
          },
          'slices',
          {
            'b' => {
                     'sum' => 356790911,
                     'skew' => '207.142673363564',
                     'stddev' => '2133.07686939772',
                     'avg' => '509.686738950316',
                     'perc' => {
                                 '98' => '980',
                                 '80' => '799',
                                 '20' => '200',
                                 '30' => '299',
                                 '90' => '899',
                                 '95' => '949',
                                 '50' => '499',
                                 '40' => '399',
                                 '60' => '598',
                                 '100' => '500946',
                                 '70' => '699',
                                 '99' => '990'
                               },
                     'kind' => 'asymmetric',
                     'cnt' => 700020
                   },
            'c' => {
                     'avg' => '498.5396',
                     'stddev' => '287.632587569351',
                     'sum' => 4985396,
                     'skew' => '-0.00242463190990137',
                     'cnt' => 10000,
                     'perc' => {
                                 '40' => '404',
                                 '60' => '597',
                                 '99' => '988',
                                 '100' => '999',
                                 '70' => '696',
                                 '95' => '947',
                                 '50' => '500',
                                 '20' => '198',
                                 '30' => '299',
                                 '90' => '896',
                                 '80' => '798',
                                 '98' => '978'
                               },
                     'kind' => 'symmetric'
                   },
            'a' => {
                     'cnt' => 1000000,
                     'kind' => 'symmetric',
                     'perc' => {
                                 '40' => '399',
                                 '60' => '599',
                                 '99' => '989',
                                 '100' => '999',
                                 '70' => '699',
                                 '50' => '499',
                                 '95' => '949',
                                 '20' => '199',
                                 '90' => '899',
                                 '30' => '300',
                                 '80' => '798',
                                 '98' => '979'
                               },
                     'stddev' => '288.363570940795',
                     'avg' => '499.115833',
                     'skew' => '0.00145401703214594',
                     'sum' => 499115833
                   }
          }
        ];
