all_percs is not equal to percs_of_percs for percentile 30: $VAR1 = [
          'data',
          {
            'all_percs' => 302,
            'means_of_percs' => '481.833333333333',
            'percs_of_percs' => 300
          },
          'table',
          {
            '30' => $VAR1->[1],
            '70' => {
                      'percs_of_percs' => '699',
                      'means_of_percs' => '4502',
                      'all_percs' => '704'
                    },
            '40' => {
                      'percs_of_percs' => '400',
                      'means_of_percs' => '2328.5',
                      'all_percs' => '402'
                    },
            '98' => {
                      'means_of_percs' => '167603',
                      'all_percs' => '986',
                      'percs_of_percs' => '980'
                    },
            '50' => {
                      'percs_of_percs' => '499',
                      'means_of_percs' => '2527',
                      'all_percs' => '503'
                    },
            '95' => {
                      'percs_of_percs' => '949',
                      'means_of_percs' => '167533.333333333',
                      'all_percs' => '956'
                    },
            '90' => {
                      'percs_of_percs' => '899',
                      'all_percs' => '906',
                      'means_of_percs' => '167410.166666667'
                    },
            '60' => {
                      'means_of_percs' => '2668.66666666667',
                      'all_percs' => '603',
                      'percs_of_percs' => '599'
                    },
            '99' => {
                      'percs_of_percs' => '990',
                      'all_percs' => '996',
                      'means_of_percs' => '167626.166666667'
                    },
            '100' => {
                       'percs_of_percs' => '500999',
                       'all_percs' => '500999',
                       'means_of_percs' => '167658.666666667'
                     },
            '20' => {
                      'all_percs' => '201',
                      'means_of_percs' => '299',
                      'percs_of_percs' => '200'
                    },
            '80' => {
                      'means_of_percs' => '4821.66666666667',
                      'all_percs' => '804',
                      'percs_of_percs' => '799'
                    }
          },
          'slices',
          {
            'c' => {
                     'cnt' => 9999,
                     'stddev' => '185107.396650265',
                     'perc' => {
                                 '95' => '500695.5',
                                 '50' => '6496',
                                 '60' => '6805',
                                 '99' => '500933',
                                 '90' => '500398.5',
                                 '30' => '888.5',
                                 '98' => '500873.5',
                                 '40' => '6199.5',
                                 '70' => '12205',
                                 '80' => '12809',
                                 '100' => '500999',
                                 '20' => '593'
                               },
                     'sum' => 883831069,
                     'avg' => '88391.9460946095',
                     'kind' => 'asymmetric',
                     'skew' => '1.77582458605365'
                   },
            'b' => {
                     'perc' => {
                                 '80' => '857',
                                 '100' => '978',
                                 '20' => '104',
                                 '60' => '602',
                                 '99' => '955.5',
                                 '90' => '933',
                                 '95' => '955.5',
                                 '50' => '586',
                                 '40' => '386',
                                 '98' => '955.5',
                                 '70' => '602',
                                 '30' => '257'
                               },
                     'skew' => '-0.0788701385984261',
                     'sum' => 5390,
                     'kind' => 'symmetric',
                     'avg' => 539,
                     'cnt' => 10,
                     'stddev' => '309.435292104828'
                   },
            'a' => {
                     'stddev' => '288.489800238895',
                     'cnt' => 1000000,
                     'kind' => 'symmetric',
                     'avg' => '499.603151',
                     'sum' => 499603151,
                     'skew' => '0.000115170268165865',
                     'perc' => {
                                 '100' => '999',
                                 '20' => '200',
                                 '80' => '799',
                                 '70' => '699',
                                 '40' => '400',
                                 '98' => '980',
                                 '30' => '300',
                                 '90' => '899',
                                 '99' => '990',
                                 '60' => '599',
                                 '50' => '499',
                                 '95' => '949'
                               }
                   }
          }
        ];
