all_percs is not equal to percs_of_percs for percentile 30: $VAR1 = [
          'data',
          {
            'percs_of_percs' => 600,
            'all_percs' => 594,
            'means_of_percs' => '409.666666666667'
          },
          'table',
          {
            '30' => $VAR1->[1],
            '20' => {
                      'all_percs' => '396',
                      'percs_of_percs' => '400',
                      'means_of_percs' => '303'
                    },
            '90' => {
                      'percs_of_percs' => '500798',
                      'all_percs' => '500796',
                      'means_of_percs' => '167531.333333333'
                    },
            '40' => {
                      'percs_of_percs' => '800',
                      'all_percs' => '792',
                      'means_of_percs' => '528.666666666667'
                    },
            '100' => {
                       'means_of_percs' => '167655.333333333',
                       'percs_of_percs' => '500999',
                       'all_percs' => '500999'
                     },
            '70' => {
                      'means_of_percs' => '167274.333333333',
                      'all_percs' => '500393',
                      'percs_of_percs' => '500399'
                    },
            '50' => {
                      'means_of_percs' => '632.666666666667',
                      'percs_of_percs' => '999',
                      'all_percs' => '990'
                    },
            '60' => {
                      'percs_of_percs' => '500199',
                      'all_percs' => '500191',
                      'means_of_percs' => '167114'
                    },
            '95' => {
                      'means_of_percs' => '167593.5',
                      'all_percs' => '500897',
                      'percs_of_percs' => '500898'
                    },
            '80' => {
                      'means_of_percs' => '167405.333333333',
                      'all_percs' => '500595',
                      'percs_of_percs' => '500598'
                    },
            '99' => {
                      'means_of_percs' => '167633.166666667',
                      'percs_of_percs' => '500979',
                      'all_percs' => '500979'
                    },
            '98' => {
                      'means_of_percs' => '167623.166666667',
                      'percs_of_percs' => '500959',
                      'all_percs' => '500959'
                    }
          },
          'slices',
          {
            'a' => {
                     'avg' => '250499.217374',
                     'kind' => 'symmetric',
                     'perc' => {
                                 '50' => '999',
                                 '70' => '500399',
                                 '90' => '500798',
                                 '100' => '500999',
                                 '40' => '800',
                                 '30' => '600',
                                 '20' => '400',
                                 '98' => '500959',
                                 '95' => '500898',
                                 '80' => '500598',
                                 '99' => '500979',
                                 '60' => '500199'
                               },
                     'cnt' => 1000000,
                     'skew' => '3.32102704486693e-10',
                     'sum' => '250499217374',
                     'stddev' => '249999.571291266'
                   },
            'c' => {
                     'avg' => '496.5188',
                     'stddev' => '289.391254267575',
                     'cnt' => 10000,
                     'skew' => '0.00547124102791306',
                     'sum' => 4965188,
                     'kind' => 'symmetric',
                     'perc' => {
                                 '70' => '697',
                                 '50' => '493',
                                 '90' => '899',
                                 '40' => '400',
                                 '100' => '999',
                                 '30' => '293',
                                 '20' => '196',
                                 '98' => '978',
                                 '95' => '950',
                                 '80' => '796',
                                 '99' => '988',
                                 '60' => '595'
                               }
                   },
            'b' => {
                     'avg' => '541.7',
                     'cnt' => 10,
                     'skew' => '-0.0957684240590859',
                     'sum' => 5417,
                     'kind' => 'symmetric',
                     'perc' => {
                                 '70' => '727',
                                 '50' => '406',
                                 '30' => '336',
                                 '20' => '313',
                                 '90' => '897',
                                 '40' => '386',
                                 '100' => '968',
                                 '95' => '932.5',
                                 '80' => '822',
                                 '99' => '932.5',
                                 '98' => '932.5',
                                 '60' => '548'
                               },
                     'stddev' => '289.249736387088'
                   }
          }
        ];
