$VAR1 = [
          'table',
          {
            '20' => {
                      'all_percs' => 200,
                      'means_of_percs' => '199',
                      'percs_of_percs' => 200
                    },
            '70' => {
                      'percs_of_percs' => 700,
                      'means_of_percs' => '707.333333333333',
                      'all_percs' => 700
                    },
            '95' => {
                      'all_percs' => 950,
                      'means_of_percs' => '948.833333333333',
                      'percs_of_percs' => 950
                    },
            '40' => {
                      'percs_of_percs' => 400,
                      'means_of_percs' => '406.333333333333',
                      'all_percs' => 400
                    },
            '30' => {
                      'means_of_percs' => '314.666666666667',
                      'percs_of_percs' => 300,
                      'all_percs' => 300
                    },
            '98' => {
                      'all_percs' => 980,
                      'percs_of_percs' => 980,
                      'means_of_percs' => '968.166666666667'
                    },
            '99' => {
                      'percs_of_percs' => 990,
                      'means_of_percs' => '974.833333333333',
                      'all_percs' => 990
                    },
            '90' => {
                      'percs_of_percs' => 900,
                      'means_of_percs' => '909.666666666667',
                      'all_percs' => 900
                    },
            '50' => {
                      'all_percs' => 501,
                      'means_of_percs' => '516',
                      'percs_of_percs' => 501
                    },
            '60' => {
                      'all_percs' => 600,
                      'means_of_percs' => '588',
                      'percs_of_percs' => 600
                    },
            '80' => {
                      'percs_of_percs' => 800,
                      'means_of_percs' => '802',
                      'all_percs' => 800
                    },
            '100' => {
                       'all_percs' => 999,
                       'percs_of_percs' => 999,
                       'means_of_percs' => '987.666666666667'
                     }
          },
          'slices',
          {
            'c' => {
                     'skew' => '-0.00386988745184622',
                     'kind' => 'symmetric',
                     'cnt' => 10000,
                     'perc' => {
                                 '60' => '602',
                                 '80' => '803',
                                 '100' => '999',
                                 '99' => '988',
                                 '90' => '901',
                                 '50' => '503',
                                 '30' => '303',
                                 '40' => '400',
                                 '98' => '978',
                                 '20' => '200',
                                 '95' => '950',
                                 '70' => '698'
                               },
                     'avg' => '500.626',
                     'stddev' => '288.548093953157',
                     'sum' => 5006260
                   },
            'b' => {
                     'skew' => '-0.053710134502459',
                     'kind' => 'symmetric',
                     'perc' => {
                                 '98' => '946.5',
                                 '30' => '341',
                                 '40' => '419',
                                 '70' => '724',
                                 '95' => '946.5',
                                 '20' => '197',
                                 '80' => '803',
                                 '100' => '965',
                                 '60' => '562',
                                 '90' => '928',
                                 '50' => '544',
                                 '99' => '946.5'
                               },
                     'cnt' => 10,
                     'stddev' => '278.923717170125',
                     'avg' => '560.4',
                     'sum' => 5604
                   },
            'a' => {
                     'sum' => 499942082,
                     'kind' => 'symmetric',
                     'skew' => '-0.00267669642512146',
                     'stddev' => '288.778828630929',
                     'avg' => '499.942082',
                     'perc' => {
                                 '20' => '200',
                                 '70' => '700',
                                 '95' => '950',
                                 '30' => '300',
                                 '40' => '400',
                                 '98' => '980',
                                 '99' => '990',
                                 '50' => '501',
                                 '90' => '900',
                                 '60' => '600',
                                 '100' => '999',
                                 '80' => '800'
                               },
                     'cnt' => 1000000
                   }
          }
        ];
