$VAR1 = [
          'table',
          {
            '40' => {
                      'percs_of_percs' => 399,
                      'means_of_percs' => '413',
                      'all_percs' => 399
                    },
            '99' => {
                      'all_percs' => 989,
                      'percs_of_percs' => 989,
                      'means_of_percs' => '959'
                    },
            '98' => {
                      'all_percs' => 979,
                      'means_of_percs' => '953',
                      'percs_of_percs' => 979
                    },
            '100' => {
                       'percs_of_percs' => 999,
                       'means_of_percs' => '973.333333333333',
                       'all_percs' => 999
                     },
            '30' => {
                      'percs_of_percs' => 299,
                      'means_of_percs' => '299',
                      'all_percs' => 299
                    },
            '60' => {
                      'percs_of_percs' => 599,
                      'means_of_percs' => '611.333333333333',
                      'all_percs' => 599
                    },
            '70' => {
                      'percs_of_percs' => 699,
                      'means_of_percs' => '681.666666666667',
                      'all_percs' => 699
                    },
            '50' => {
                      'all_percs' => 499,
                      'means_of_percs' => '512',
                      'percs_of_percs' => 499
                    },
            '20' => {
                      'all_percs' => 199,
                      'means_of_percs' => '228.333333333333',
                      'percs_of_percs' => 199
                    },
            '95' => {
                      'all_percs' => 949,
                      'percs_of_percs' => 949,
                      'means_of_percs' => '933.666666666667'
                    },
            '80' => {
                      'all_percs' => 799,
                      'means_of_percs' => '754',
                      'percs_of_percs' => 799
                    },
            '90' => {
                      'all_percs' => 899,
                      'means_of_percs' => '894',
                      'percs_of_percs' => 899
                    }
          },
          'slices',
          {
            'a' => {
                     'stddev' => '288.703836466816',
                     'perc' => {
                                 '70' => '699',
                                 '60' => '599',
                                 '80' => '799',
                                 '90' => '899',
                                 '20' => '199',
                                 '50' => '499',
                                 '95' => '949',
                                 '99' => '989',
                                 '40' => '399',
                                 '100' => '999',
                                 '30' => '299',
                                 '98' => '979'
                               },
                     'sum' => 499153184,
                     'skew' => '0.00198390157047109',
                     'kind' => 'symmetric',
                     'cnt' => 1000000,
                     'avg' => '499.153184'
                   },
            'c' => {
                     'cnt' => 10000,
                     'avg' => '504.3839',
                     'sum' => 5043839,
                     'kind' => 'symmetric',
                     'skew' => '-0.00557629642590768',
                     'stddev' => '288.706083276382',
                     'perc' => {
                                 '99' => '989',
                                 '40' => '403',
                                 '100' => '999',
                                 '30' => '305',
                                 '98' => '981',
                                 '70' => '703',
                                 '60' => '605',
                                 '90' => '907',
                                 '80' => '804',
                                 '20' => '205',
                                 '50' => '507',
                                 '95' => '953'
                               }
                   },
            'b' => {
                     'sum' => 5383,
                     'skew' => '-0.0764888169488846',
                     'kind' => 'symmetric',
                     'perc' => {
                                 '98' => '899',
                                 '30' => '293',
                                 '100' => '922',
                                 '40' => '437',
                                 '99' => '899',
                                 '50' => '530',
                                 '20' => '281',
                                 '95' => '899',
                                 '80' => '659',
                                 '90' => '876',
                                 '60' => '630',
                                 '70' => '643'
                               },
                     'stddev' => '247.718408682116',
                     'avg' => '538.3',
                     'cnt' => 10
                   }
          }
        ];
