all_percs is not equal to percs_of_percs for percentile 90: $VAR1 = [
          'data',
          {
            'all_percs' => 500799,
            'percs_of_percs' => 500800,
            'means_of_percs' => '333984.333333333'
          },
          'table',
          {
            '90' => $VAR1->[1],
            '30' => {
                      'all_percs' => '602',
                      'percs_of_percs' => '600',
                      'means_of_percs' => '607.333333333333'
                    },
            '99' => {
                      'means_of_percs' => '334225',
                      'percs_of_percs' => '500979',
                      'all_percs' => '500979'
                    },
            '70' => {
                      'all_percs' => '500395',
                      'percs_of_percs' => '500399',
                      'means_of_percs' => '171100.666666667'
                    },
            '80' => {
                      'means_of_percs' => '171374.166666667',
                      'percs_of_percs' => '500599',
                      'all_percs' => '500596'
                    },
            '40' => {
                      'means_of_percs' => '2451.5',
                      'all_percs' => '803',
                      'percs_of_percs' => '800'
                    },
            '98' => {
                      'percs_of_percs' => '500960',
                      'all_percs' => '500959',
                      'means_of_percs' => '334198.333333333'
                    },
            '95' => {
                      'means_of_percs' => '334110.333333333',
                      'percs_of_percs' => '500899',
                      'all_percs' => '500898'
                    },
            '20' => {
                      'means_of_percs' => '442.166666666667',
                      'percs_of_percs' => '401',
                      'all_percs' => '402'
                    },
            '50' => {
                      'means_of_percs' => '2617.33333333333',
                      'all_percs' => '6485.5',
                      'percs_of_percs' => '999'
                    },
            '60' => {
                      'means_of_percs' => '169123.833333333',
                      'all_percs' => '500193',
                      'percs_of_percs' => '500199'
                    },
            '100' => {
                       'means_of_percs' => '334252.666666667',
                       'all_percs' => '500999',
                       'percs_of_percs' => '500999'
                     }
          },
          'slices',
          {
            'b' => {
                     'skew' => '-0.013014230634918',
                     'cnt' => 10,
                     'stddev' => '224.008236455716',
                     'perc' => {
                                 '100' => '761',
                                 '40' => '362',
                                 '98' => '756',
                                 '95' => '756',
                                 '50' => '366',
                                 '20' => '323',
                                 '60' => '374',
                                 '80' => '725',
                                 '99' => '756',
                                 '30' => '324',
                                 '70' => '697',
                                 '90' => '751'
                               },
                     'sum' => 4769,
                     'kind' => 'symmetric',
                     'avg' => '476.9'
                   },
            'c' => {
                     'kind' => 'asymmetric',
                     'avg' => '87417.404840484',
                     'sum' => 874086631,
                     'perc' => {
                                 '60' => '6798.5',
                                 '50' => '6487',
                                 '20' => '602.5',
                                 '40' => '6192.5',
                                 '98' => '500879',
                                 '95' => '500676',
                                 '100' => '500998',
                                 '70' => '12206',
                                 '99' => '500940',
                                 '30' => '898',
                                 '80' => '12798.5',
                                 '90' => '500402'
                               },
                     'stddev' => '184214.85658313',
                     'cnt' => 9999,
                     'skew' => '1.79508803904189'
                   },
            'a' => {
                     'cnt' => 1000000,
                     'perc' => {
                                 '90' => '500800',
                                 '70' => '500399',
                                 '30' => '600',
                                 '99' => '500979',
                                 '80' => '500599',
                                 '20' => '401',
                                 '60' => '500199',
                                 '50' => '999',
                                 '95' => '500899',
                                 '98' => '500960',
                                 '40' => '800',
                                 '100' => '500999'
                               },
                     'stddev' => '249999.645511207',
                     'sum' => '250499584931',
                     'avg' => '250499.584931',
                     'kind' => 'symmetric',
                     'skew' => '4.31099168803379e-09'
                   }
          }
        ];
