$VAR1 = [
          'table',
          {
            '98' => {
                      'all_percs' => 979,
                      'percs_of_percs' => 979,
                      'means_of_percs' => '870.5'
                    },
            '90' => {
                      'means_of_percs' => '802',
                      'percs_of_percs' => 900,
                      'all_percs' => 900
                    },
            '40' => {
                      'percs_of_percs' => 399,
                      'means_of_percs' => '312',
                      'all_percs' => 399
                    },
            '99' => {
                      'percs_of_percs' => 990,
                      'means_of_percs' => '877.166666666667',
                      'all_percs' => 990
                    },
            '60' => {
                      'all_percs' => 600,
                      'percs_of_percs' => 600,
                      'means_of_percs' => '455.333333333333'
                    },
            '80' => {
                      'means_of_percs' => '628.666666666667',
                      'percs_of_percs' => 800,
                      'all_percs' => 800
                    },
            '20' => {
                      'means_of_percs' => '156',
                      'percs_of_percs' => 199,
                      'all_percs' => 199
                    },
            '30' => {
                      'percs_of_percs' => 299,
                      'means_of_percs' => '225',
                      'all_percs' => 299
                    },
            '100' => {
                       'all_percs' => 999,
                       'means_of_percs' => '899',
                       'percs_of_percs' => 999
                     },
            '95' => {
                      'percs_of_percs' => 950,
                      'means_of_percs' => '851.5',
                      'all_percs' => 950
                    },
            '70' => {
                      'means_of_percs' => '543.333333333333',
                      'percs_of_percs' => 700,
                      'all_percs' => 700
                    },
            '50' => {
                      'means_of_percs' => '386.333333333333',
                      'percs_of_percs' => 499,
                      'all_percs' => 499
                    }
          },
          'slices',
          {
            'a' => {
                     'skew' => '0.00042373211303193',
                     'avg' => '499.456101',
                     'kind' => 'symmetric',
                     'perc' => {
                                 '20' => '199',
                                 '95' => '950',
                                 '30' => '299',
                                 '100' => '999',
                                 '50' => '499',
                                 '70' => '700',
                                 '98' => '979',
                                 '40' => '399',
                                 '90' => '900',
                                 '60' => '600',
                                 '99' => '990',
                                 '80' => '800'
                               },
                     'stddev' => '288.832701778851',
                     'sum' => 499456101,
                     'cnt' => 1000000
                   },
            'c' => {
                     'skew' => '-0.0155913692000556',
                     'avg' => '501.2026',
                     'kind' => 'symmetric',
                     'perc' => {
                                 '70' => '701',
                                 '50' => '503',
                                 '30' => '305',
                                 '100' => '999',
                                 '95' => '952',
                                 '20' => '199',
                                 '80' => '799',
                                 '99' => '989',
                                 '60' => '601',
                                 '98' => '980',
                                 '90' => '900',
                                 '40' => '405'
                               },
                     'stddev' => '288.158339725297',
                     'sum' => 5012026,
                     'cnt' => 10000
                   },
            'b' => {
                     'kind' => 'asymmetric',
                     'skew' => '1.19375178589654',
                     'avg' => 248,
                     'cnt' => 10,
                     'sum' => 2480,
                     'stddev' => '214.229316387837',
                     'perc' => {
                                 '20' => '70',
                                 '70' => '229',
                                 '50' => '157',
                                 '30' => '71',
                                 '100' => '699',
                                 '95' => '652.5',
                                 '90' => '606',
                                 '98' => '652.5',
                                 '40' => '132',
                                 '80' => '287',
                                 '60' => '165',
                                 '99' => '652.5'
                               }
                   }
          }
        ];
