all_percs is not equal to percs_of_percs for percentile 99: $VAR1 = [
          'data',
          {
            'all_percs' => '989',
            'percs_of_percs' => '989.5',
            'means_of_percs' => '989.166666666667'
          },
          'table',
          {
            '99' => $VAR1->[1],
            '80' => {
                      'means_of_percs' => '798.666666666667',
                      'percs_of_percs' => '800',
                      'all_percs' => '799'
                    },
            '60' => {
                      'means_of_percs' => '600.333333333333',
                      'percs_of_percs' => '600',
                      'all_percs' => '599'
                    },
            '70' => {
                      'all_percs' => '699',
                      'percs_of_percs' => '700',
                      'means_of_percs' => '699.333333333333'
                    },
            '30' => {
                      'means_of_percs' => '300.666666666667',
                      'percs_of_percs' => '300',
                      'all_percs' => '300'
                    },
            '90' => {
                      'percs_of_percs' => '900',
                      'all_percs' => '900',
                      'means_of_percs' => '899.666666666667'
                    },
            '100' => {
                       'all_percs' => '500756',
                       'percs_of_percs' => '500756',
                       'means_of_percs' => '167584.666666667'
                     },
            '50' => {
                      'all_percs' => '500',
                      'percs_of_percs' => '500',
                      'means_of_percs' => '500.333333333333'
                    },
            '20' => {
                      'means_of_percs' => '198',
                      'all_percs' => '200',
                      'percs_of_percs' => '199'
                    },
            '98' => {
                      'all_percs' => '980',
                      'percs_of_percs' => '980',
                      'means_of_percs' => '979.333333333333'
                    },
            '40' => {
                      'percs_of_percs' => '400',
                      'all_percs' => '400',
                      'means_of_percs' => '399'
                    },
            '95' => {
                      'means_of_percs' => '949',
                      'percs_of_percs' => '949',
                      'all_percs' => '949'
                    }
          },
          'slices',
          {
            'b' => {
                     'kind' => 'asymmetric',
                     'stddev' => '2132.42032522829',
                     'sum' => 357107223,
                     'perc' => {
                                 '99' => '989.5',
                                 '80' => '799',
                                 '60' => '600',
                                 '70' => '699',
                                 '30' => '300',
                                 '100' => '500756',
                                 '90' => '900',
                                 '50' => '500',
                                 '20' => '199',
                                 '98' => '979',
                                 '40' => '400',
                                 '95' => '949'
                               },
                     'avg' => '510.138600325705',
                     'cnt' => 700020,
                     'skew' => '207.133835929364'
                   },
            'a' => {
                     'stddev' => '288.470439444262',
                     'sum' => 499734207,
                     'kind' => 'symmetric',
                     'skew' => '-0.000721392533955871',
                     'cnt' => 1000000,
                     'perc' => {
                                 '99' => '989',
                                 '80' => '800',
                                 '60' => '599',
                                 '90' => '899',
                                 '100' => '999',
                                 '30' => '300',
                                 '70' => '700',
                                 '50' => '500',
                                 '98' => '980',
                                 '20' => '200',
                                 '95' => '949',
                                 '40' => '400'
                               },
                     'avg' => '499.734207'
                   },
            'c' => {
                     'kind' => 'symmetric',
                     'sum' => 4984408,
                     'stddev' => '289.908865154828',
                     'perc' => {
                                 '80' => '797',
                                 '99' => '989',
                                 '30' => '302',
                                 '70' => '699',
                                 '90' => '900',
                                 '100' => '999',
                                 '60' => '602',
                                 '20' => '195',
                                 '98' => '979',
                                 '50' => '501',
                                 '40' => '397',
                                 '95' => '949'
                               },
                     'avg' => '498.4408',
                     'cnt' => 10000,
                     'skew' => '-0.0109336940046678'
                   }
          }
        ];
