all_percs is not equal to percs_of_percs for percentile 50: $VAR1 = [
          'data',
          {
            'means_of_percs' => '672.666666666667',
            'all_percs' => 990,
            'percs_of_percs' => 999
          },
          'table',
          {
            '50' => $VAR1->[1],
            '98' => {
                      'percs_of_percs' => '500959',
                      'all_percs' => '500959',
                      'means_of_percs' => '167623.833333333'
                    },
            '99' => {
                      'percs_of_percs' => '500979',
                      'means_of_percs' => '167633.5',
                      'all_percs' => '500979'
                    },
            '30' => {
                      'percs_of_percs' => '598',
                      'all_percs' => '593',
                      'means_of_percs' => '453'
                    },
            '70' => {
                      'percs_of_percs' => '500399',
                      'all_percs' => '500393',
                      'means_of_percs' => '167241'
                    },
            '90' => {
                      'percs_of_percs' => '500799',
                      'all_percs' => '500796',
                      'means_of_percs' => '167542.666666667'
                    },
            '20' => {
                      'percs_of_percs' => '397',
                      'all_percs' => '394',
                      'means_of_percs' => '296.333333333333'
                    },
            '80' => {
                      'percs_of_percs' => '500599',
                      'all_percs' => '500595',
                      'means_of_percs' => '167349'
                    },
            '60' => {
                      'means_of_percs' => '167119',
                      'all_percs' => '500191',
                      'percs_of_percs' => '500199'
                    },
            '40' => {
                      'percs_of_percs' => '799',
                      'means_of_percs' => '563.666666666667',
                      'all_percs' => '791'
                    },
            '95' => {
                      'all_percs' => '500898',
                      'means_of_percs' => '167593.5',
                      'percs_of_percs' => '500899'
                    },
            '100' => {
                       'percs_of_percs' => '500999',
                       'means_of_percs' => '167644.666666667',
                       'all_percs' => '500999'
                     }
          },
          'slices',
          {
            'a' => {
                     'cnt' => 1000000,
                     'avg' => '250498.623689',
                     'perc' => {
                                 '80' => '500599',
                                 '20' => '397',
                                 '99' => '500979',
                                 '90' => '500799',
                                 '30' => '598',
                                 '70' => '500399',
                                 '98' => '500959',
                                 '50' => '999',
                                 '100' => '500999',
                                 '40' => '799',
                                 '95' => '500899',
                                 '60' => '500199'
                               },
                     'stddev' => '250000.424117008',
                     'skew' => '-3.99689775263679e-09',
                     'sum' => '250498623689',
                     'kind' => 'symmetric'
                   },
            'c' => {
                     'kind' => 'symmetric',
                     'stddev' => '289.749979486988',
                     'skew' => '-0.018577680989185',
                     'sum' => 5032027,
                     'cnt' => 10000,
                     'avg' => '503.2027',
                     'perc' => {
                                 '60' => '607',
                                 '100' => '999',
                                 '95' => '949',
                                 '40' => '400',
                                 '90' => '900',
                                 '99' => '989',
                                 '70' => '705',
                                 '30' => '303',
                                 '98' => '980',
                                 '50' => '507',
                                 '80' => '805',
                                 '20' => '202'
                               }
                   },
            'b' => {
                     'kind' => 'symmetric',
                     'sum' => 5466,
                     'stddev' => '255.14709482963',
                     'skew' => '-0.208762054058402',
                     'cnt' => 10,
                     'perc' => {
                                 '98' => '932.5',
                                 '50' => '512',
                                 '99' => '932.5',
                                 '70' => '619',
                                 '90' => '929',
                                 '30' => '458',
                                 '20' => '290',
                                 '80' => '643',
                                 '60' => '551',
                                 '40' => '492',
                                 '95' => '932.5',
                                 '100' => '936'
                               },
                     'avg' => '546.6'
                   }
          }
        ];
